Log file open, 12/16/16 12:16:06
LogInit:Display: Running engine for game: Alpha
LogPlatformFile: Not using cached read wrapper
LogInit:Display: RandInit(-1798444384) SRandInit(-1798444384).
LogTaskGraph: Started task graph with 5 named threads and 7 total threads with 1 sets of task threads.
LogStats: Stats thread started at 0.137380
LogPluginManager: Loaded Plugin Paper2D, From C:/Program Files/Epic Games/4.13/Engine/Plugins/2D/Paper2D/Paper2D.uplugin
LogPluginManager: Loaded Plugin LightPropagationVolume, From C:/Program Files/Epic Games/4.13/Engine/Plugins/Blendables/LightPropagationVolume/LightPropagationVolume.uplugin
LogPluginManager: Loaded Plugin BlankPlugin, From C:/Program Files/Epic Games/4.13/Engine/Plugins/Developer/BlankPlugin/BlankPlugin.uplugin
LogPluginManager: Loaded Plugin CodeLiteSourceCodeAccess, From C:/Program Files/Epic Games/4.13/Engine/Plugins/Developer/CodeLiteSourceCodeAccess/CodeLiteSourceCodeAccess.uplugin
LogPluginManager: Loaded Plugin GitSourceControl, From C:/Program Files/Epic Games/4.13/Engine/Plugins/Developer/GitSourceControl/GitSourceControl.uplugin
LogPluginManager: Loaded Plugin KDevelopSourceCodeAccess, From C:/Program Files/Epic Games/4.13/Engine/Plugins/Developer/KDevelopSourceCodeAccess/KDevelopSourceCodeAccess.uplugin
LogPluginManager: Loaded Plugin NullSourceCodeAccess, From C:/Program Files/Epic Games/4.13/Engine/Plugins/Developer/NullSourceCodeAccess/NullSourceCodeAccess.uplugin
LogPluginManager: Loaded Plugin OneSkyLocalizationService, From C:/Program Files/Epic Games/4.13/Engine/Plugins/Developer/OneSkyLocalizationService/OneSkyLocalizationService.uplugin
LogPluginManager: Loaded Plugin PerforceSourceControl, From C:/Program Files/Epic Games/4.13/Engine/Plugins/Developer/PerforceSourceControl/PerforceSourceControl.uplugin
LogPluginManager: Loaded Plugin SubversionSourceControl, From C:/Program Files/Epic Games/4.13/Engine/Plugins/Developer/SubversionSourceControl/SubversionSourceControl.uplugin
LogPluginManager: Loaded Plugin UObjectPlugin, From C:/Program Files/Epic Games/4.13/Engine/Plugins/Developer/UObjectPlugin/UObjectPlugin.uplugin
LogPluginManager: Loaded Plugin VisualStudioSourceCodeAccess, From C:/Program Files/Epic Games/4.13/Engine/Plugins/Developer/VisualStudioSourceCodeAccess/VisualStudioSourceCodeAccess.uplugin
LogPluginManager: Loaded Plugin XCodeSourceCodeAccess, From C:/Program Files/Epic Games/4.13/Engine/Plugins/Developer/XCodeSourceCodeAccess/XCodeSourceCodeAccess.uplugin
LogPluginManager: Loaded Plugin EpicSurvey, From C:/Program Files/Epic Games/4.13/Engine/Plugins/Editor/EpicSurvey/EpicSurvey.uplugin
LogPluginManager: Loaded Plugin MacGraphicsSwitching, From C:/Program Files/Epic Games/4.13/Engine/Plugins/Editor/MacGraphicsSwitching/MacGraphicsSwitching.uplugin
LogPluginManager: Loaded Plugin MobileLauncherProfileWizard, From C:/Program Files/Epic Games/4.13/Engine/Plugins/Editor/MobileLauncherProfileWizard/MobileLauncherProfileWizard.uplugin
LogPluginManager: Loaded Plugin PluginBrowser, From C:/Program Files/Epic Games/4.13/Engine/Plugins/Editor/PluginBrowser/PluginBrowser.uplugin
LogPluginManager: Loaded Plugin SpeedTreeImporter, From C:/Program Files/Epic Games/4.13/Engine/Plugins/Editor/SpeedTreeImporter/SpeedTreeImporter.uplugin
LogPluginManager: Loaded Plugin SuperSearchEditor, From C:/Program Files/Epic Games/4.13/Engine/Plugins/Editor/SuperSearchEditor/SuperSearchEditor.uplugin
LogPluginManager: Loaded Plugin AlembicImporter, From C:/Program Files/Epic Games/4.13/Engine/Plugins/Experimental/AlembicImporter/AlembicImporter.uplugin
LogPluginManager: Loaded Plugin BlueprintStats, From C:/Program Files/Epic Games/4.13/Engine/Plugins/Experimental/BlueprintStats/BlueprintStats.uplugin
LogPluginManager: Loaded Plugin CharacterAI, From C:/Program Files/Epic Games/4.13/Engine/Plugins/Experimental/CharacterAI/CharacterAI.uplugin
LogPluginManager: Loaded Plugin CodeEditor, From C:/Program Files/Epic Games/4.13/Engine/Plugins/Experimental/CodeEditor/CodeEditor.uplugin
LogPluginManager: Loaded Plugin CodeView, From C:/Program Files/Epic Games/4.13/Engine/Plugins/Experimental/CodeView/CodeView.uplugin
LogPluginManager: Loaded Plugin HTML5Networking, From C:/Program Files/Epic Games/4.13/Engine/Plugins/Experimental/HTML5Networking/HTML5Networking.uplugin
LogPluginManager: Loaded Plugin LiveEditor, From C:/Program Files/Epic Games/4.13/Engine/Plugins/Experimental/LiveEditor/LiveEditor.uplugin
LogPluginManager: Loaded Plugin OSVR, From C:/Program Files/Epic Games/4.13/Engine/Plugins/Experimental/OSVR/OSVR.uplugin
LogPluginManager: Loaded Plugin Phya, From C:/Program Files/Epic Games/4.13/Engine/Plugins/Experimental/Phya/Phya.uplugin
LogPluginManager: Loaded Plugin SignificanceManager, From C:/Program Files/Epic Games/4.13/Engine/Plugins/Experimental/SignificanceManager/SignificanceManager.uplugin
LogPluginManager: Loaded Plugin SimpleHMD, From C:/Program Files/Epic Games/4.13/Engine/Plugins/Experimental/SimpleHMD/SimpleHMD.uplugin
LogPluginManager: Loaded Plugin StereoPanorama, From C:/Program Files/Epic Games/4.13/Engine/Plugins/Experimental/StereoPanorama/StereoPanorama.uplugin
LogPluginManager: Loaded Plugin StructBox, From C:/Program Files/Epic Games/4.13/Engine/Plugins/Experimental/StructBox/StructBox.uplugin
LogPluginManager: Loaded Plugin AndroidMedia, From C:/Program Files/Epic Games/4.13/Engine/Plugins/Media/AndroidMedia/AndroidMedia.uplugin
LogPluginManager: Loaded Plugin AvfMedia, From C:/Program Files/Epic Games/4.13/Engine/Plugins/Media/AvfMedia/AvfMedia.uplugin
LogPluginManager: Loaded Plugin MediaPlayerEditor, From C:/Program Files/Epic Games/4.13/Engine/Plugins/Media/MediaPlayerEditor/MediaPlayerEditor.uplugin
LogPluginManager: Loaded Plugin WmfMedia, From C:/Program Files/Epic Games/4.13/Engine/Plugins/Media/WmfMedia/WmfMedia.uplugin
LogPluginManager: Loaded Plugin MessagingDebugger, From C:/Program Files/Epic Games/4.13/Engine/Plugins/Messaging/MessagingDebugger/MessagingDebugger.uplugin
LogPluginManager: Loaded Plugin TcpMessaging, From C:/Program Files/Epic Games/4.13/Engine/Plugins/Messaging/TcpMessaging/TcpMessaging.uplugin
LogPluginManager: Loaded Plugin UdpMessaging, From C:/Program Files/Epic Games/4.13/Engine/Plugins/Messaging/UdpMessaging/UdpMessaging.uplugin
LogPluginManager: Loaded Plugin LevelSequenceEditor, From C:/Program Files/Epic Games/4.13/Engine/Plugins/MovieScene/LevelSequenceEditor/LevelSequenceEditor.uplugin
LogPluginManager: Loaded Plugin MatineeToLevelSequence, From C:/Program Files/Epic Games/4.13/Engine/Plugins/MovieScene/MatineeToLevelSequence/MatineeToLevelSequence.uplugin
LogPluginManager: Loaded Plugin NetcodeUnitTest, From C:/Program Files/Epic Games/4.13/Engine/Plugins/NetcodeUnitTest/NetcodeUnitTest/NetcodeUnitTest.uplugin
LogPluginManager: Loaded Plugin NUTUnrealEngine4, From C:/Program Files/Epic Games/4.13/Engine/Plugins/NetcodeUnitTest/NUTUnrealEngine4/NUTUnrealEngine4.uplugin
LogPluginManager: Loaded Plugin OnlineSubsystemGooglePlay, From C:/Program Files/Epic Games/4.13/Engine/Plugins/Online/Android/OnlineSubsystemGooglePlay/OnlineSubsystemGooglePlay.uplugin
LogPluginManager: Loaded Plugin OnlineSubsystemIOS, From C:/Program Files/Epic Games/4.13/Engine/Plugins/Online/IOS/OnlineSubsystemIOS/OnlineSubsystemIOS.uplugin
LogPluginManager: Loaded Plugin OnlineFramework, From C:/Program Files/Epic Games/4.13/Engine/Plugins/Online/OnlineFramework/OnlineFramework.uplugin
LogPluginManager: Loaded Plugin OnlineSubsystem, From C:/Program Files/Epic Games/4.13/Engine/Plugins/Online/OnlineSubsystem/OnlineSubsystem.uplugin
LogPluginManager: Loaded Plugin OnlineSubsystemAmazon, From C:/Program Files/Epic Games/4.13/Engine/Plugins/Online/OnlineSubsystemAmazon/OnlineSubsystemAmazon.uplugin
LogPluginManager: Loaded Plugin OnlineSubsystemFacebook, From C:/Program Files/Epic Games/4.13/Engine/Plugins/Online/OnlineSubsystemFacebook/OnlineSubsystemFacebook.uplugin
LogPluginManager: Loaded Plugin OnlineSubsystemNull, From C:/Program Files/Epic Games/4.13/Engine/Plugins/Online/OnlineSubsystemNull/OnlineSubsystemNull.uplugin
LogPluginManager: Loaded Plugin OnlineSubsystemOculus, From C:/Program Files/Epic Games/4.13/Engine/Plugins/Online/OnlineSubsystemOculus/OnlineSubsystemOculus.uplugin
LogPluginManager: Loaded Plugin OnlineSubsystemSteam, From C:/Program Files/Epic Games/4.13/Engine/Plugins/Online/OnlineSubsystemSteam/OnlineSubsystemSteam.uplugin
LogPluginManager: Loaded Plugin OnlineSubsystemUtils, From C:/Program Files/Epic Games/4.13/Engine/Plugins/Online/OnlineSubsystemUtils/OnlineSubsystemUtils.uplugin
LogPluginManager: Loaded Plugin IOSTapJoy, From C:/Program Files/Epic Games/4.13/Engine/Plugins/Runtime/Advertising/IOSTapJoy/IOSTapJoy.uplugin
LogPluginManager: Loaded Plugin AnalyticsBlueprintLibrary, From C:/Program Files/Epic Games/4.13/Engine/Plugins/Runtime/Analytics/AnalyticsBlueprintLibrary/AnalyticsBlueprintLibrary.uplugin
LogPluginManager: Loaded Plugin AnalyticsMulticast, From C:/Program Files/Epic Games/4.13/Engine/Plugins/Runtime/Analytics/AnalyticsMulticast/AnalyticsMulticast.uplugin
LogPluginManager: Loaded Plugin Apsalar, From C:/Program Files/Epic Games/4.13/Engine/Plugins/Runtime/Analytics/Apsalar/Apsalar.uplugin
LogPluginManager: Loaded Plugin FileLogging, From C:/Program Files/Epic Games/4.13/Engine/Plugins/Runtime/Analytics/FileLogging/FileLogging.uplugin
LogPluginManager: Loaded Plugin Flurry, From C:/Program Files/Epic Games/4.13/Engine/Plugins/Runtime/Analytics/Flurry/Flurry.uplugin
LogPluginManager: Loaded Plugin AndroidDeviceProfileSelector, From C:/Program Files/Epic Games/4.13/Engine/Plugins/Runtime/AndroidDeviceProfileSelector/AndroidDeviceProfileSelector.uplugin
LogPluginManager: Loaded Plugin AndroidMoviePlayer, From C:/Program Files/Epic Games/4.13/Engine/Plugins/Runtime/AndroidMoviePlayer/AndroidMoviePlayer.uplugin
LogPluginManager: Loaded Plugin AppleMoviePlayer, From C:/Program Files/Epic Games/4.13/Engine/Plugins/Runtime/AppleMoviePlayer/AppleMoviePlayer.uplugin
LogPluginManager: Loaded Plugin ArchVisCharacter, From C:/Program Files/Epic Games/4.13/Engine/Plugins/Runtime/ArchVisCharacter/ArchVisCharacter.uplugin
LogPluginManager: Loaded Plugin CableComponent, From C:/Program Files/Epic Games/4.13/Engine/Plugins/Runtime/CableComponent/CableComponent.uplugin
LogPluginManager: Loaded Plugin CustomMeshComponent, From C:/Program Files/Epic Games/4.13/Engine/Plugins/Runtime/CustomMeshComponent/CustomMeshComponent.uplugin
LogPluginManager: Loaded Plugin ExampleDeviceProfileSelector, From C:/Program Files/Epic Games/4.13/Engine/Plugins/Runtime/ExampleDeviceProfileSelector/ExampleDeviceProfileSelector.uplugin
LogPluginManager: Loaded Plugin GearVR, From C:/Program Files/Epic Games/4.13/Engine/Plugins/Runtime/GearVR/GearVR.uplugin
LogPluginManager: Loaded Plugin GoogleVRController, From C:/Program Files/Epic Games/4.13/Engine/Plugins/Runtime/GoogleVR/GoogleVRController/GoogleVRController.uplugin
LogPluginManager: Loaded Plugin GoogleVRHMD, From C:/Program Files/Epic Games/4.13/Engine/Plugins/Runtime/GoogleVR/GoogleVRHMD/GoogleVRHMD.uplugin
LogPluginManager: Loaded Plugin IOSDeviceProfileSelector, From C:/Program Files/Epic Games/4.13/Engine/Plugins/Runtime/IOSDeviceProfileSelector/IOSDeviceProfileSelector.uplugin
LogPluginManager: Loaded Plugin LeapMotion, From C:/Program Files/Epic Games/4.13/Engine/Plugins/Runtime/LeapMotion/LeapMotion.uplugin
LogPluginManager: Loaded Plugin LinuxDeviceProfileSelector, From C:/Program Files/Epic Games/4.13/Engine/Plugins/Runtime/LinuxDeviceProfileSelector/LinuxDeviceProfileSelector.uplugin
LogPluginManager: Loaded Plugin LiveEditorListenServer, From C:/Program Files/Epic Games/4.13/Engine/Plugins/Runtime/LiveEditorListenServer/LiveEditorListenServer.uplugin
LogPluginManager: Loaded Plugin OculusAudio, From C:/Program Files/Epic Games/4.13/Engine/Plugins/Runtime/OculusAudio/OculusAudio.uplugin
LogPluginManager: Loaded Plugin OculusInput, From C:/Program Files/Epic Games/4.13/Engine/Plugins/Runtime/OculusInput/OculusInput.uplugin
LogPluginManager: Loaded Plugin OculusLibrary, From C:/Program Files/Epic Games/4.13/Engine/Plugins/Runtime/OculusLibrary/OculusLibrary.uplugin
LogPluginManager: Loaded Plugin OculusRift, From C:/Program Files/Epic Games/4.13/Engine/Plugins/Runtime/OculusRift/OculusRift.uplugin
LogPluginManager: Loaded Plugin Oodle, From C:/Program Files/Epic Games/4.13/Engine/Plugins/Runtime/PacketHandlers/CompressionComponents/Oodle/Oodle.uplugin
LogPluginManager: Loaded Plugin ProceduralMeshComponent, From C:/Program Files/Epic Games/4.13/Engine/Plugins/Runtime/ProceduralMeshComponent/ProceduralMeshComponent.uplugin
LogPluginManager: Loaded Plugin SoundMod, From C:/Program Files/Epic Games/4.13/Engine/Plugins/Runtime/SoundMod/SoundMod.uplugin
LogPluginManager: Loaded Plugin SoundVisualizations, From C:/Program Files/Epic Games/4.13/Engine/Plugins/Runtime/SoundVisualizations/SoundVisualizations.uplugin
LogPluginManager: Loaded Plugin SteamController, From C:/Program Files/Epic Games/4.13/Engine/Plugins/Runtime/Steam/SteamController/SteamController.uplugin
LogPluginManager: Loaded Plugin SteamVR, From C:/Program Files/Epic Games/4.13/Engine/Plugins/Runtime/Steam/SteamVR/SteamVR.uplugin
LogPluginManager: Loaded Plugin WebBrowserWidget, From C:/Program Files/Epic Games/4.13/Engine/Plugins/Runtime/WebBrowserWidget/WebBrowserWidget.uplugin
LogPluginManager: Loaded Plugin WindowsDeviceProfileSelector, From C:/Program Files/Epic Games/4.13/Engine/Plugins/Runtime/WindowsDeviceProfileSelector/WindowsDeviceProfileSelector.uplugin
LogPluginManager: Loaded Plugin WindowsMoviePlayer, From C:/Program Files/Epic Games/4.13/Engine/Plugins/Runtime/WindowsMoviePlayer/WindowsMoviePlayer.uplugin
LogPluginManager: Loaded Plugin ScriptPlugin, From C:/Program Files/Epic Games/4.13/Engine/Plugins/ScriptPlugin/ScriptPlugin.uplugin
LogPluginManager: Loaded Plugin SlateRemote, From C:/Program Files/Epic Games/4.13/Engine/Plugins/Slate/SlateRemote/SlateRemote.uplugin
LogInit: Using libcurl 7.47.1
LogInit:  - built for x86_64-pc-win32
LogInit:  - supports SSL with WinSSL
LogInit:  - other features:
LogInit:      CURL_VERSION_SSL
LogInit:      CURL_VERSION_IPV6
LogInit:      CURL_VERSION_ASYNCHDNS
LogInit:      CURL_VERSION_LARGEFILE
LogInit:      CURL_VERSION_IDN
LogInit:  CurlRequestOptions (configurable via config and command line):
LogInit:  - bVerifyPeer = false  - Libcurl will NOT verify peer certificate
LogInit:  - bUseHttpProxy = false  - Libcurl will NOT use HTTP proxy
LogInit:  - bDontReuseConnections = false  - Libcurl will reuse connections
LogInit:  - CertBundlePath = nullptr  - Libcurl will use whatever was configured at build time.
LogInit: Build: ++UE4+Release-4.13-CL-3172292
LogInit: Engine Version: 4.13.2-3172292+++UE4+Release-4.13
LogInit: Compatible Engine Version: 4.13.0-3106830+++UE4+Release-4.13
LogInit: Net CL: 3172292
LogDevObjectVersion: Number of dev versions registered: 13
LogDevObjectVersion:   Dev-Blueprints (B0D832E4-1F89-4F0D-ACCF-7EB736FD4AA2): 5
LogDevObjectVersion:   Dev-Build (E1C64328-A22C-4D53-A36C-8E866417BD8C): 0
LogDevObjectVersion:   Dev-Core (375EC13C-06E4-48FB-B500-84F0262A717E): 1
LogDevObjectVersion:   Dev-Editor (E4B068ED-F494-42E9-A231-DA0B2E46BB41): 6
LogDevObjectVersion:   Dev-Framework (CFFC743F-43B0-4480-9391-14DF171D2073): 12
LogDevObjectVersion:   Dev-Mobile (B02B49B5-BB20-44E9-A304-32B752E40360): 0
LogDevObjectVersion:   Dev-Networking (A4E4105C-59A1-49B5-A7C5-40C4547EDFEE): 0
LogDevObjectVersion:   Dev-Online (39C831C9-5AE6-47DC-9A44-9C173E1C8E7C): 0
LogDevObjectVersion:   Dev-Physics (78F01B33-EBEA-4F98-B9B4-84EACCB95AA2): 0
LogDevObjectVersion:   Dev-Platform (6631380F-2D4D-43E0-8009-CF276956A95A): 0
LogDevObjectVersion:   Dev-Rendering (12F88B9F-8875-4AFC-A67C-D90C383ABD29): 4
LogDevObjectVersion:   Dev-Sequencer (7B5AE74C-D270-4C10-A958-57980B212A5A): 0
LogDevObjectVersion:   Dev-VR (D7296918-1DD6-4BDD-9DE2-64A83CC13884): 0
LogInit: Compiled (64-bit): Oct 24 2016 14:29:06
LogInit: Compiled with Visual C++: 19.00.23026.00
LogInit: Build Configuration: Development
LogInit: Branch Name: ++UE4+Release-4.13
LogInit: Command line:  
LogInit: Base directory: C:/Program Files/Epic Games/4.13/Engine/Binaries/Win64/
LogInit: Installed Engine Build: 1
LogInit: Presizing for max 8388607 objects, including 0 objects not considered by GC, pre-allocating 0 bytes for permanent pool.
LogInit: Object subsystem initialized
[2016.12.16-17.16.07:166][  0]LogInit: Selected Device Profile: [Windows]
[2016.12.16-17.16.07:166][  0]LogInit: Applying CVar settings loaded from the selected device profile: [Windows]
[2016.12.16-17.16.07:199][  0]LogInit: Computer: MAEBEKNOT-PC
[2016.12.16-17.16.07:199][  0]LogInit: User: MaebeKnot
[2016.12.16-17.16.07:199][  0]LogInit: CPU Page size=65536, Cores=3
[2016.12.16-17.16.07:199][  0]LogInit: High frequency timer resolution =3.429449 MHz
[2016.12.16-17.16.07:200][  0]LogMemory: Memory total: Physical=15.9GB (16GB approx)
[2016.12.16-17.16.07:200][  0]LogMemory: Platform Memory Stats for Windows
[2016.12.16-17.16.07:200][  0]LogMemory: Process Physical Memory: 256.56 MB used, 256.56 MB peak
[2016.12.16-17.16.07:200][  0]LogMemory: Process Virtual Memory: 259.88 MB used, 259.88 MB peak
[2016.12.16-17.16.07:200][  0]LogMemory: Physical Memory: 5219.73 MB used, 16285.13 MB total
[2016.12.16-17.16.07:200][  0]LogMemory: Virtual Memory: 622.46 MB used, 134217728.00 MB total
[2016.12.16-17.16.07:892][  0]LogTextLocalizationManager: No specific translations for ('en-US') exist, so ('en') translations will be used.
[2016.12.16-17.16.11:585][  0]LogD3D11RHI: D3D11 adapters:
[2016.12.16-17.16.11:636][  0]LogD3D11RHI:    0. 'NVIDIA GeForce GTX 760' (Feature Level 11_0)
[2016.12.16-17.16.11:636][  0]LogD3D11RHI:       2017/0/8142 MB DedicatedVideo/DedicatedSystem/SharedSystem, Outputs:2, VendorId:0x10de
[2016.12.16-17.16.11:639][  0]LogD3D11RHI:    1. 'Microsoft Basic Render Driver' (Feature Level 11_0)
[2016.12.16-17.16.11:639][  0]LogD3D11RHI:       0/0/8142 MB DedicatedVideo/DedicatedSystem/SharedSystem, Outputs:0, VendorId:0x1414
[2016.12.16-17.16.11:639][  0]LogD3D11RHI: Chosen D3D11 Adapter: 0
[2016.12.16-17.16.11:647][  0]LogD3D11RHI: Creating new Direct3DDevice
[2016.12.16-17.16.11:647][  0]LogD3D11RHI:     GPU DeviceId: 0x1187 (for the marketing name, search the web for "GPU Device Id")
[2016.12.16-17.16.11:647][  0]LogWindows: EnumDisplayDevices:
[2016.12.16-17.16.11:647][  0]LogWindows:    0. 'NVIDIA GeForce GTX 760' (P:0 D:1)
[2016.12.16-17.16.11:647][  0]LogWindows:    1. 'NVIDIA GeForce GTX 760' (P:1 D:1)
[2016.12.16-17.16.11:648][  0]LogWindows:    2. 'NVIDIA GeForce GTX 760' (P:0 D:0)
[2016.12.16-17.16.11:648][  0]LogWindows:    3. 'NVIDIA GeForce GTX 760' (P:0 D:0)
[2016.12.16-17.16.11:648][  0]LogWindows: DebugString: FoundDriverCount:4 
[2016.12.16-17.16.11:648][  0]LogD3D11RHI:     Adapter Name: NVIDIA GeForce GTX 760
[2016.12.16-17.16.11:648][  0]LogD3D11RHI:   Driver Version: 372.70 (internal:21.21.13.7270, unified:372.70)
[2016.12.16-17.16.11:648][  0]LogD3D11RHI:      Driver Date: 8-25-2016
[2016.12.16-17.16.11:648][  0]LogRHI: Texture pool is 1361 MB (70% of 1945 MB)
[2016.12.16-17.16.11:688][  0]LogD3D11RHI: Async texture creation enabled
[2016.12.16-17.16.11:703][  0]LogD3D11RHI: GPU Timing Frequency: 1000.000000 (Debug: 2 1)
[2016.12.16-17.16.11:704][  0]LogShaderCompilers: Guid format shader working directory is 28 characters bigger than the processId version (E:/Github/Alpha_Build/Intermediate/Shaders/WorkingDirectory/5016/).
[2016.12.16-17.16.11:704][  0]LogShaderCompilers: Cleaned the shader compiler working directory 'C:/Users/MAEBEK~1/AppData/Local/Temp/UnrealShaderWorkingDir/A92A4647484E712798AA3AA7B0E8AB57/'.
[2016.12.16-17.16.11:704][  0]LogShaderCompilers:Display: Using Local Shader Compiler.
[2016.12.16-17.16.17:536][  0]LogTemp:Display: Loaded TP AllDesktopTargetPlatform
[2016.12.16-17.16.17:558][  0]LogTemp:Display: Loaded TP WindowsClientTargetPlatform
[2016.12.16-17.16.17:579][  0]LogTemp:Display: Loaded TP WindowsNoEditorTargetPlatform
[2016.12.16-17.16.17:605][  0]LogTemp:Display: Loaded TP WindowsServerTargetPlatform
[2016.12.16-17.16.17:637][  0]LogTemp:Display: Loaded TP WindowsTargetPlatform
[2016.12.16-17.16.17:674][  0]LogTemp:Display: Loaded TP AndroidTargetPlatform
[2016.12.16-17.16.17:716][  0]LogTemp:Display: Loaded TP Android_ASTCTargetPlatform
[2016.12.16-17.16.17:746][  0]LogTemp:Display: Loaded TP Android_ATCTargetPlatform
[2016.12.16-17.16.17:794][  0]LogTemp:Display: Loaded TP Android_DXTTargetPlatform
[2016.12.16-17.16.17:815][  0]LogTemp:Display: Loaded TP Android_ETC1TargetPlatform
[2016.12.16-17.16.17:852][  0]LogTemp:Display: Loaded TP Android_ETC2TargetPlatform
[2016.12.16-17.16.17:933][  0]LogTemp:Display: Loaded TP Android_MultiTargetPlatform
[2016.12.16-17.16.17:933][  0]LogTemp:Display: Loaded TP Android_PVRTCTargetPlatform
[2016.12.16-17.16.17:987][  0]LogTemp:Display: Loaded TP HTML5TargetPlatform
[2016.12.16-17.16.18:109][  0]LogTemp:Display: Loaded TP IOSTargetPlatform
[2016.12.16-17.16.18:140][  0]LogTemp:Display: Loaded TP TVOSTargetPlatform
[2016.12.16-17.16.18:194][  0]LogTemp:Display: Loaded TP LinuxClientTargetPlatform
[2016.12.16-17.16.18:244][  0]LogTemp:Display: Loaded TP LinuxNoEditorTargetPlatform
[2016.12.16-17.16.18:262][  0]LogTemp:Display: Loaded TP LinuxServerTargetPlatform
[2016.12.16-17.16.18:295][  0]LogTemp:Display: Loaded TP LinuxTargetPlatform
[2016.12.16-17.16.18:295][  0]LogTargetPlatformManager:Display: Building Assets For Windows
[2016.12.16-17.16.19:298][  0]LogDerivedDataCache:Display: Max Cache Size: 512 MB
[2016.12.16-17.16.19:922][  0]LogDerivedDataCache: Loaded boot cache 0.62s 64MB C:/Users/MaebeKnot/AppData/Local/UnrealEngine/4.13/DerivedDataCache/Boot.ddc.
[2016.12.16-17.16.19:922][  0]LogDerivedDataCache:Display: Loaded Boot cache: C:/Users/MaebeKnot/AppData/Local/UnrealEngine/4.13/DerivedDataCache/Boot.ddc
[2016.12.16-17.16.19:922][  0]LogDerivedDataCache: FDerivedDataBackendGraph:  Pak pak cache file E:/Github/Alpha_Build/DerivedDataCache/DDC.ddp not found, will not use a pak cache.
[2016.12.16-17.16.19:922][  0]LogDerivedDataCache: Unable to find inner node Pak for hierarchical cache Hierarchy.
[2016.12.16-17.16.19:922][  0]LogDerivedDataCache: FDerivedDataBackendGraph:  CompressedPak pak cache file E:/Github/Alpha_Build/DerivedDataCache/Compressed.ddp not found, will not use a pak cache.
[2016.12.16-17.16.19:922][  0]LogDerivedDataCache: Unable to find inner node CompressedPak for hierarchical cache Hierarchy.
[2016.12.16-17.16.19:972][  0]LogDerivedDataCache:Display: Pak cache opened for reading ../../../Engine/DerivedDataCache/Compressed.ddp.
[2016.12.16-17.16.20:013][  0]LogDerivedDataCache: Using Local data cache path C:/Users/MaebeKnot/AppData/Local/UnrealEngine/Common/DerivedDataCache: Writable
[2016.12.16-17.16.23:003][  0]LogInit: Selected Device Profile: [Windows]
[2016.12.16-17.16.23:209][  0]LogContentStreaming: Texture pool size is 0.00 MB
[2016.12.16-17.16.23:398][  0]LogMeshUtilities: No automatic mesh reduction module available
[2016.12.16-17.16.23:398][  0]LogMeshUtilities: No automatic mesh merging module available
[2016.12.16-17.16.23:398][  0]LogMeshUtilities: No distributed automatic mesh merging module available
[2016.12.16-17.16.23:929][  0]LogMaterial: Uniform references updated for custom material expression Custom.
[2016.12.16-17.16.26:903][  0]LogNetVersion: GetLocalNetworkVersion: CL: 3106830, ProjectName: alpha, ProjectVersion: , EngineNetworkVersion: 1, GameNetworkVersion: 0, NetworkChecksum: 461884535
[2016.12.16-17.16.27:083][  0]LogAssetRegistry: FAssetRegistry took 0.0219 seconds to start up
[2016.12.16-17.16.27:140][  0]LogPackageLocalizationCache: Processed 3 localized package path(s) for 2 prioritized culture(s) in 0.052936 seconds
[2016.12.16-17.16.27:146][  0]LogUObjectArray: 29778 objects as part of root set at end of initial load.
[2016.12.16-17.16.27:146][  0]LogUObjectAllocator: 6125456 out of 0 bytes used by permanent object pool.
[2016.12.16-17.16.27:146][  0]LogUObjectArray: CloseDisregardForGC: 0/0 objects in disregard for GC pool
[2016.12.16-17.16.27:179][  0]LogInit: WinSock: version 1.1 (2.2), MaxSocks=32767, MaxUdp=65467
[2016.12.16-17.16.32:689][  0]LogSlate: SlateFontCache - WITH_FREETYPE: 1, WITH_HARFBUZZ: 1
[2016.12.16-17.16.32:689][  0]LogSlate: SlateFontCache - WITH_FREETYPE: 1, WITH_HARFBUZZ: 1
[2016.12.16-17.16.48:899][  0]LogTcpMessaging: Initializing TcpMessaging bridge
[2016.12.16-17.16.48:962][  0]LogUdpMessaging: Initializing bridge on interface 0.0.0.0:0 to multicast group 230.0.0.1:6666.
[2016.12.16-17.16.51:224][  0]SourceControl: Info Source control is disabled
[2016.12.16-17.16.51:226][  0]SourceControl: Info Source control is disabled
[2016.12.16-17.16.51:361][  0]SourceControl: Info Source control is disabled
[2016.12.16-17.16.51:466][  0]SourceControl: Info Source control is disabled
[2016.12.16-17.16.54:205][  0]LogEngine: Initializing Engine...
[2016.12.16-17.16.54:431][  0]LogHMD: Failed to initialize OpenVR with code 108
[2016.12.16-17.16.55:158][  0]LogAIModule: Creating AISystem for world Untitled
[2016.12.16-17.16.55:206][  0]LogInit: XAudio2 using 'Speakers (Realtek High Definition Audio)' : 2 channels at 48 kHz using 32 bits per sample (channel mask 0x3)
[2016.12.16-17.16.55:243][  0]LogInit: FAudioDevice initialized.
[2016.12.16-17.16.55:319][  0]LogDerivedDataCache: Saved boot cache 0.08s 64MB C:/Users/MaebeKnot/AppData/Local/UnrealEngine/4.13/DerivedDataCache/Boot.ddc.
[2016.12.16-17.16.55:339][  0]LogInit: Texture streaming: Enabled
[2016.12.16-17.16.55:591][  0]LogWindowsTextInputMethodSystem:Display: IME system now deactivated.
[2016.12.16-17.16.57:116][  0]LogInit: Transaction tracking system initialized
[2016.12.16-17.16.58:687][  0]BlueprintLog: New page: Editor Load
[2016.12.16-17.17.02:249][  0]LocalizationService: Info Localization service is disabled
[2016.12.16-17.17.03:747][  0]LogConsoleResponse:Display: 
[2016.12.16-17.17.09:185][  0]LogCook:Display: Max memory allowance for cook 16384mb min free memory 0mb
[2016.12.16-17.17.09:185][  0]LogCook:Display: Mobile HDR setting 1
[2016.12.16-17.17.10:653][  0]LogFileCache: Scanning file cache for directory 'E:/Github/Alpha_Build/Content/' took 0.01s
[2016.12.16-17.17.15:487][  0]SourceControl: Info Source control is disabled
[2016.12.16-17.17.15:488][  0]Cmd: MAP LOAD FILE="E:/Github/Alpha_Build/Content/TopDownCPP/Maps/TopDownExampleMap.umap" TEMPLATE=0 SHOWPROGRESS=1 FEATURELEVEL=3
[2016.12.16-17.17.15:489][  0]LightingResults: New page: Lighting Build
[2016.12.16-17.17.15:493][  0]MapCheck: New page: Map Check
[2016.12.16-17.17.15:494][  0]LightingResults: New page: Lighting Build
[2016.12.16-17.17.16:095][  0]LogLinker:Warning: CreateExport: Failed to load Parent for BlueprintGeneratedClass /Game/MyBasic_Tower.MyBasic_Tower_C
[2016.12.16-17.17.16:095][  0]LogLinker:Warning: CreateExport: Failed to load Parent for BlueprintGeneratedClass /Game/MyBasic_Tower.MyBasic_Tower_C
[2016.12.16-17.17.16:096][  0]LogLinker:Warning: CreateExport: Failed to load Parent for BlueprintGeneratedClass /Game/MyBasic_Tower.MyBasic_Tower_C
[2016.12.16-17.17.16:096][  0]LogLinker:Warning: CreateExport: Failed to load Parent for BlueprintGeneratedClass /Game/MyBasic_Tower.MyBasic_Tower_C
[2016.12.16-17.17.16:096][  0]LogLinker:Warning: CreateExport: Failed to load Parent for BlueprintGeneratedClass /Game/MyBasic_Tower.MyBasic_Tower_C
[2016.12.16-17.17.16:096][  0]LogLinker:Warning: CreateExport: Failed to load Parent for BlueprintGeneratedClass /Game/MyBasic_Tower.MyBasic_Tower_C
[2016.12.16-17.17.16:096][  0]LogLinker:Warning: CreateExport: Failed to load Parent for BlueprintGeneratedClass /Game/MyBasic_Tower.MyBasic_Tower_C
[2016.12.16-17.17.16:096][  0]LogLinker:Warning: CreateExport: Failed to load Parent for BlueprintGeneratedClass /Game/MyBasic_Tower.MyBasic_Tower_C
[2016.12.16-17.17.16:096][  0]LogLinker:Warning: CreateExport: Failed to load Parent for BlueprintGeneratedClass /Game/MyBasic_Tower.MyBasic_Tower_C
[2016.12.16-17.17.16:097][  0]LogLinker:Warning: CreateExport: Failed to load Parent for BlueprintGeneratedClass /Game/MyBasic_Tower.MyBasic_Tower_C
[2016.12.16-17.17.16:097][  0]LogLinker:Warning: CreateExport: Failed to load Parent for BlueprintGeneratedClass /Game/MyBasic_Tower.MyBasic_Tower_C
[2016.12.16-17.17.16:105][  0]LogLinker:Warning: CreateExport: Failed to load Parent for BlueprintGeneratedClass /Game/MyBasic_Tower.MyBasic_Tower_C
[2016.12.16-17.17.16:111][  0]LogLinker:Warning: CreateExport: Failed to load Parent for BlueprintGeneratedClass /Game/MyBasic_Tower.MyBasic_Tower_C
[2016.12.16-17.17.16:111][  0]LogLinker:Warning: CreateExport: Failed to load Parent for BlueprintGeneratedClass /Game/MyBasic_Tower.MyBasic_Tower_C
[2016.12.16-17.17.16:117][  0]LogLinker:Warning: CreateExport: Failed to load Parent for BlueprintGeneratedClass /Game/MyBasic_Tower.MyBasic_Tower_C
[2016.12.16-17.17.16:127][  0]LogLinker:Warning: CreateExport: Failed to load Parent for BlueprintGeneratedClass /Game/MyBasic_Tower.MyBasic_Tower_C
[2016.12.16-17.17.16:128][  0]LogLinker:Warning: CreateExport: Failed to load Parent for BlueprintGeneratedClass /Game/MyBasic_Tower.MyBasic_Tower_C
[2016.12.16-17.17.18:140][  0]LogAIModule: Creating AISystem for world TopDownExampleMap
[2016.12.16-17.17.18:380][  0]LogEditorServer: Finished looking for orphan Actors (0.000 secs)
[2016.12.16-17.17.18:382][  0]Cmd: MAP CHECKDEP NOCLEARLOG
[2016.12.16-17.17.18:592][  0]MapCheck: Info Map check complete: 0 Error(s), 0 Warning(s), took 210.499ms to complete.
[2016.12.16-17.17.18:593][  0]LogFileHelpers: Loading map 'TopDownExampleMap' took 3.105
[2016.12.16-17.17.19:086][  0]LogCollectionManager: Loaded 0 collections in 0.002823 seconds
[2016.12.16-17.17.19:173][  0]LogFileCache: Scanning file cache for directory 'E:/Github/Alpha_Build/Saved/Collections/' took 0.01s
[2016.12.16-17.17.19:173][  0]LogFileCache: Scanning file cache for directory 'E:/Github/Alpha_Build/Content/Developers/MaebeKnot/Collections/' took 0.01s
[2016.12.16-17.17.19:173][  0]LogFileCache: Scanning file cache for directory 'E:/Github/Alpha_Build/Content/Collections/' took 0.01s
[2016.12.16-17.17.19:173][  0]LogCollectionManager: Rebuilt the GUID cache for 0 collections in 0.000012 seconds
[2016.12.16-17.17.19:193][  0]LogContentBrowser: Native class hierarchy populated in 0.0193 seconds. Added 2144 classes and 417 folders.
[2016.12.16-17.17.19:200][  0]LogStats: UGameplayTagsManager::ConstructGameplayTagTree: Construct from data asset -  0.000 s
[2016.12.16-17.17.19:200][  0]LogStats: UGameplayTagsManager::ConstructGameplayTagTree: GameplayTagTreeChangedEvent.Broadcast -  0.000 s
[2016.12.16-17.17.19:203][  0]LogContentBrowser: Native class hierarchy updated for 'GameplayTags' in 0.0031 seconds. Added 12 classes and 0 folders.
[2016.12.16-17.17.19:215][  0]LogContentBrowser: Native class hierarchy updated for 'WidgetCarousel' in 0.0027 seconds. Added 0 classes and 0 folders.
[2016.12.16-17.17.21:484][  0]LogContentBrowser: Native class hierarchy updated for 'AddContentDialog' in 0.0022 seconds. Added 0 classes and 0 folders.
[2016.12.16-17.17.21:629][  0]LogContentBrowser: Native class hierarchy updated for 'SceneOutliner' in 0.0029 seconds. Added 1 classes and 2 folders.
[2016.12.16-17.17.21:949][  0]LogContentBrowser: Native class hierarchy updated for 'WorldBrowser' in 0.0024 seconds. Added 1 classes and 3 folders.
[2016.12.16-17.17.22:003][  0]LogCrashTracker: Crashtracker disabled due to settings.
[2016.12.16-17.17.22:021][  0]LogUObjectGlobals:Warning: Failed to find object 'Class None.'
[2016.12.16-17.17.22:202][  0]LogContentBrowser: Native class hierarchy updated for 'HierarchicalLODOutliner' in 0.0033 seconds. Added 1 classes and 2 folders.
[2016.12.16-17.17.22:202][  0]LogLoad: (Engine Initialization) Total time: 78.31 seconds
[2016.12.16-17.17.22:202][  0]LogLoad: (Engine Initialization) Total Blueprint compile time: 0.20 seconds
[2016.12.16-17.17.22:202][  0]LogExternalProfiler: Found external profiler: VSPerf
[2016.12.16-17.17.22:202][  0]LogExternalProfiler: Using external profiler: VSPerf
[2016.12.16-17.17.22:212][  0]LogOcInput: OculusInput pre-init called
[2016.12.16-17.17.22:213][  0]LoadErrors:Warning: Warning CreateExport: Failed to load Outer for resource 'DefaultSceneRoot': BlueprintGeneratedClass /Game/MyBasic_Tower.MyBasic_Tower_C
[2016.12.16-17.17.22:213][  0]LoadErrors:Warning: Warning CreateExport: Failed to load Outer for resource 'ExecuteUbergraph_MyBasic_Tower': BlueprintGeneratedClass /Game/MyBasic_Tower.MyBasic_Tower_C
[2016.12.16-17.17.22:213][  0]LoadErrors:Warning: Warning CreateExport: Failed to load Outer for resource 'CallFunc_FinishSpawningActor_ReturnValue': Function /Game/MyBasic_Tower.MyBasic_Tower_C:ExecuteUbergraph_MyBasic_Tower
[2016.12.16-17.17.22:213][  0]LoadErrors:Warning: Warning CreateExport: Failed to load Outer for resource 'CallFunc_BeginDeferredActorSpawnFromClass_ReturnValue': Function /Game/MyBasic_Tower.MyBasic_Tower_C:ExecuteUbergraph_MyBasic_Tower
[2016.12.16-17.17.22:213][  0]LoadErrors:Warning: Warning CreateExport: Failed to load Outer for resource 'K2Node_Event_OtherActor': Function /Game/MyBasic_Tower.MyBasic_Tower_C:ExecuteUbergraph_MyBasic_Tower
[2016.12.16-17.17.22:213][  0]LoadErrors:Warning: Warning CreateExport: Failed to load Outer for resource 'CallFunc_GetTransform_ReturnValue': Function /Game/MyBasic_Tower.MyBasic_Tower_C:ExecuteUbergraph_MyBasic_Tower
[2016.12.16-17.17.22:213][  0]LoadErrors:Warning: Warning CreateExport: Failed to load Outer for resource 'K2Node_Event_DeltaSeconds': Function /Game/MyBasic_Tower.MyBasic_Tower_C:ExecuteUbergraph_MyBasic_Tower
[2016.12.16-17.17.22:213][  0]LoadErrors:Warning: Warning CreateExport: Failed to load Outer for resource 'EntryPoint': Function /Game/MyBasic_Tower.MyBasic_Tower_C:ExecuteUbergraph_MyBasic_Tower
[2016.12.16-17.17.22:213][  0]LoadErrors:Warning: Warning CreateExport: Failed to load Outer for resource 'ReceiveActorBeginOverlap': BlueprintGeneratedClass /Game/MyBasic_Tower.MyBasic_Tower_C
[2016.12.16-17.17.22:213][  0]LoadErrors:Warning: Warning CreateExport: Failed to load Outer for resource 'OtherActor': Function /Game/MyBasic_Tower.MyBasic_Tower_C:ReceiveActorBeginOverlap
[2016.12.16-17.17.22:214][  0]LoadErrors:Warning: Warning CreateExport: Failed to load Outer for resource 'ReceiveTick': BlueprintGeneratedClass /Game/MyBasic_Tower.MyBasic_Tower_C
[2016.12.16-17.17.22:214][  0]LoadErrors:Warning: Warning CreateExport: Failed to load Outer for resource 'DeltaSeconds': Function /Game/MyBasic_Tower.MyBasic_Tower_C:ReceiveTick
[2016.12.16-17.17.22:214][  0]LoadErrors:Warning: Warning CreateExport: Failed to load Outer for resource 'ReceiveBeginPlay': BlueprintGeneratedClass /Game/MyBasic_Tower.MyBasic_Tower_C
[2016.12.16-17.17.22:214][  0]LoadErrors:Warning: Warning CreateExport: Failed to load Outer for resource 'UserConstructionScript': BlueprintGeneratedClass /Game/MyBasic_Tower.MyBasic_Tower_C
[2016.12.16-17.17.22:214][  0]LoadErrors:Warning: Warning CreateExport: Failed to load Outer for resource 'UberGraphFrame': BlueprintGeneratedClass /Game/MyBasic_Tower.MyBasic_Tower_C
[2016.12.16-17.17.22:214][  0]LoadErrors:Warning: Warning CreateExport: Failed to load Outer for resource 'DefaultSceneRoot_GEN_VARIABLE': BlueprintGeneratedClass /Game/MyBasic_Tower.MyBasic_Tower_C
[2016.12.16-17.17.22:214][  0]LoadErrors:Warning: Warning CreateExport: Failed to load Outer for resource 'SimpleConstructionScript_0': BlueprintGeneratedClass /Game/MyBasic_Tower.MyBasic_Tower_C
[2016.12.16-17.17.22:214][  0]LoadErrors:Warning: Warning CreateExport: Failed to load Outer for resource 'SCS_Node_0': SimpleConstructionScript /Game/MyBasic_Tower.MyBasic_Tower_C:SimpleConstructionScript_0
[2016.12.16-17.17.22:214][  0]LoadErrors:Warning: Warning CreateExport: Failed to load Outer for resource 'DefaultSceneRoot': MyBasic_Tower_C /Game/TopDownCPP/Maps/TopDownExampleMap.TopDownExampleMap:PersistentLevel.MyBasic_Tower_62
[2016.12.16-17.17.22:265][  0]LogContentStreaming: Texture pool size now 800 MB
[2016.12.16-17.17.23:470][  0]LogRenderer: Reallocating scene render targets to support 1208x576 (Frame:2).
[2016.12.16-17.17.23:858][  1]LogFileCache: Retrieving MD5 hashes for directory 'E:/Github/Alpha_Build/Content/' took 1.63s
[2016.12.16-17.17.24:784][  2]LogAssetRegistry: Asset discovery search completed in 57.7228 seconds
[2016.12.16-17.17.24:784][  2]LogCollectionManager: Rebuilt the object cache for 0 collections in 0.000001 seconds (found 0 objects)
[2016.12.16-17.17.24:784][  2]LogCollectionManager: Fixed up redirectors for 0 collections in 0.000072 seconds (updated 0 objects)
[2016.12.16-17.17.55:377][591]LogWindowsTextInputMethodSystem:Display: IME system now deactivated.
[2016.12.16-17.17.55:577][592]Cmd: QUIT_EDITOR
[2016.12.16-17.17.55:667][592]LogExit: Preparing to exit.
[2016.12.16-17.17.56:142][592]LogExit: Editor shut down
[2016.12.16-17.17.56:143][592]LogExit: Transaction tracking system shut down
[2016.12.16-17.17.56:313][592]LogObj: Freed 0b from 0 cluster array pools.
[2016.12.16-17.17.56:313][592]LogExit: Object subsystem successfully closed.
[2016.12.16-17.17.56:329][592]LogD3D11RHI: Shutdown
[2016.12.16-17.17.56:329][592]LogD3D11RHI: CleanupD3DDevice
[2016.12.16-17.17.56:453][592]LogD3D11RHI: ~FD3D11DynamicRHI
[2016.12.16-17.17.56:498][592]LogModuleManager: Shutting down and abandoning module HierarchicalLODOutliner (235)
[2016.12.16-17.17.56:498][592]LogModuleManager: Shutting down and abandoning module CrashTracker (234)
[2016.12.16-17.17.56:498][592]LogModuleManager: Shutting down and abandoning module WorldBrowser (233)
[2016.12.16-17.17.56:498][592]LogModuleManager: Shutting down and abandoning module SceneOutliner (232)
[2016.12.16-17.17.56:498][592]LogModuleManager: Shutting down and abandoning module WidgetCarousel (231)
[2016.12.16-17.17.56:498][592]LogModuleManager: Shutting down and abandoning module AddContentDialog (230)
[2016.12.16-17.17.56:498][592]LogDirectoryWatcher: A directory notification for 'C:/Program Files/Epic Games/4.13/FeaturePacks/' was aborted.
[2016.12.16-17.17.56:500][592]LogModuleManager: Shutting down and abandoning module GameplayTags (229)
[2016.12.16-17.17.56:500][592]LogModuleManager: Shutting down and abandoning module EditorWidgets (228)
[2016.12.16-17.17.56:500][592]LogModuleManager: Shutting down and abandoning module CollectionManager (227)
[2016.12.16-17.17.56:500][592]LogDirectoryWatcher: A directory notification for 'E:/Github/Alpha_Build/Content/Collections/' was aborted.
[2016.12.16-17.17.56:500][592]LogDirectoryWatcher: A directory notification for 'E:/Github/Alpha_Build/Content/Developers/MaebeKnot/Collections/' was aborted.
[2016.12.16-17.17.56:500][592]LogDirectoryWatcher: A directory notification for 'E:/Github/Alpha_Build/Saved/Collections/' was aborted.
[2016.12.16-17.17.56:500][592]LogModuleManager: Shutting down and abandoning module StatsViewer (226)
[2016.12.16-17.17.56:500][592]LogModuleManager: Shutting down and abandoning module FoliageEdit (225)
[2016.12.16-17.17.56:500][592]LogModuleManager: Shutting down and abandoning module LandscapeEditor (224)
[2016.12.16-17.17.56:500][592]LogModuleManager: Shutting down and abandoning module SceneDepthPickerMode (223)
[2016.12.16-17.17.56:500][592]LogModuleManager: Shutting down and abandoning module ActorPickerMode (222)
[2016.12.16-17.17.56:500][592]LogModuleManager: Shutting down and abandoning module GeometryMode (221)
[2016.12.16-17.17.56:500][592]LogModuleManager: Shutting down and abandoning module TextureAlignMode (220)
[2016.12.16-17.17.56:500][592]LogModuleManager: Shutting down and abandoning module BspMode (219)
[2016.12.16-17.17.56:500][592]LogModuleManager: Shutting down and abandoning module HardwareSurvey (218)
[2016.12.16-17.17.56:500][592]LogModuleManager: Shutting down and abandoning module SequenceRecorderSections (217)
[2016.12.16-17.17.56:500][592]LogModuleManager: Shutting down and abandoning module SequenceRecorder (216)
[2016.12.16-17.17.56:500][592]LogModuleManager: Shutting down and abandoning module AutomationWorker (215)
[2016.12.16-17.17.56:501][592]LogModuleManager: Shutting down and abandoning module MatineeToLevelSequence (214)
[2016.12.16-17.17.56:501][592]LogModuleManager: Shutting down and abandoning module PlacementMode (213)
[2016.12.16-17.17.56:501][592]LogModuleManager: Shutting down and abandoning module LevelSequenceEditor (212)
[2016.12.16-17.17.56:501][592]LogModuleManager: Shutting down and abandoning module WmfMediaFactory (211)
[2016.12.16-17.17.56:501][592]LogModuleManager: Shutting down and abandoning module WmfMediaEditor (210)
[2016.12.16-17.17.56:501][592]LogModuleManager: Shutting down and abandoning module AvfMediaFactory (209)
[2016.12.16-17.17.56:501][592]LogModuleManager: Shutting down and abandoning module AvfMediaEditor (208)
[2016.12.16-17.17.56:501][592]LogModuleManager: Shutting down and abandoning module Media (207)
[2016.12.16-17.17.56:501][592]LogModuleManager: Shutting down and abandoning module AndroidMediaFactory (206)
[2016.12.16-17.17.56:501][592]LogModuleManager: Shutting down and abandoning module AndroidMediaEditor (205)
[2016.12.16-17.17.56:501][592]LogModuleManager: Shutting down and abandoning module CharacterAI (204)
[2016.12.16-17.17.56:501][592]LogModuleManager: Shutting down and abandoning module SmartSnapping (203)
[2016.12.16-17.17.56:501][592]LogModuleManager: Shutting down and abandoning module SessionServices (202)
[2016.12.16-17.17.56:501][592]LogModuleManager: Shutting down and abandoning module ViewportSnapping (201)
[2016.12.16-17.17.56:501][592]LogModuleManager: Shutting down and abandoning module ViewportInteraction (200)
[2016.12.16-17.17.56:501][592]LogModuleManager: Shutting down and abandoning module LogVisualizer (199)
[2016.12.16-17.17.56:501][592]LogModuleManager: Shutting down and abandoning module GameProjectGeneration (198)
[2016.12.16-17.17.56:501][592]LogModuleManager: Shutting down and abandoning module IntroTutorials (197)
[2016.12.16-17.17.56:501][592]LogModuleManager: Shutting down and abandoning module EditorLiveStreaming (196)
[2016.12.16-17.17.56:501][592]LogModuleManager: Shutting down and abandoning module IOSPlatformEditor (195)
[2016.12.16-17.17.56:501][592]LogModuleManager: Shutting down and abandoning module HTML5PlatformEditor (194)
[2016.12.16-17.17.56:501][592]LogModuleManager: Shutting down and abandoning module AndroidDeviceDetection (193)
[2016.12.16-17.17.57:126][592]LogModuleManager: Shutting down and abandoning module AndroidPlatformEditor (192)
[2016.12.16-17.17.57:126][592]LogModuleManager: Shutting down and abandoning module IOSRuntimeSettings (191)
[2016.12.16-17.17.57:126][592]LogModuleManager: Shutting down and abandoning module AndroidRuntimeSettings (190)
[2016.12.16-17.17.57:126][592]LogModuleManager: Shutting down and abandoning module NiagaraEditor (189)
[2016.12.16-17.17.57:126][592]LogModuleManager: Shutting down and abandoning module MergeActors (188)
[2016.12.16-17.17.57:126][592]LogModuleManager: Shutting down and abandoning module SizeMap (187)
[2016.12.16-17.17.57:126][592]LogModuleManager: Shutting down and abandoning module TreeMap (186)
[2016.12.16-17.17.57:126][592]LogModuleManager: Shutting down and abandoning module ReferenceViewer (185)
[2016.12.16-17.17.57:127][592]LogModuleManager: Shutting down and abandoning module LocalizationService (184)
[2016.12.16-17.17.57:127][592]LogModuleManager: Shutting down and abandoning module LocalizationDashboard (183)
[2016.12.16-17.17.57:130][592]LogModuleManager: Shutting down and abandoning module HardwareTargeting (182)
[2016.12.16-17.17.57:130][592]LogModuleManager: Shutting down and abandoning module DeviceProfileEditor (181)
[2016.12.16-17.17.57:130][592]LogModuleManager: Shutting down and abandoning module UndoHistory (180)
[2016.12.16-17.17.57:131][592]LogModuleManager: Shutting down and abandoning module UserFeedback (179)
[2016.12.16-17.17.57:131][592]LogModuleManager: Shutting down and abandoning module XmlParser (178)
[2016.12.16-17.17.57:131][592]LogModuleManager: Shutting down and abandoning module Blutility (177)
[2016.12.16-17.17.57:131][592]LogModuleManager: Shutting down and abandoning module ProjectTargetPlatformEditor (176)
[2016.12.16-17.17.57:131][592]LogModuleManager: Shutting down and abandoning module ProjectSettingsViewer (175)
[2016.12.16-17.17.57:131][592]LogModuleManager: Shutting down and abandoning module InputBindingEditor (174)
[2016.12.16-17.17.57:132][592]LogModuleManager: Shutting down and abandoning module EditorSettingsViewer (173)
[2016.12.16-17.17.57:132][592]LogModuleManager: Shutting down and abandoning module SettingsEditor (172)
[2016.12.16-17.17.57:132][592]LogModuleManager: Shutting down and abandoning module ProjectLauncher (171)
[2016.12.16-17.17.57:132][592]LogModuleManager: Shutting down and abandoning module SessionFrontend (170)
[2016.12.16-17.17.57:132][592]LogModuleManager: Shutting down and abandoning module ProfilerClient (169)
[2016.12.16-17.17.57:132][592]LogModuleManager: Shutting down and abandoning module TargetDeviceServices (168)
[2016.12.16-17.17.57:132][592]LogModuleManager: Shutting down and abandoning module DeviceManager (167)
[2016.12.16-17.17.57:185][592]LogModuleManager: Shutting down and abandoning module AutomationController (166)
[2016.12.16-17.17.57:185][592]LogModuleManager: Shutting down and abandoning module AutomationWindow (165)
[2016.12.16-17.17.57:185][592]LogModuleManager: Shutting down and abandoning module Layers (164)
[2016.12.16-17.17.57:185][592]LogModuleManager: Shutting down and abandoning module ComponentVisualizers (163)
[2016.12.16-17.17.57:185][592]LogModuleManager: Shutting down and abandoning module DetailCustomizations (162)
[2016.12.16-17.17.57:185][592]LogModuleManager: Shutting down and abandoning module PackagesDialog (161)
[2016.12.16-17.17.57:185][592]LogModuleManager: Shutting down and abandoning module AnimGraph (160)
[2016.12.16-17.17.57:185][592]LogModuleManager: Shutting down and abandoning module Persona (159)
[2016.12.16-17.17.57:186][592]LogModuleManager: Shutting down and abandoning module Kismet (158)
[2016.12.16-17.17.57:186][592]LogModuleManager: Shutting down and abandoning module GraphEditor (157)
[2016.12.16-17.17.57:186][592]LogModuleManager: Shutting down and abandoning module ClassViewer (156)
[2016.12.16-17.17.57:186][592]LogModuleManager: Shutting down and abandoning module Toolbox (155)
[2016.12.16-17.17.57:186][592]LogModuleManager: Shutting down and abandoning module ModuleUI (154)
[2016.12.16-17.17.57:186][592]LogModuleManager: Shutting down and abandoning module MovieSceneTools (153)
[2016.12.16-17.17.57:186][592]LogModuleManager: Shutting down and abandoning module OutputLog (152)
[2016.12.16-17.17.57:186][592]LogModuleManager: Shutting down and abandoning module GammaUI (151)
[2016.12.16-17.17.57:186][592]LogModuleManager: Shutting down and abandoning module Documentation (150)
[2016.12.16-17.17.57:186][592]LogModuleManager: Shutting down and abandoning module Niagara (149)
[2016.12.16-17.17.57:186][592]LogModuleManager: Shutting down and abandoning module StreamingPauseRendering (148)
[2016.12.16-17.17.57:186][592]LogModuleManager: Shutting down and abandoning module AnalyticsET (147)
[2016.12.16-17.17.57:186][592]LogModuleManager: Shutting down and abandoning module PortalServices (146)
[2016.12.16-17.17.57:186][592]LogModuleManager: Shutting down and abandoning module PortalRpc (145)
[2016.12.16-17.17.57:186][592]LogModuleManager: Shutting down and abandoning module MessagingRpc (144)
[2016.12.16-17.17.57:186][592]LogModuleManager: Shutting down and abandoning module GameplayDebugger (143)
[2016.12.16-17.17.57:186][592]LogModuleManager: Shutting down and abandoning module AITestSuite (142)
[2016.12.16-17.17.57:186][592]LogModuleManager: Shutting down and abandoning module AIModule (141)
[2016.12.16-17.17.57:186][592]LogModuleManager: Shutting down and abandoning module ProfilerService (140)
[2016.12.16-17.17.57:389][592]LogModuleManager: Shutting down and abandoning module TaskGraph (139)
[2016.12.16-17.17.57:389][592]LogModuleManager: Shutting down and abandoning module SlateRemote (138)
[2016.12.16-17.17.57:389][592]LogModuleManager: Shutting down and abandoning module SteamVRController (137)
[2016.12.16-17.17.57:389][592]LogModuleManager: Shutting down and abandoning module SteamVR (136)
[2016.12.16-17.17.57:389][592]LogModuleManager: Shutting down and abandoning module ProceduralMeshComponentEditor (135)
[2016.12.16-17.17.57:389][592]LogModuleManager: Shutting down and abandoning module ProceduralMeshComponent (134)
[2016.12.16-17.17.57:389][592]LogModuleManager: Shutting down and abandoning module OculusLibrary (133)
[2016.12.16-17.17.57:390][592]LogModuleManager: Shutting down and abandoning module OculusInput (132)
[2016.12.16-17.17.57:390][592]LogModuleManager: Shutting down and abandoning module CustomMeshComponent (131)
[2016.12.16-17.17.57:390][592]LogModuleManager: Shutting down and abandoning module CableComponent (130)
[2016.12.16-17.17.57:390][592]LogModuleManager: Shutting down and abandoning module ArchVisCharacter (129)
[2016.12.16-17.17.57:390][592]LogModuleManager: Shutting down and abandoning module MediaPlayerEditor (127)
[2016.12.16-17.17.57:390][592]LogModuleManager: Shutting down and abandoning module HTML5Networking (126)
[2016.12.16-17.17.57:390][592]LogModuleManager: Shutting down and abandoning module GeometryCacheEd (125)
[2016.12.16-17.17.57:390][592]LogModuleManager: Shutting down and abandoning module GeometryCache (124)
[2016.12.16-17.17.57:390][592]LogModuleManager: Shutting down and abandoning module AlembicLibrary (123)
[2016.12.16-17.17.57:390][592]LogModuleManager: Shutting down and abandoning module AlembicImporter (122)
[2016.12.16-17.17.57:390][592]LogModuleManager: Shutting down and abandoning module SuperSearch (121)
[2016.12.16-17.17.57:390][592]LogModuleManager: Shutting down and abandoning module SuperSearchEditor (120)
[2016.12.16-17.17.57:390][592]LogModuleManager: Shutting down and abandoning module SpeedTreeImporter (119)
[2016.12.16-17.17.57:390][592]LogModuleManager: Shutting down and abandoning module PluginBrowser (118)
[2016.12.16-17.17.57:390][592]LogModuleManager: Shutting down and abandoning module MobileLauncherProfileWizard (117)
[2016.12.16-17.17.57:390][592]LogModuleManager: Shutting down and abandoning module EpicSurvey (116)
[2016.12.16-17.17.57:390][592]LogModuleManager: Shutting down and abandoning module DesktopPlatform (115)
[2016.12.16-17.17.57:390][592]LogModuleManager: Shutting down and abandoning module VisualStudioSourceCodeAccess (114)
[2016.12.16-17.17.57:390][592]LogModuleManager: Shutting down and abandoning module UObjectPlugin (113)
[2016.12.16-17.17.57:390][592]LogModuleManager: Shutting down and abandoning module SubversionSourceControl (112)
[2016.12.16-17.17.57:390][592]LogModuleManager: Shutting down and abandoning module PerforceSourceControl (111)
[2016.12.16-17.17.57:390][592]LogModuleManager: Shutting down and abandoning module SourceControl (110)
[2016.12.16-17.17.57:390][592]LogModuleManager: Shutting down and abandoning module GitSourceControl (109)
[2016.12.16-17.17.57:390][592]LogModuleManager: Shutting down and abandoning module LightPropagationVolumeEditor (108)
[2016.12.16-17.17.57:390][592]LogModuleManager: Shutting down and abandoning module PaperTiledImporter (107)
[2016.12.16-17.17.57:390][592]LogModuleManager: Shutting down and abandoning module PaperSpriteSheetImporter (106)
[2016.12.16-17.17.57:390][592]LogModuleManager: Shutting down and abandoning module MeshPaint (105)
[2016.12.16-17.17.57:391][592]LogModuleManager: Shutting down and abandoning module FbxAutomationBuilderModule (104)
[2016.12.16-17.17.57:391][592]LogModuleManager: Shutting down and abandoning module PixelInspectorModule (103)
[2016.12.16-17.17.57:391][592]LogModuleManager: Shutting down and abandoning module HotReload (102)
[2016.12.16-17.17.57:391][592]LogDirectoryWatcher: A directory notification for 'E:/Github/Alpha_Build/Binaries/Win64' was aborted.
[2016.12.16-17.17.57:391][592]LogModuleManager: Shutting down and abandoning module MainFrame (101)
[2016.12.16-17.17.57:391][592]LogModuleManager: Shutting down and abandoning module LevelEditor (100)
[2016.12.16-17.17.57:392][592]LogModuleManager: Shutting down and abandoning module ContentBrowser (99)
[2016.12.16-17.17.57:393][592]LogModuleManager: Shutting down and abandoning module Paper2DEditor (98)
[2016.12.16-17.17.57:393][592]LogModuleManager: Shutting down and abandoning module Alpha (97)
[2016.12.16-17.17.57:393][592]LogModuleManager: Shutting down and abandoning module UdpMessaging (96)
[2016.12.16-17.17.57:494][592]LogModuleManager: Shutting down and abandoning module TcpMessaging (95)
[2016.12.16-17.17.57:594][592]LogModuleManager: Shutting down and abandoning module LightPropagationVolumeRuntime (94)
[2016.12.16-17.17.57:594][592]LogModuleManager: Shutting down and abandoning module Paper2D (93)
[2016.12.16-17.17.57:594][592]LogModuleManager: Shutting down and abandoning module WindowsMoviePlayer (92)
[2016.12.16-17.17.57:594][592]LogModuleManager: Shutting down and abandoning module WmfMedia (91)
[2016.12.16-17.17.57:595][592]LogModuleManager: Shutting down and abandoning module MediaAssets (90)
[2016.12.16-17.17.57:595][592]LogModuleManager: Shutting down and abandoning module GameLiveStreaming (89)
[2016.12.16-17.17.57:595][592]LogModuleManager: Shutting down and abandoning module GameplayTagsEditor (88)
[2016.12.16-17.17.57:595][592]LogModuleManager: Shutting down and abandoning module VREditor (87)
[2016.12.16-17.17.57:595][592]LogModuleManager: Shutting down and abandoning module GameplayTasksEditor (86)
[2016.12.16-17.17.57:595][592]LogModuleManager: Shutting down and abandoning module PropertyEditor (85)
[2016.12.16-17.17.57:595][592]LogModuleManager: Shutting down and abandoning module BehaviorTreeEditor (84)
[2016.12.16-17.17.57:595][592]LogModuleManager: Shutting down and abandoning module FunctionalTesting (83)
[2016.12.16-17.17.57:595][592]LogModuleManager: Shutting down and abandoning module CollisionAnalyzer (82)
[2016.12.16-17.17.57:595][592]LogModuleManager: Shutting down and abandoning module Sequencer (81)
[2016.12.16-17.17.57:595][592]LogModuleManager: Shutting down and abandoning module WorkspaceMenuStructure (80)
[2016.12.16-17.17.57:595][592]LogModuleManager: Shutting down and abandoning module MessageLog (79)
[2016.12.16-17.17.57:595][592]LogModuleManager: Shutting down and abandoning module AssetTools (78)
[2016.12.16-17.17.57:595][592]LogModuleManager: Shutting down and abandoning module UMGEditor (77)
[2016.12.16-17.17.57:596][592]LogModuleManager: Shutting down and abandoning module UMG (76)
[2016.12.16-17.17.57:596][592]LogModuleManager: Shutting down and abandoning module SlateReflector (75)
[2016.12.16-17.17.57:596][592]LogModuleManager: Shutting down and abandoning module Slate (74)
[2016.12.16-17.17.57:596][592]LogModuleManager: Shutting down and abandoning module EditorStyle (73)
[2016.12.16-17.17.57:600][592]LogModuleManager: Shutting down and abandoning module SourceCodeAccess (72)
[2016.12.16-17.17.57:600][592]LogModuleManager: Shutting down and abandoning module HeadMountedDisplay (71)
[2016.12.16-17.17.57:600][592]LogModuleManager: Shutting down and abandoning module XAudio2 (70)
[2016.12.16-17.17.57:600][592]LogModuleManager: Shutting down and abandoning module Networking (68)
[2016.12.16-17.17.57:600][592]LogModuleManager: Shutting down and abandoning module Core (67)
[2016.12.16-17.17.57:600][592]LogModuleManager: Shutting down and abandoning module DirectoryWatcher (66)
[2016.12.16-17.17.57:600][592]LogDirectoryWatcher: A directory notification for '../../../Engine/Content/' was aborted.
[2016.12.16-17.17.57:600][592]LogDirectoryWatcher: A directory notification for 'E:/Github/Alpha_Build/Content/' was aborted.
[2016.12.16-17.17.57:600][592]LogDirectoryWatcher: A directory notification for '../../../Engine/Plugins/2D/Paper2D/Content/' was aborted.
[2016.12.16-17.17.57:601][592]LogModuleManager: Shutting down and abandoning module AssetRegistry (65)
[2016.12.16-17.17.57:769][592]LogModuleManager: Shutting down and abandoning module KismetCompiler (64)
[2016.12.16-17.17.57:769][592]LogModuleManager: Shutting down and abandoning module PhysXFormats (63)
[2016.12.16-17.17.57:769][592]LogModuleManager: Shutting down and abandoning module MeshUtilities (62)
[2016.12.16-17.17.57:769][592]LogModuleManager: Shutting down and abandoning module DerivedDataCache (61)
[2016.12.16-17.17.58:081][592]LogDerivedDataCache: Shutdown
[2016.12.16-17.17.58:081][592]LogModuleManager: Shutting down and abandoning module VulkanShaderFormat (60)
[2016.12.16-17.17.58:081][592]LogModuleManager: Shutting down and abandoning module ShaderFormatOpenGL (59)
[2016.12.16-17.17.58:081][592]LogModuleManager: Shutting down and abandoning module ShaderFormatD3D (58)
[2016.12.16-17.17.58:081][592]LogModuleManager: Shutting down and abandoning module MetalShaderFormat (57)
[2016.12.16-17.17.58:081][592]LogModuleManager: Shutting down and abandoning module TextureFormatUncompressed (56)
[2016.12.16-17.17.58:081][592]LogModuleManager: Shutting down and abandoning module TextureFormatPVR (55)
[2016.12.16-17.17.58:081][592]LogModuleManager: Shutting down and abandoning module TextureFormatDXT (54)
[2016.12.16-17.17.58:081][592]LogModuleManager: Shutting down and abandoning module TextureFormatIntelISPCTexComp (53)
[2016.12.16-17.17.58:091][592]LogModuleManager: Shutting down and abandoning module ImageWrapper (52)
[2016.12.16-17.17.58:091][592]LogModuleManager: Shutting down and abandoning module TextureFormatASTC (51)
[2016.12.16-17.17.58:091][592]LogModuleManager: Shutting down and abandoning module TextureFormatAndroid (50)
[2016.12.16-17.17.58:091][592]LogModuleManager: Shutting down and abandoning module AudioFormatOpus (49)
[2016.12.16-17.17.58:091][592]LogModuleManager: Shutting down and abandoning module AudioFormatOgg (48)
[2016.12.16-17.17.58:091][592]LogModuleManager: Shutting down and abandoning module AudioFormatADPCM (47)
[2016.12.16-17.17.58:091][592]LogModuleManager: Shutting down and abandoning module LinuxTargetPlatform (46)
[2016.12.16-17.17.58:091][592]LogModuleManager: Shutting down and abandoning module LinuxServerTargetPlatform (45)
[2016.12.16-17.17.58:091][592]LogModuleManager: Shutting down and abandoning module LinuxNoEditorTargetPlatform (44)
[2016.12.16-17.17.58:091][592]LogModuleManager: Shutting down and abandoning module LinuxClientTargetPlatform (43)
[2016.12.16-17.17.58:091][592]LogModuleManager: Shutting down and abandoning module TVOSTargetPlatform (42)
[2016.12.16-17.17.58:091][592]LogModuleManager: Shutting down and abandoning module Messaging (41)
[2016.12.16-17.17.58:091][592]LogModuleManager: Shutting down and abandoning module IOSTargetPlatform (40)
[2016.12.16-17.17.58:092][592]LogModuleManager: Shutting down and abandoning module HTML5TargetPlatform (39)
[2016.12.16-17.17.58:092][592]LogModuleManager: Shutting down and abandoning module Android_PVRTCTargetPlatform (38)
[2016.12.16-17.17.58:092][592]LogModuleManager: Shutting down and abandoning module Android_MultiTargetPlatform (37)
[2016.12.16-17.17.58:092][592]LogModuleManager: Shutting down and abandoning module Android_ETC2TargetPlatform (36)
[2016.12.16-17.17.58:092][592]LogModuleManager: Shutting down and abandoning module Android_ETC1TargetPlatform (35)
[2016.12.16-17.17.58:092][592]LogModuleManager: Shutting down and abandoning module Android_DXTTargetPlatform (34)
[2016.12.16-17.17.58:092][592]LogModuleManager: Shutting down and abandoning module Android_ATCTargetPlatform (33)
[2016.12.16-17.17.58:092][592]LogModuleManager: Shutting down and abandoning module Android_ASTCTargetPlatform (32)
[2016.12.16-17.17.58:092][592]LogModuleManager: Shutting down and abandoning module AndroidTargetPlatform (31)
[2016.12.16-17.17.58:092][592]LogModuleManager: Shutting down and abandoning module WindowsTargetPlatform (30)
[2016.12.16-17.17.58:092][592]LogModuleManager: Shutting down and abandoning module WindowsServerTargetPlatform (29)
[2016.12.16-17.17.58:092][592]LogModuleManager: Shutting down and abandoning module WindowsNoEditorTargetPlatform (28)
[2016.12.16-17.17.58:092][592]LogModuleManager: Shutting down and abandoning module WindowsClientTargetPlatform (27)
[2016.12.16-17.17.58:092][592]LogModuleManager: Shutting down and abandoning module AllDesktopTargetPlatform (26)
[2016.12.16-17.17.58:092][592]LogModuleManager: Shutting down and abandoning module TargetPlatform (25)
[2016.12.16-17.17.58:092][592]LogModuleManager: Shutting down and abandoning module InputCore (24)
[2016.12.16-17.17.58:092][592]LogModuleManager: Shutting down and abandoning module Settings (23)
[2016.12.16-17.17.58:092][592]LogModuleManager: Shutting down and abandoning module OculusRift (22)
[2016.12.16-17.17.58:092][592]LogModuleManager: Shutting down and abandoning module GearVR (21)
[2016.12.16-17.17.58:092][592]LogModuleManager: Shutting down and abandoning module ExampleDeviceProfileSelector (20)
[2016.12.16-17.17.58:092][592]LogModuleManager: Shutting down and abandoning module OnlineBlueprintSupport (19)
[2016.12.16-17.17.58:092][592]LogModuleManager: Shutting down and abandoning module OnlineSubsystem (17)
[2016.12.16-17.17.58:092][592]LogOnline:Display: Unloading online subsystem: NULL
[2016.12.16-17.17.58:092][592]LogModuleManager: Shutting down and abandoning module HTTP (16)
[2016.12.16-17.17.58:092][592]LogHttp:Display: Http module shutting down, but needs to wait on 1 outstanding Http requests:
[2016.12.16-17.17.58:092][592]LogHttp:Display: 	verb=[POST] url=[https://datarouter.ol.epicgames.com/datarouter/api/v1/public/data?SessionID=%7B504D1E4D-4F0E-0921-FDEB-C8B7FD39965D%7D&AppID=UEEditor.Rocket.Release&AppVersion=4.13.2-3172292%2B%2B%2BUE4%2BRelease-4.13&UserID=c2a7142a491d928ab689f0ba70fc3f7d%7C2edd1866dcfb46d98d748169ef9907dc%7C2c68dd79-a0f9-45c0-b781-214c9c69c49e&AppEnvironment=datacollector-binary&UploadType=eteventstream] status=Processing
[2016.12.16-17.17.58:106][592]LogModuleManager: Shutting down and abandoning module XMPP (15)
[2016.12.16-17.17.58:106][592]LogModuleManager: Shutting down and abandoning module TextureCompressor (14)
[2016.12.16-17.17.58:115][592]LogModuleManager: Shutting down and abandoning module ShaderCore (13)
[2016.12.16-17.17.58:115][592]LogModuleManager: Shutting down and abandoning module Landscape (12)
[2016.12.16-17.17.58:115][592]LogModuleManager: Shutting down and abandoning module SlateRHIRenderer (11)
[2016.12.16-17.17.58:116][592]LogModuleManager: Shutting down and abandoning module OpenGLDrv (10)
[2016.12.16-17.17.58:117][592]LogModuleManager: Shutting down and abandoning module D3D11RHI (9)
[2016.12.16-17.17.58:117][592]LogModuleManager: Shutting down and abandoning module AnimGraphRuntime (8)
[2016.12.16-17.17.58:117][592]LogModuleManager: Shutting down and abandoning module Renderer (7)
[2016.12.16-17.17.58:117][592]LogModuleManager: Shutting down and abandoning module Engine (6)
[2016.12.16-17.17.58:117][592]LogModuleManager: Shutting down and abandoning module CoreUObject (5)
[2016.12.16-17.17.58:117][592]LogModuleManager: Shutting down and abandoning module NetworkFile (4)
[2016.12.16-17.17.58:117][592]LogModuleManager: Shutting down and abandoning module StreamingFile (3)
[2016.12.16-17.17.58:117][592]LogModuleManager: Shutting down and abandoning module SandboxFile (2)
[2016.12.16-17.17.58:117][592]LogModuleManager: Shutting down and abandoning module PakFile (1)
[2016.12.16-17.17.58:118][592]LogExit: Exiting.
[2016.12.16-17.17.58:120][592]Log file closed, 12/16/16 12:17:58
