Log file open, 12/17/16 20:29:58
LogInit:Display: Running engine for game: Alpha
LogPlatformFile: Not using cached read wrapper
LogInit:Display: RandInit(-2015017979) SRandInit(-2015017979).
LogTaskGraph: Started task graph with 5 named threads and 8 total threads with 1 sets of task threads.
LogStats: Stats thread started at 0.157835
LogPluginManager: Loaded Plugin Paper2D, From C:/Program Files (x86)/Epic Games/4.13/Engine/Plugins/2D/Paper2D/Paper2D.uplugin
LogPluginManager: Loaded Plugin LightPropagationVolume, From C:/Program Files (x86)/Epic Games/4.13/Engine/Plugins/Blendables/LightPropagationVolume/LightPropagationVolume.uplugin
LogPluginManager: Loaded Plugin BlankPlugin, From C:/Program Files (x86)/Epic Games/4.13/Engine/Plugins/Developer/BlankPlugin/BlankPlugin.uplugin
LogPluginManager: Loaded Plugin CodeLiteSourceCodeAccess, From C:/Program Files (x86)/Epic Games/4.13/Engine/Plugins/Developer/CodeLiteSourceCodeAccess/CodeLiteSourceCodeAccess.uplugin
LogPluginManager: Loaded Plugin GitSourceControl, From C:/Program Files (x86)/Epic Games/4.13/Engine/Plugins/Developer/GitSourceControl/GitSourceControl.uplugin
LogPluginManager: Loaded Plugin KDevelopSourceCodeAccess, From C:/Program Files (x86)/Epic Games/4.13/Engine/Plugins/Developer/KDevelopSourceCodeAccess/KDevelopSourceCodeAccess.uplugin
LogPluginManager: Loaded Plugin NullSourceCodeAccess, From C:/Program Files (x86)/Epic Games/4.13/Engine/Plugins/Developer/NullSourceCodeAccess/NullSourceCodeAccess.uplugin
LogPluginManager: Loaded Plugin OneSkyLocalizationService, From C:/Program Files (x86)/Epic Games/4.13/Engine/Plugins/Developer/OneSkyLocalizationService/OneSkyLocalizationService.uplugin
LogPluginManager: Loaded Plugin PerforceSourceControl, From C:/Program Files (x86)/Epic Games/4.13/Engine/Plugins/Developer/PerforceSourceControl/PerforceSourceControl.uplugin
LogPluginManager: Loaded Plugin SubversionSourceControl, From C:/Program Files (x86)/Epic Games/4.13/Engine/Plugins/Developer/SubversionSourceControl/SubversionSourceControl.uplugin
LogPluginManager: Loaded Plugin UObjectPlugin, From C:/Program Files (x86)/Epic Games/4.13/Engine/Plugins/Developer/UObjectPlugin/UObjectPlugin.uplugin
LogPluginManager: Loaded Plugin VisualStudioSourceCodeAccess, From C:/Program Files (x86)/Epic Games/4.13/Engine/Plugins/Developer/VisualStudioSourceCodeAccess/VisualStudioSourceCodeAccess.uplugin
LogPluginManager: Loaded Plugin XCodeSourceCodeAccess, From C:/Program Files (x86)/Epic Games/4.13/Engine/Plugins/Developer/XCodeSourceCodeAccess/XCodeSourceCodeAccess.uplugin
LogPluginManager: Loaded Plugin EpicSurvey, From C:/Program Files (x86)/Epic Games/4.13/Engine/Plugins/Editor/EpicSurvey/EpicSurvey.uplugin
LogPluginManager: Loaded Plugin MacGraphicsSwitching, From C:/Program Files (x86)/Epic Games/4.13/Engine/Plugins/Editor/MacGraphicsSwitching/MacGraphicsSwitching.uplugin
LogPluginManager: Loaded Plugin MobileLauncherProfileWizard, From C:/Program Files (x86)/Epic Games/4.13/Engine/Plugins/Editor/MobileLauncherProfileWizard/MobileLauncherProfileWizard.uplugin
LogPluginManager: Loaded Plugin PluginBrowser, From C:/Program Files (x86)/Epic Games/4.13/Engine/Plugins/Editor/PluginBrowser/PluginBrowser.uplugin
LogPluginManager: Loaded Plugin SpeedTreeImporter, From C:/Program Files (x86)/Epic Games/4.13/Engine/Plugins/Editor/SpeedTreeImporter/SpeedTreeImporter.uplugin
LogPluginManager: Loaded Plugin SuperSearchEditor, From C:/Program Files (x86)/Epic Games/4.13/Engine/Plugins/Editor/SuperSearchEditor/SuperSearchEditor.uplugin
LogPluginManager: Loaded Plugin AlembicImporter, From C:/Program Files (x86)/Epic Games/4.13/Engine/Plugins/Experimental/AlembicImporter/AlembicImporter.uplugin
LogPluginManager: Loaded Plugin BlueprintStats, From C:/Program Files (x86)/Epic Games/4.13/Engine/Plugins/Experimental/BlueprintStats/BlueprintStats.uplugin
LogPluginManager: Loaded Plugin CharacterAI, From C:/Program Files (x86)/Epic Games/4.13/Engine/Plugins/Experimental/CharacterAI/CharacterAI.uplugin
LogPluginManager: Loaded Plugin CodeEditor, From C:/Program Files (x86)/Epic Games/4.13/Engine/Plugins/Experimental/CodeEditor/CodeEditor.uplugin
LogPluginManager: Loaded Plugin CodeView, From C:/Program Files (x86)/Epic Games/4.13/Engine/Plugins/Experimental/CodeView/CodeView.uplugin
LogPluginManager: Loaded Plugin HTML5Networking, From C:/Program Files (x86)/Epic Games/4.13/Engine/Plugins/Experimental/HTML5Networking/HTML5Networking.uplugin
LogPluginManager: Loaded Plugin LiveEditor, From C:/Program Files (x86)/Epic Games/4.13/Engine/Plugins/Experimental/LiveEditor/LiveEditor.uplugin
LogPluginManager: Loaded Plugin OSVR, From C:/Program Files (x86)/Epic Games/4.13/Engine/Plugins/Experimental/OSVR/OSVR.uplugin
LogPluginManager: Loaded Plugin Phya, From C:/Program Files (x86)/Epic Games/4.13/Engine/Plugins/Experimental/Phya/Phya.uplugin
LogPluginManager: Loaded Plugin SignificanceManager, From C:/Program Files (x86)/Epic Games/4.13/Engine/Plugins/Experimental/SignificanceManager/SignificanceManager.uplugin
LogPluginManager: Loaded Plugin SimpleHMD, From C:/Program Files (x86)/Epic Games/4.13/Engine/Plugins/Experimental/SimpleHMD/SimpleHMD.uplugin
LogPluginManager: Loaded Plugin StereoPanorama, From C:/Program Files (x86)/Epic Games/4.13/Engine/Plugins/Experimental/StereoPanorama/StereoPanorama.uplugin
LogPluginManager: Loaded Plugin StructBox, From C:/Program Files (x86)/Epic Games/4.13/Engine/Plugins/Experimental/StructBox/StructBox.uplugin
LogPluginManager: Loaded Plugin AndroidMedia, From C:/Program Files (x86)/Epic Games/4.13/Engine/Plugins/Media/AndroidMedia/AndroidMedia.uplugin
LogPluginManager: Loaded Plugin AvfMedia, From C:/Program Files (x86)/Epic Games/4.13/Engine/Plugins/Media/AvfMedia/AvfMedia.uplugin
LogPluginManager: Loaded Plugin MediaPlayerEditor, From C:/Program Files (x86)/Epic Games/4.13/Engine/Plugins/Media/MediaPlayerEditor/MediaPlayerEditor.uplugin
LogPluginManager: Loaded Plugin WmfMedia, From C:/Program Files (x86)/Epic Games/4.13/Engine/Plugins/Media/WmfMedia/WmfMedia.uplugin
LogPluginManager: Loaded Plugin MessagingDebugger, From C:/Program Files (x86)/Epic Games/4.13/Engine/Plugins/Messaging/MessagingDebugger/MessagingDebugger.uplugin
LogPluginManager: Loaded Plugin TcpMessaging, From C:/Program Files (x86)/Epic Games/4.13/Engine/Plugins/Messaging/TcpMessaging/TcpMessaging.uplugin
LogPluginManager: Loaded Plugin UdpMessaging, From C:/Program Files (x86)/Epic Games/4.13/Engine/Plugins/Messaging/UdpMessaging/UdpMessaging.uplugin
LogPluginManager: Loaded Plugin LevelSequenceEditor, From C:/Program Files (x86)/Epic Games/4.13/Engine/Plugins/MovieScene/LevelSequenceEditor/LevelSequenceEditor.uplugin
LogPluginManager: Loaded Plugin MatineeToLevelSequence, From C:/Program Files (x86)/Epic Games/4.13/Engine/Plugins/MovieScene/MatineeToLevelSequence/MatineeToLevelSequence.uplugin
LogPluginManager: Loaded Plugin NetcodeUnitTest, From C:/Program Files (x86)/Epic Games/4.13/Engine/Plugins/NetcodeUnitTest/NetcodeUnitTest/NetcodeUnitTest.uplugin
LogPluginManager: Loaded Plugin NUTUnrealEngine4, From C:/Program Files (x86)/Epic Games/4.13/Engine/Plugins/NetcodeUnitTest/NUTUnrealEngine4/NUTUnrealEngine4.uplugin
LogPluginManager: Loaded Plugin OnlineSubsystemGooglePlay, From C:/Program Files (x86)/Epic Games/4.13/Engine/Plugins/Online/Android/OnlineSubsystemGooglePlay/OnlineSubsystemGooglePlay.uplugin
LogPluginManager: Loaded Plugin OnlineSubsystemIOS, From C:/Program Files (x86)/Epic Games/4.13/Engine/Plugins/Online/IOS/OnlineSubsystemIOS/OnlineSubsystemIOS.uplugin
LogPluginManager: Loaded Plugin OnlineFramework, From C:/Program Files (x86)/Epic Games/4.13/Engine/Plugins/Online/OnlineFramework/OnlineFramework.uplugin
LogPluginManager: Loaded Plugin OnlineSubsystem, From C:/Program Files (x86)/Epic Games/4.13/Engine/Plugins/Online/OnlineSubsystem/OnlineSubsystem.uplugin
LogPluginManager: Loaded Plugin OnlineSubsystemAmazon, From C:/Program Files (x86)/Epic Games/4.13/Engine/Plugins/Online/OnlineSubsystemAmazon/OnlineSubsystemAmazon.uplugin
LogPluginManager: Loaded Plugin OnlineSubsystemFacebook, From C:/Program Files (x86)/Epic Games/4.13/Engine/Plugins/Online/OnlineSubsystemFacebook/OnlineSubsystemFacebook.uplugin
LogPluginManager: Loaded Plugin OnlineSubsystemNull, From C:/Program Files (x86)/Epic Games/4.13/Engine/Plugins/Online/OnlineSubsystemNull/OnlineSubsystemNull.uplugin
LogPluginManager: Loaded Plugin OnlineSubsystemOculus, From C:/Program Files (x86)/Epic Games/4.13/Engine/Plugins/Online/OnlineSubsystemOculus/OnlineSubsystemOculus.uplugin
LogPluginManager: Loaded Plugin OnlineSubsystemSteam, From C:/Program Files (x86)/Epic Games/4.13/Engine/Plugins/Online/OnlineSubsystemSteam/OnlineSubsystemSteam.uplugin
LogPluginManager: Loaded Plugin OnlineSubsystemUtils, From C:/Program Files (x86)/Epic Games/4.13/Engine/Plugins/Online/OnlineSubsystemUtils/OnlineSubsystemUtils.uplugin
LogPluginManager: Loaded Plugin IOSTapJoy, From C:/Program Files (x86)/Epic Games/4.13/Engine/Plugins/Runtime/Advertising/IOSTapJoy/IOSTapJoy.uplugin
LogPluginManager: Loaded Plugin AnalyticsBlueprintLibrary, From C:/Program Files (x86)/Epic Games/4.13/Engine/Plugins/Runtime/Analytics/AnalyticsBlueprintLibrary/AnalyticsBlueprintLibrary.uplugin
LogPluginManager: Loaded Plugin AnalyticsMulticast, From C:/Program Files (x86)/Epic Games/4.13/Engine/Plugins/Runtime/Analytics/AnalyticsMulticast/AnalyticsMulticast.uplugin
LogPluginManager: Loaded Plugin Apsalar, From C:/Program Files (x86)/Epic Games/4.13/Engine/Plugins/Runtime/Analytics/Apsalar/Apsalar.uplugin
LogPluginManager: Loaded Plugin FileLogging, From C:/Program Files (x86)/Epic Games/4.13/Engine/Plugins/Runtime/Analytics/FileLogging/FileLogging.uplugin
LogPluginManager: Loaded Plugin Flurry, From C:/Program Files (x86)/Epic Games/4.13/Engine/Plugins/Runtime/Analytics/Flurry/Flurry.uplugin
LogPluginManager: Loaded Plugin AndroidDeviceProfileSelector, From C:/Program Files (x86)/Epic Games/4.13/Engine/Plugins/Runtime/AndroidDeviceProfileSelector/AndroidDeviceProfileSelector.uplugin
LogPluginManager: Loaded Plugin AndroidMoviePlayer, From C:/Program Files (x86)/Epic Games/4.13/Engine/Plugins/Runtime/AndroidMoviePlayer/AndroidMoviePlayer.uplugin
LogPluginManager: Loaded Plugin AppleMoviePlayer, From C:/Program Files (x86)/Epic Games/4.13/Engine/Plugins/Runtime/AppleMoviePlayer/AppleMoviePlayer.uplugin
LogPluginManager: Loaded Plugin ArchVisCharacter, From C:/Program Files (x86)/Epic Games/4.13/Engine/Plugins/Runtime/ArchVisCharacter/ArchVisCharacter.uplugin
LogPluginManager: Loaded Plugin CableComponent, From C:/Program Files (x86)/Epic Games/4.13/Engine/Plugins/Runtime/CableComponent/CableComponent.uplugin
LogPluginManager: Loaded Plugin CustomMeshComponent, From C:/Program Files (x86)/Epic Games/4.13/Engine/Plugins/Runtime/CustomMeshComponent/CustomMeshComponent.uplugin
LogPluginManager: Loaded Plugin ExampleDeviceProfileSelector, From C:/Program Files (x86)/Epic Games/4.13/Engine/Plugins/Runtime/ExampleDeviceProfileSelector/ExampleDeviceProfileSelector.uplugin
LogPluginManager: Loaded Plugin GearVR, From C:/Program Files (x86)/Epic Games/4.13/Engine/Plugins/Runtime/GearVR/GearVR.uplugin
LogPluginManager: Loaded Plugin GoogleVRController, From C:/Program Files (x86)/Epic Games/4.13/Engine/Plugins/Runtime/GoogleVR/GoogleVRController/GoogleVRController.uplugin
LogPluginManager: Loaded Plugin GoogleVRHMD, From C:/Program Files (x86)/Epic Games/4.13/Engine/Plugins/Runtime/GoogleVR/GoogleVRHMD/GoogleVRHMD.uplugin
LogPluginManager: Loaded Plugin IOSDeviceProfileSelector, From C:/Program Files (x86)/Epic Games/4.13/Engine/Plugins/Runtime/IOSDeviceProfileSelector/IOSDeviceProfileSelector.uplugin
LogPluginManager: Loaded Plugin LeapMotion, From C:/Program Files (x86)/Epic Games/4.13/Engine/Plugins/Runtime/LeapMotion/LeapMotion.uplugin
LogPluginManager: Loaded Plugin LinuxDeviceProfileSelector, From C:/Program Files (x86)/Epic Games/4.13/Engine/Plugins/Runtime/LinuxDeviceProfileSelector/LinuxDeviceProfileSelector.uplugin
LogPluginManager: Loaded Plugin LiveEditorListenServer, From C:/Program Files (x86)/Epic Games/4.13/Engine/Plugins/Runtime/LiveEditorListenServer/LiveEditorListenServer.uplugin
LogPluginManager: Loaded Plugin OculusAudio, From C:/Program Files (x86)/Epic Games/4.13/Engine/Plugins/Runtime/OculusAudio/OculusAudio.uplugin
LogPluginManager: Loaded Plugin OculusInput, From C:/Program Files (x86)/Epic Games/4.13/Engine/Plugins/Runtime/OculusInput/OculusInput.uplugin
LogPluginManager: Loaded Plugin OculusLibrary, From C:/Program Files (x86)/Epic Games/4.13/Engine/Plugins/Runtime/OculusLibrary/OculusLibrary.uplugin
LogPluginManager: Loaded Plugin OculusRift, From C:/Program Files (x86)/Epic Games/4.13/Engine/Plugins/Runtime/OculusRift/OculusRift.uplugin
LogPluginManager: Loaded Plugin Oodle, From C:/Program Files (x86)/Epic Games/4.13/Engine/Plugins/Runtime/PacketHandlers/CompressionComponents/Oodle/Oodle.uplugin
LogPluginManager: Loaded Plugin ProceduralMeshComponent, From C:/Program Files (x86)/Epic Games/4.13/Engine/Plugins/Runtime/ProceduralMeshComponent/ProceduralMeshComponent.uplugin
LogPluginManager: Loaded Plugin SoundMod, From C:/Program Files (x86)/Epic Games/4.13/Engine/Plugins/Runtime/SoundMod/SoundMod.uplugin
LogPluginManager: Loaded Plugin SoundVisualizations, From C:/Program Files (x86)/Epic Games/4.13/Engine/Plugins/Runtime/SoundVisualizations/SoundVisualizations.uplugin
LogPluginManager: Loaded Plugin SteamController, From C:/Program Files (x86)/Epic Games/4.13/Engine/Plugins/Runtime/Steam/SteamController/SteamController.uplugin
LogPluginManager: Loaded Plugin SteamVR, From C:/Program Files (x86)/Epic Games/4.13/Engine/Plugins/Runtime/Steam/SteamVR/SteamVR.uplugin
LogPluginManager: Loaded Plugin WebBrowserWidget, From C:/Program Files (x86)/Epic Games/4.13/Engine/Plugins/Runtime/WebBrowserWidget/WebBrowserWidget.uplugin
LogPluginManager: Loaded Plugin WindowsDeviceProfileSelector, From C:/Program Files (x86)/Epic Games/4.13/Engine/Plugins/Runtime/WindowsDeviceProfileSelector/WindowsDeviceProfileSelector.uplugin
LogPluginManager: Loaded Plugin WindowsMoviePlayer, From C:/Program Files (x86)/Epic Games/4.13/Engine/Plugins/Runtime/WindowsMoviePlayer/WindowsMoviePlayer.uplugin
LogPluginManager: Loaded Plugin ScriptPlugin, From C:/Program Files (x86)/Epic Games/4.13/Engine/Plugins/ScriptPlugin/ScriptPlugin.uplugin
LogPluginManager: Loaded Plugin SlateRemote, From C:/Program Files (x86)/Epic Games/4.13/Engine/Plugins/Slate/SlateRemote/SlateRemote.uplugin
LogInit: Using libcurl 7.47.1
LogInit:  - built for x86_64-pc-win32
LogInit:  - supports SSL with WinSSL
LogInit:  - other features:
LogInit:      CURL_VERSION_SSL
LogInit:      CURL_VERSION_IPV6
LogInit:      CURL_VERSION_ASYNCHDNS
LogInit:      CURL_VERSION_LARGEFILE
LogInit:      CURL_VERSION_IDN
LogInit:  CurlRequestOptions (configurable via config and command line):
LogInit:  - bVerifyPeer = false  - Libcurl will NOT verify peer certificate
LogInit:  - bUseHttpProxy = false  - Libcurl will NOT use HTTP proxy
LogInit:  - bDontReuseConnections = false  - Libcurl will reuse connections
LogInit:  - CertBundlePath = nullptr  - Libcurl will use whatever was configured at build time.
LogInit: Build: ++UE4+Release-4.13-CL-3172292
LogInit: Engine Version: 4.13.2-3172292+++UE4+Release-4.13
LogInit: Compatible Engine Version: 4.13.0-3106830+++UE4+Release-4.13
LogInit: Net CL: 3172292
LogDevObjectVersion: Number of dev versions registered: 13
LogDevObjectVersion:   Dev-Blueprints (B0D832E4-1F89-4F0D-ACCF-7EB736FD4AA2): 5
LogDevObjectVersion:   Dev-Build (E1C64328-A22C-4D53-A36C-8E866417BD8C): 0
LogDevObjectVersion:   Dev-Core (375EC13C-06E4-48FB-B500-84F0262A717E): 1
LogDevObjectVersion:   Dev-Editor (E4B068ED-F494-42E9-A231-DA0B2E46BB41): 6
LogDevObjectVersion:   Dev-Framework (CFFC743F-43B0-4480-9391-14DF171D2073): 12
LogDevObjectVersion:   Dev-Mobile (B02B49B5-BB20-44E9-A304-32B752E40360): 0
LogDevObjectVersion:   Dev-Networking (A4E4105C-59A1-49B5-A7C5-40C4547EDFEE): 0
LogDevObjectVersion:   Dev-Online (39C831C9-5AE6-47DC-9A44-9C173E1C8E7C): 0
LogDevObjectVersion:   Dev-Physics (78F01B33-EBEA-4F98-B9B4-84EACCB95AA2): 0
LogDevObjectVersion:   Dev-Platform (6631380F-2D4D-43E0-8009-CF276956A95A): 0
LogDevObjectVersion:   Dev-Rendering (12F88B9F-8875-4AFC-A67C-D90C383ABD29): 4
LogDevObjectVersion:   Dev-Sequencer (7B5AE74C-D270-4C10-A958-57980B212A5A): 0
LogDevObjectVersion:   Dev-VR (D7296918-1DD6-4BDD-9DE2-64A83CC13884): 0
LogInit: Compiled (64-bit): Oct 24 2016 14:29:06
LogInit: Compiled with Visual C++: 19.00.23026.00
LogInit: Build Configuration: Development
LogInit: Branch Name: ++UE4+Release-4.13
LogInit: Command line:  
LogInit: Base directory: C:/Program Files (x86)/Epic Games/4.13/Engine/Binaries/Win64/
LogInit: Installed Engine Build: 1
LogInit: Presizing for max 8388607 objects, including 0 objects not considered by GC, pre-allocating 0 bytes for permanent pool.
LogInit: Object subsystem initialized
[2016.12.18-04.29.59:345][  0]LogInit: Selected Device Profile: [Windows]
[2016.12.18-04.29.59:345][  0]LogInit: Applying CVar settings loaded from the selected device profile: [Windows]
[2016.12.18-04.29.59:378][  0]LogInit: Computer: BOBBY-PC
[2016.12.18-04.29.59:378][  0]LogInit: User: Bobby
[2016.12.18-04.29.59:378][  0]LogInit: CPU Page size=65536, Cores=4
[2016.12.18-04.29.59:378][  0]LogInit: High frequency timer resolution =3.312789 MHz
[2016.12.18-04.29.59:379][  0]LogMemory: Memory total: Physical=16.0GB (16GB approx)
[2016.12.18-04.29.59:379][  0]LogMemory: Platform Memory Stats for Windows
[2016.12.18-04.29.59:379][  0]LogMemory: Process Physical Memory: 258.68 MB used, 258.68 MB peak
[2016.12.18-04.29.59:379][  0]LogMemory: Process Virtual Memory: 259.95 MB used, 259.95 MB peak
[2016.12.18-04.29.59:379][  0]LogMemory: Physical Memory: 6565.45 MB used, 16347.43 MB total
[2016.12.18-04.29.59:379][  0]LogMemory: Virtual Memory: 622.82 MB used, 134217728.00 MB total
[2016.12.18-04.29.59:479][  0]LogTextLocalizationManager: No specific translations for ('en-US') exist, so ('en') translations will be used.
[2016.12.18-04.30.01:322][  0]LogD3D11RHI: D3D11 adapters:
[2016.12.18-04.30.02:214][  0]LogD3D11RHI:    0. 'NVIDIA GeForce GTX 760' (Feature Level 11_0)
[2016.12.18-04.30.02:214][  0]LogD3D11RHI:       2017/0/8173 MB DedicatedVideo/DedicatedSystem/SharedSystem, Outputs:2, VendorId:0x10de
[2016.12.18-04.30.02:217][  0]LogD3D11RHI:    1. 'Microsoft Basic Render Driver' (Feature Level 11_0)
[2016.12.18-04.30.02:217][  0]LogD3D11RHI:       0/0/8173 MB DedicatedVideo/DedicatedSystem/SharedSystem, Outputs:0, VendorId:0x1414
[2016.12.18-04.30.02:217][  0]LogD3D11RHI: Chosen D3D11 Adapter: 0
[2016.12.18-04.30.02:225][  0]LogD3D11RHI: Creating new Direct3DDevice
[2016.12.18-04.30.02:225][  0]LogD3D11RHI:     GPU DeviceId: 0x1187 (for the marketing name, search the web for "GPU Device Id")
[2016.12.18-04.30.02:225][  0]LogWindows: EnumDisplayDevices:
[2016.12.18-04.30.02:225][  0]LogWindows:    0. 'NVIDIA GeForce GTX 760' (P:1 D:1)
[2016.12.18-04.30.02:226][  0]LogWindows:    1. 'NVIDIA GeForce GTX 760' (P:0 D:1)
[2016.12.18-04.30.02:226][  0]LogWindows:    2. 'NVIDIA GeForce GTX 760' (P:0 D:0)
[2016.12.18-04.30.02:226][  0]LogWindows:    3. 'NVIDIA GeForce GTX 760' (P:0 D:0)
[2016.12.18-04.30.02:227][  0]LogWindows: DebugString: FoundDriverCount:4 
[2016.12.18-04.30.02:227][  0]LogD3D11RHI:     Adapter Name: NVIDIA GeForce GTX 760
[2016.12.18-04.30.02:227][  0]LogD3D11RHI:   Driver Version: 375.86 (internal:21.21.13.7586, unified:375.86)
[2016.12.18-04.30.02:227][  0]LogD3D11RHI:      Driver Date: 11-10-2016
[2016.12.18-04.30.02:227][  0]LogRHI: Texture pool is 1361 MB (70% of 1945 MB)
[2016.12.18-04.30.03:203][  0]LogD3D11RHI: Async texture creation enabled
[2016.12.18-04.30.04:024][  0]LogD3D11RHI: GPU Timing Frequency: 1000.000000 (Debug: 2 2)
[2016.12.18-04.30.04:025][  0]LogShaderCompilers: Guid format shader working directory is -4 characters bigger than the processId version (../../../../../../Users/Bobby/Desktop/Alpha_Build/Intermediate/Shaders/WorkingDirectory/15744/).
[2016.12.18-04.30.04:025][  0]LogShaderCompilers: Cleaned the shader compiler working directory 'C:/Users/Bobby/AppData/Local/Temp/UnrealShaderWorkingDir/AC544E61489C4F845EEBBEA13C76D109/'.
[2016.12.18-04.30.04:025][  0]LogShaderCompilers:Display: Using Local Shader Compiler.
[2016.12.18-04.30.06:652][  0]LogTemp:Display: Loaded TP AllDesktopTargetPlatform
[2016.12.18-04.30.06:675][  0]LogTemp:Display: Loaded TP WindowsClientTargetPlatform
[2016.12.18-04.30.06:698][  0]LogTemp:Display: Loaded TP WindowsNoEditorTargetPlatform
[2016.12.18-04.30.06:719][  0]LogTemp:Display: Loaded TP WindowsServerTargetPlatform
[2016.12.18-04.30.06:741][  0]LogTemp:Display: Loaded TP WindowsTargetPlatform
[2016.12.18-04.30.06:759][  0]LogTemp:Display: Loaded TP AndroidTargetPlatform
[2016.12.18-04.30.06:774][  0]LogTemp:Display: Loaded TP Android_ASTCTargetPlatform
[2016.12.18-04.30.06:790][  0]LogTemp:Display: Loaded TP Android_ATCTargetPlatform
[2016.12.18-04.30.06:807][  0]LogTemp:Display: Loaded TP Android_DXTTargetPlatform
[2016.12.18-04.30.06:823][  0]LogTemp:Display: Loaded TP Android_ETC1TargetPlatform
[2016.12.18-04.30.06:840][  0]LogTemp:Display: Loaded TP Android_ETC2TargetPlatform
[2016.12.18-04.30.06:871][  0]LogTemp:Display: Loaded TP Android_MultiTargetPlatform
[2016.12.18-04.30.06:871][  0]LogTemp:Display: Loaded TP Android_PVRTCTargetPlatform
[2016.12.18-04.30.06:873][  0]LogTemp:Display: Loaded TP HTML5TargetPlatform
[2016.12.18-04.30.06:908][  0]LogTemp:Display: Loaded TP IOSTargetPlatform
[2016.12.18-04.30.06:920][  0]LogTemp:Display: Loaded TP TVOSTargetPlatform
[2016.12.18-04.30.06:936][  0]LogTemp:Display: Loaded TP LinuxClientTargetPlatform
[2016.12.18-04.30.06:948][  0]LogTemp:Display: Loaded TP LinuxNoEditorTargetPlatform
[2016.12.18-04.30.06:962][  0]LogTemp:Display: Loaded TP LinuxServerTargetPlatform
[2016.12.18-04.30.06:977][  0]LogTemp:Display: Loaded TP LinuxTargetPlatform
[2016.12.18-04.30.06:977][  0]LogTargetPlatformManager:Display: Building Assets For Windows
[2016.12.18-04.30.07:218][  0]LogDerivedDataCache:Display: Max Cache Size: 512 MB
[2016.12.18-04.30.07:318][  0]LogDerivedDataCache: Loaded boot cache 0.10s 64MB C:/Users/Bobby/AppData/Local/UnrealEngine/4.13/DerivedDataCache/Boot.ddc.
[2016.12.18-04.30.07:318][  0]LogDerivedDataCache:Display: Loaded Boot cache: C:/Users/Bobby/AppData/Local/UnrealEngine/4.13/DerivedDataCache/Boot.ddc
[2016.12.18-04.30.07:318][  0]LogDerivedDataCache: FDerivedDataBackendGraph:  Pak pak cache file ../../../../../../Users/Bobby/Desktop/Alpha_Build/DerivedDataCache/DDC.ddp not found, will not use a pak cache.
[2016.12.18-04.30.07:318][  0]LogDerivedDataCache: Unable to find inner node Pak for hierarchical cache Hierarchy.
[2016.12.18-04.30.07:318][  0]LogDerivedDataCache: FDerivedDataBackendGraph:  CompressedPak pak cache file ../../../../../../Users/Bobby/Desktop/Alpha_Build/DerivedDataCache/Compressed.ddp not found, will not use a pak cache.
[2016.12.18-04.30.07:318][  0]LogDerivedDataCache: Unable to find inner node CompressedPak for hierarchical cache Hierarchy.
[2016.12.18-04.30.07:349][  0]LogDerivedDataCache:Display: Pak cache opened for reading ../../../Engine/DerivedDataCache/Compressed.ddp.
[2016.12.18-04.30.07:361][  0]LogDerivedDataCache: Using Local data cache path C:/Users/Bobby/AppData/Local/UnrealEngine/Common/DerivedDataCache: Writable
[2016.12.18-04.30.07:982][  0]LogInit: Selected Device Profile: [Windows]
[2016.12.18-04.30.07:990][  0]LogContentStreaming: Texture pool size is 0.00 MB
[2016.12.18-04.30.08:257][  0]LogMeshUtilities: No automatic mesh reduction module available
[2016.12.18-04.30.08:257][  0]LogMeshUtilities: No automatic mesh merging module available
[2016.12.18-04.30.08:257][  0]LogMeshUtilities: No distributed automatic mesh merging module available
[2016.12.18-04.30.08:495][  0]LogMaterial: Uniform references updated for custom material expression Custom.
[2016.12.18-04.30.09:114][  0]LogNetVersion: GetLocalNetworkVersion: CL: 3106830, ProjectName: alpha, ProjectVersion: , EngineNetworkVersion: 1, GameNetworkVersion: 0, NetworkChecksum: 461884535
[2016.12.18-04.30.09:176][  0]LogAssetRegistry: FAssetRegistry took 0.0219 seconds to start up
[2016.12.18-04.30.09:233][  0]LogPackageLocalizationCache: Processed 3 localized package path(s) for 2 prioritized culture(s) in 0.048149 seconds
[2016.12.18-04.30.09:243][  0]LogUObjectArray: 29778 objects as part of root set at end of initial load.
[2016.12.18-04.30.09:243][  0]LogUObjectAllocator: 6125448 out of 0 bytes used by permanent object pool.
[2016.12.18-04.30.09:243][  0]LogUObjectArray: CloseDisregardForGC: 0/0 objects in disregard for GC pool
[2016.12.18-04.30.09:272][  0]LogInit: WinSock: version 1.1 (2.2), MaxSocks=32767, MaxUdp=65467
[2016.12.18-04.30.09:833][  0]LogSlate: SlateFontCache - WITH_FREETYPE: 1, WITH_HARFBUZZ: 1
[2016.12.18-04.30.09:833][  0]LogSlate: SlateFontCache - WITH_FREETYPE: 1, WITH_HARFBUZZ: 1
[2016.12.18-04.30.11:752][  0]LogTcpMessaging: Initializing TcpMessaging bridge
[2016.12.18-04.30.11:799][  0]LogUdpMessaging: Initializing bridge on interface 0.0.0.0:0 to multicast group 230.0.0.1:6666.
[2016.12.18-04.30.12:970][  0]SourceControl: Info Source control is disabled
[2016.12.18-04.30.13:173][  0]SourceControl: Info Source control is disabled
[2016.12.18-04.30.13:210][  0]SourceControl: Info Source control is disabled
[2016.12.18-04.30.13:249][  0]SourceControl: Info Source control is disabled
[2016.12.18-04.30.14:209][  0]LogEngine: Initializing Engine...
[2016.12.18-04.30.14:210][  0]LogHMD: Failed to initialize OpenVR with code 110
[2016.12.18-04.30.14:535][  0]LogAIModule: Creating AISystem for world Untitled
[2016.12.18-04.30.14:575][  0]LogInit: XAudio2 using 'Speakers (Realtek High Definition Audio)' : 2 channels at 48 kHz using 32 bits per sample (channel mask 0x3)
[2016.12.18-04.30.14:609][  0]LogInit: FAudioDevice initialized.
[2016.12.18-04.30.14:660][  0]LogDerivedDataCache: Saved boot cache 0.05s 64MB C:/Users/Bobby/AppData/Local/UnrealEngine/4.13/DerivedDataCache/Boot.ddc.
[2016.12.18-04.30.14:668][  0]LogInit: Texture streaming: Enabled
[2016.12.18-04.30.14:735][  0]LogInit: Transaction tracking system initialized
[2016.12.18-04.30.14:829][  0]BlueprintLog: New page: Editor Load
[2016.12.18-04.30.15:188][  0]LocalizationService: Info Localization service is disabled
[2016.12.18-04.30.15:399][  0]LogConsoleResponse:Display: 
[2016.12.18-04.30.15:694][  0]LogCook:Display: Max memory allowance for cook 16384mb min free memory 0mb
[2016.12.18-04.30.15:695][  0]LogCook:Display: Mobile HDR setting 1
[2016.12.18-04.30.15:795][  0]LogFileCache: Scanning file cache for directory 'C:/Users/Bobby/Desktop/Alpha_Build/Content/' took 0.02s
[2016.12.18-04.30.16:179][  0]SourceControl: Info Source control is disabled
[2016.12.18-04.30.16:180][  0]Cmd: MAP LOAD FILE="../../../../../../Users/Bobby/Desktop/Alpha_Build/Content/Maps/MainMap.umap" TEMPLATE=0 SHOWPROGRESS=1 FEATURELEVEL=3
[2016.12.18-04.30.16:181][  0]LightingResults: New page: Lighting Build
[2016.12.18-04.30.16:188][  0]MapCheck: New page: Map Check
[2016.12.18-04.30.16:188][  0]LightingResults: New page: Lighting Build
[2016.12.18-04.30.16:252][  0]LogLinker:Warning: Can't find file '/Game/Geometry/Meshes/EmptyLocationMaterial'
[2016.12.18-04.30.16:252][  0]LogLinker:Warning: Can't find file for asset '/Game/Geometry/Meshes/EmptyLocationMaterial' while loading ../../../../../../Users/Bobby/Desktop/Alpha_Build/Content/Geometry/Meshes/EmptyTowerLocation.uasset.
[2016.12.18-04.30.16:252][  0]LoadErrors:Error: Error /Game/Geometry/Meshes/EmptyTowerLocation : Can't find file for asset. /Game/Geometry/Meshes/EmptyLocationMaterial
[2016.12.18-04.30.16:252][  0]LogLinker:Warning: Can't find file '/Game/Geometry/Meshes/EmptyLocationMaterial'
[2016.12.18-04.30.16:253][  0]LogLinker:Warning: Can't find file for asset '/Game/Geometry/Meshes/EmptyLocationMaterial' while loading ../../../../../../Users/Bobby/Desktop/Alpha_Build/Content/Geometry/Meshes/EmptyTowerLocation.uasset.
[2016.12.18-04.30.16:253][  0]LoadErrors:Error: Error /Game/Geometry/Meshes/EmptyTowerLocation : Can't find file for asset. /Game/Geometry/Meshes/EmptyLocationMaterial
[2016.12.18-04.30.16:737][  0]LogLinker:Warning: Can't find file '/Game/Geometry/Meshes/EmptyLocationMaterial'
[2016.12.18-04.30.16:737][  0]LoadErrors: Info Failed to load /Game/Geometry/Meshes/EmptyLocationMaterial.EmptyLocationMaterial Referenced by EmptyTowerLocation
[2016.12.18-04.30.16:737][  0]LogLinker:Warning: Can't find file for asset '/Game/Geometry/Meshes/EmptyLocationMaterial' while loading NULL.
[2016.12.18-04.30.16:737][  0]LoadErrors: Info Failed to load /Game/Geometry/Meshes/EmptyLocationMaterial.EmptyLocationMaterial Referenced by EmptyTowerLocation
[2016.12.18-04.30.17:369][  0]LogAIModule: Creating AISystem for world MainMap
[2016.12.18-04.30.17:492][  0]LogEditorServer: Finished looking for orphan Actors (0.000 secs)
[2016.12.18-04.30.17:517][  0]Cmd: MAP CHECKDEP NOCLEARLOG
[2016.12.18-04.30.17:742][  0]MapCheck: Info Map check complete: 0 Error(s), 0 Warning(s), took 225.015ms to complete.
[2016.12.18-04.30.17:742][  0]LogFileHelpers: Loading map 'MainMap' took 1.563
[2016.12.18-04.30.18:049][  0]LogCollectionManager: Loaded 0 collections in 0.009524 seconds
[2016.12.18-04.30.18:115][  0]LogFileCache: Scanning file cache for directory 'C:/Users/Bobby/Desktop/Alpha_Build/Saved/Collections/' took 0.01s
[2016.12.18-04.30.18:115][  0]LogFileCache: Scanning file cache for directory 'C:/Users/Bobby/Desktop/Alpha_Build/Content/Developers/Bobby/Collections/' took 0.01s
[2016.12.18-04.30.18:115][  0]LogFileCache: Scanning file cache for directory 'C:/Users/Bobby/Desktop/Alpha_Build/Content/Collections/' took 0.01s
[2016.12.18-04.30.18:115][  0]LogCollectionManager: Rebuilt the GUID cache for 0 collections in 0.000005 seconds
[2016.12.18-04.30.18:151][  0]LogContentBrowser: Native class hierarchy populated in 0.0356 seconds. Added 2144 classes and 417 folders.
[2016.12.18-04.30.18:167][  0]LogStats: UGameplayTagsManager::ConstructGameplayTagTree: Construct from data asset -  0.000 s
[2016.12.18-04.30.18:167][  0]LogStats: UGameplayTagsManager::ConstructGameplayTagTree: GameplayTagTreeChangedEvent.Broadcast -  0.000 s
[2016.12.18-04.30.18:176][  0]LogContentBrowser: Native class hierarchy updated for 'GameplayTags' in 0.0083 seconds. Added 12 classes and 0 folders.
[2016.12.18-04.30.18:206][  0]LogContentBrowser: Native class hierarchy updated for 'WidgetCarousel' in 0.0074 seconds. Added 0 classes and 0 folders.
[2016.12.18-04.30.18:415][  0]LogContentBrowser: Native class hierarchy updated for 'AddContentDialog' in 0.0051 seconds. Added 0 classes and 0 folders.
[2016.12.18-04.30.18:432][  0]LogContentBrowser: Native class hierarchy updated for 'SceneOutliner' in 0.0050 seconds. Added 1 classes and 2 folders.
[2016.12.18-04.30.18:463][  0]LogCrashTracker: Crashtracker disabled due to settings.
[2016.12.18-04.30.18:491][  0]LogUObjectGlobals:Warning: Failed to find object 'Class None.'
[2016.12.18-04.30.18:530][  0]LogContentBrowser: Native class hierarchy updated for 'HierarchicalLODOutliner' in 0.0053 seconds. Added 1 classes and 2 folders.
[2016.12.18-04.30.18:531][  0]LogLoad: (Engine Initialization) Total time: 22.71 seconds
[2016.12.18-04.30.18:531][  0]LogLoad: (Engine Initialization) Total Blueprint compile time: 0.21 seconds
[2016.12.18-04.30.18:531][  0]LogExternalProfiler: Found external profiler: VSPerf
[2016.12.18-04.30.18:531][  0]LogExternalProfiler: Using external profiler: VSPerf
[2016.12.18-04.30.18:873][  0]LogOcInput: OculusInput pre-init called
[2016.12.18-04.30.18:942][  0]LogContentStreaming: Texture pool size now 1000 MB
[2016.12.18-04.30.19:437][  0]LogRenderer: Reallocating scene render targets to support 1056x512 (Frame:2).
[2016.12.18-04.30.19:573][  1]LogFileCache: Retrieving MD5 hashes for directory 'C:/Users/Bobby/Desktop/Alpha_Build/Content/' took 0.68s
[2016.12.18-04.30.20:234][  3]LogAssetRegistry: Asset discovery search completed in 11.0801 seconds
[2016.12.18-04.30.20:235][  3]LogCollectionManager: Rebuilt the object cache for 0 collections in 0.000001 seconds (found 0 objects)
[2016.12.18-04.30.20:235][  3]LogCollectionManager: Fixed up redirectors for 0 collections in 0.000113 seconds (updated 0 objects)
[2016.12.18-04.30.33:566][357]Cmd: OBJ SAVEPACKAGE PACKAGE="/Game/Maps/MainMap" FILE="../../../../../../Users/Bobby/Desktop/Alpha_Build/Content/Maps/MainMap.umap" SILENT=true AUTOSAVING=false KEEPDIRTY=false
[2016.12.18-04.30.35:260][357]LogSavePackage: Save=1611.37ms
[2016.12.18-04.30.35:260][357]LogSavePackage: Moving '../../../../../../Users/Bobby/Desktop/Alpha_Build/Saved/MainMap6CF973704C006CD15DA630A6CE2F245E.tmp' to '../../../../../../Users/Bobby/Desktop/Alpha_Build/Content/Maps/MainMap.umap'
[2016.12.18-04.30.35:265][357]LogSavePackage:Display: Finished SavePackage ../../../../../../Users/Bobby/Desktop/Alpha_Build/Content/Maps/MainMap.umap
[2016.12.18-04.30.36:575][460]LogBlueprintUserMessages: Early PlayInEditor Detection: Level '/Game/Maps/MainMap.MainMap:PersistentLevel' has LevelScriptBlueprint '/Game/Maps/MainMap.MainMap:PersistentLevel.MainMap' with GeneratedClass '/Game/Maps/MainMap.MainMap_C' with ClassGeneratedBy '/Game/Maps/MainMap.MainMap:PersistentLevel.MainMap'
[2016.12.18-04.30.36:575][460]LogPlayLevel: PlayLevel: No blueprints needed recompiling
[2016.12.18-04.30.36:576][460]PIE: New page: PIE session: MainMap (Dec 17, 2016, 12:30:36 PM)
[2016.12.18-04.30.36:576][460]LogPlayLevel: Creating play world package: /Game/Maps/UEDPIE_0_MainMap
[2016.12.18-04.30.36:788][460]LogPlayLevel: PIE: StaticDuplicateObject took: (0.212077s)
[2016.12.18-04.30.36:789][460]LogAIModule: Creating AISystem for world MainMap
[2016.12.18-04.30.36:789][460]LogPlayLevel: PIE: World Init took: (0.001499s)
[2016.12.18-04.30.36:790][460]LogPlayLevel: PIE: Created PIE world by copying editor world from /Game/Maps/MainMap.MainMap to /Game/Maps/UEDPIE_0_MainMap.MainMap (0.213935s)
[2016.12.18-04.30.36:819][460]LogInit: XAudio2 using 'Speakers (Realtek High Definition Audio)' : 2 channels at 48 kHz using 32 bits per sample (channel mask 0x3)
[2016.12.18-04.30.36:835][460]LogInit: FAudioDevice initialized.
[2016.12.18-04.30.36:930][460]LogWorld: Game class is 'AlphaGameMode'
[2016.12.18-04.30.36:970][460]LogWorld: Bringing World /Game/Maps/UEDPIE_0_MainMap.MainMap up for play (max tick rate 0) at 2016.12.17-20.30.36
[2016.12.18-04.30.36:983][460]LogWorld: Bringing up level for play took: 0.051012
[2016.12.18-04.30.36:994][460]LogContentBrowser: Native class hierarchy updated for 'MovieSceneCapture' in 0.0038 seconds. Added 11 classes and 0 folders.
[2016.12.18-04.30.36:995][460]LogGameMode:Display: Match State Changed from EnteringMap to WaitingToStart
[2016.12.18-04.30.36:995][460]LogGameState: Match State Changed from EnteringMap to WaitingToStart
[2016.12.18-04.30.36:995][460]LogGameMode:Display: Match State Changed from WaitingToStart to InProgress
[2016.12.18-04.30.37:003][460]LogGameState: Match State Changed from WaitingToStart to InProgress
[2016.12.18-04.30.37:010][460]PIE: Info Play in editor start time for /Game/Maps/UEDPIE_0_MainMap 0.856
[2016.12.18-04.30.37:010][460]LogBlueprintUserMessages: Late PlayInEditor Detection: Level '/Game/Maps/MainMap.MainMap:PersistentLevel' has LevelScriptBlueprint '/Game/Maps/MainMap.MainMap:PersistentLevel.MainMap' with GeneratedClass '/Game/Maps/MainMap.MainMap_C' with ClassGeneratedBy '/Game/Maps/MainMap.MainMap:PersistentLevel.MainMap'
[2016.12.18-04.30.37:079][460]LogRenderer: Reallocating scene render targets to support 1292x756 (Frame:409).
[2016.12.18-04.31.33:592][638]LogBlueprintUserMessages: Early EndPlayMap Detection: Level '/Game/Maps/MainMap.MainMap:PersistentLevel' has LevelScriptBlueprint '/Game/Maps/MainMap.MainMap:PersistentLevel.MainMap' with GeneratedClass '/Game/Maps/MainMap.MainMap_C' with ClassGeneratedBy '/Game/Maps/MainMap.MainMap:PersistentLevel.MainMap'
[2016.12.18-04.31.33:635][638]LogBlueprintUserMessages: Late EndPlayMap Detection: Level '/Game/Maps/MainMap.MainMap:PersistentLevel' has LevelScriptBlueprint '/Game/Maps/MainMap.MainMap:PersistentLevel.MainMap' with GeneratedClass '/Game/Maps/MainMap.MainMap_C' with ClassGeneratedBy '/Game/Maps/MainMap.MainMap:PersistentLevel.MainMap'
[2016.12.18-04.39.37:711][171]AssetReimport: New page: Outstanding source content changes 12:39:37 PM
[2016.12.18-04.39.37:751][172]LogFactory: FactoryCreateFile: Texture with ReimportTextureFactory (0 0 C:/Users/Bobby/Desktop/Alpha_Build/Content/Textures/logo.png)
[2016.12.18-04.39.38:216][173]Cmd: OBJ SAVEPACKAGE PACKAGE="/Game/Textures/logo" FILE="../../../../../../Users/Bobby/Desktop/Alpha_Build/Content/Textures/logo.uasset" SILENT=true
[2016.12.18-04.39.38:255][173]LogSavePackage: Save=36.15ms
[2016.12.18-04.39.38:255][173]LogSavePackage: Moving '../../../../../../Users/Bobby/Desktop/Alpha_Build/Saved/logo241F8F52487B4B11EEE86789914778A7.tmp' to '../../../../../../Users/Bobby/Desktop/Alpha_Build/Content/Textures/logo.uasset'
[2016.12.18-04.39.38:260][173]LogSavePackage:Display: Finished SavePackage ../../../../../../Users/Bobby/Desktop/Alpha_Build/Content/Textures/logo.uasset
[2016.12.18-04.39.41:295][424]AssetReimport: Info Importing new asset /Game/Textures/logo.
[2016.12.18-04.39.49:409][  4]LogContentBrowser: Native class hierarchy updated for 'BlueprintGraph' in 0.0053 seconds. Added 112 classes and 0 folders.
[2016.12.18-04.40.12:876][541]BlueprintLog: New page: Compile menu_Main
[2016.12.18-04.40.14:035][595]Cmd: OBJ SAVEPACKAGE PACKAGE="/Game/UI/menu_Main" FILE="../../../../../../Users/Bobby/Desktop/Alpha_Build/Content/UI/menu_Main.uasset" SILENT=true
[2016.12.18-04.40.14:078][595]LogSavePackage: Save=29.68ms
[2016.12.18-04.40.14:078][595]LogSavePackage: Moving '../../../../../../Users/Bobby/Desktop/Alpha_Build/Saved/menu_MainCBFEFA81447021AAEC757C86B075EC95.tmp' to '../../../../../../Users/Bobby/Desktop/Alpha_Build/Content/UI/menu_Main.uasset'
[2016.12.18-04.40.14:082][595]LogSavePackage:Display: Finished SavePackage ../../../../../../Users/Bobby/Desktop/Alpha_Build/Content/UI/menu_Main.uasset
[2016.12.18-04.40.17:868][844]LogBlueprintUserMessages: Early PlayInEditor Detection: Level '/Game/Maps/MainMap.MainMap:PersistentLevel' has LevelScriptBlueprint '/Game/Maps/MainMap.MainMap:PersistentLevel.MainMap' with GeneratedClass '/Game/Maps/MainMap.MainMap_C' with ClassGeneratedBy '/Game/Maps/MainMap.MainMap:PersistentLevel.MainMap'
[2016.12.18-04.40.17:868][844]LogPlayLevel: PlayLevel: No blueprints needed recompiling
[2016.12.18-04.40.17:868][844]PIE: New page: PIE session: MainMap (Dec 17, 2016, 12:40:17 PM)
[2016.12.18-04.40.17:868][844]LogPlayLevel: Creating play world package: /Game/Maps/UEDPIE_0_MainMap
[2016.12.18-04.40.18:101][844]LogPlayLevel: PIE: StaticDuplicateObject took: (0.233333s)
[2016.12.18-04.40.18:103][844]LogAIModule: Creating AISystem for world MainMap
[2016.12.18-04.40.18:103][844]LogPlayLevel: PIE: World Init took: (0.001493s)
[2016.12.18-04.40.18:103][844]LogPlayLevel: PIE: Created PIE world by copying editor world from /Game/Maps/MainMap.MainMap to /Game/Maps/UEDPIE_0_MainMap.MainMap (0.235171s)
[2016.12.18-04.40.18:142][844]LogInit: XAudio2 using 'Speakers (Realtek High Definition Audio)' : 2 channels at 48 kHz using 32 bits per sample (channel mask 0x3)
[2016.12.18-04.40.18:164][844]LogInit: FAudioDevice initialized.
[2016.12.18-04.40.18:259][844]LogWorld: Game class is 'AlphaGameMode'
[2016.12.18-04.40.18:300][844]LogWorld: Bringing World /Game/Maps/UEDPIE_0_MainMap.MainMap up for play (max tick rate 0) at 2016.12.17-20.40.18
[2016.12.18-04.40.18:316][844]LogWorld: Bringing up level for play took: 0.054937
[2016.12.18-04.40.18:318][844]LogGameMode:Display: Match State Changed from EnteringMap to WaitingToStart
[2016.12.18-04.40.18:318][844]LogGameState: Match State Changed from EnteringMap to WaitingToStart
[2016.12.18-04.40.18:318][844]LogGameMode:Display: Match State Changed from WaitingToStart to InProgress
[2016.12.18-04.40.18:340][844]LogGameState: Match State Changed from WaitingToStart to InProgress
[2016.12.18-04.40.18:347][844]PIE: Info Play in editor start time for /Game/Maps/UEDPIE_0_MainMap 0.193
[2016.12.18-04.40.18:365][844]LogBlueprintUserMessages: Late PlayInEditor Detection: Level '/Game/Maps/MainMap.MainMap:PersistentLevel' has LevelScriptBlueprint '/Game/Maps/MainMap.MainMap:PersistentLevel.MainMap' with GeneratedClass '/Game/Maps/MainMap.MainMap_C' with ClassGeneratedBy '/Game/Maps/MainMap.MainMap:PersistentLevel.MainMap'
[2016.12.18-04.41.24:130][455]LogRenderer: Reallocating scene render targets to support 1680x996 (Frame:11452).
[2016.12.18-04.41.45:178][499]LogBlueprintUserMessages: Early EndPlayMap Detection: Level '/Game/Maps/MainMap.MainMap:PersistentLevel' has LevelScriptBlueprint '/Game/Maps/MainMap.MainMap:PersistentLevel.MainMap' with GeneratedClass '/Game/Maps/MainMap.MainMap_C' with ClassGeneratedBy '/Game/Maps/MainMap.MainMap:PersistentLevel.MainMap'
[2016.12.18-04.41.45:239][499]LogBlueprintUserMessages: Late EndPlayMap Detection: Level '/Game/Maps/MainMap.MainMap:PersistentLevel' has LevelScriptBlueprint '/Game/Maps/MainMap.MainMap:PersistentLevel.MainMap' with GeneratedClass '/Game/Maps/MainMap.MainMap_C' with ClassGeneratedBy '/Game/Maps/MainMap.MainMap:PersistentLevel.MainMap'
[2016.12.18-04.41.52:267][980]Cmd: QUIT_EDITOR
[2016.12.18-04.41.52:806][980]LogWindowsTextInputMethodSystem:Display: IME system now deactivated.
[2016.12.18-04.41.52:868][980]LogExit: Preparing to exit.
[2016.12.18-04.41.53:234][980]LogDirectoryWatcher: A directory notification for 'C:/Users/Bobby/Desktop/Alpha_Build/Content/' was aborted.
[2016.12.18-04.41.53:419][980]LogExit: Editor shut down
[2016.12.18-04.41.53:447][980]LogExit: Transaction tracking system shut down
[2016.12.18-04.41.54:015][980]LogObj: Freed 0b from 0 cluster array pools.
[2016.12.18-04.41.54:015][980]LogExit: Object subsystem successfully closed.
[2016.12.18-04.41.54:035][980]LogD3D11RHI: Shutdown
[2016.12.18-04.41.54:035][980]LogD3D11RHI: CleanupD3DDevice
[2016.12.18-04.41.54:211][980]LogD3D11RHI: ~FD3D11DynamicRHI
[2016.12.18-04.41.54:287][980]LogModuleManager: Shutting down and abandoning module SequencerWidgets (238)
[2016.12.18-04.41.54:287][980]LogModuleManager: Shutting down and abandoning module BlueprintGraph (237)
[2016.12.18-04.41.54:287][980]LogModuleManager: Shutting down and abandoning module BlueprintProfiler (236)
[2016.12.18-04.41.54:287][980]LogModuleManager: Shutting down and abandoning module MovieSceneCapture (235)
[2016.12.18-04.41.54:287][980]LogModuleManager: Shutting down and abandoning module HierarchicalLODOutliner (234)
[2016.12.18-04.41.54:287][980]LogModuleManager: Shutting down and abandoning module CrashTracker (233)
[2016.12.18-04.41.54:287][980]LogModuleManager: Shutting down and abandoning module SceneOutliner (232)
[2016.12.18-04.41.54:287][980]LogModuleManager: Shutting down and abandoning module WidgetCarousel (231)
[2016.12.18-04.41.54:287][980]LogModuleManager: Shutting down and abandoning module AddContentDialog (230)
[2016.12.18-04.41.54:287][980]LogDirectoryWatcher: A directory notification for 'C:/Program Files (x86)/Epic Games/4.13/FeaturePacks/' was aborted.
[2016.12.18-04.41.54:289][980]LogModuleManager: Shutting down and abandoning module GameplayTags (229)
[2016.12.18-04.41.54:289][980]LogModuleManager: Shutting down and abandoning module EditorWidgets (228)
[2016.12.18-04.41.54:289][980]LogModuleManager: Shutting down and abandoning module CollectionManager (227)
[2016.12.18-04.41.54:289][980]LogDirectoryWatcher: A directory notification for 'C:/Users/Bobby/Desktop/Alpha_Build/Content/Collections/' was aborted.
[2016.12.18-04.41.54:289][980]LogDirectoryWatcher: A directory notification for 'C:/Users/Bobby/Desktop/Alpha_Build/Content/Developers/Bobby/Collections/' was aborted.
[2016.12.18-04.41.54:289][980]LogDirectoryWatcher: A directory notification for 'C:/Users/Bobby/Desktop/Alpha_Build/Saved/Collections/' was aborted.
[2016.12.18-04.41.54:290][980]LogModuleManager: Shutting down and abandoning module StatsViewer (226)
[2016.12.18-04.41.54:290][980]LogModuleManager: Shutting down and abandoning module FoliageEdit (225)
[2016.12.18-04.41.54:290][980]LogModuleManager: Shutting down and abandoning module LandscapeEditor (224)
[2016.12.18-04.41.54:290][980]LogModuleManager: Shutting down and abandoning module SceneDepthPickerMode (223)
[2016.12.18-04.41.54:290][980]LogModuleManager: Shutting down and abandoning module ActorPickerMode (222)
[2016.12.18-04.41.54:290][980]LogModuleManager: Shutting down and abandoning module GeometryMode (221)
[2016.12.18-04.41.54:290][980]LogModuleManager: Shutting down and abandoning module TextureAlignMode (220)
[2016.12.18-04.41.54:290][980]LogModuleManager: Shutting down and abandoning module BspMode (219)
[2016.12.18-04.41.54:290][980]LogModuleManager: Shutting down and abandoning module HardwareSurvey (218)
[2016.12.18-04.41.54:290][980]LogModuleManager: Shutting down and abandoning module SequenceRecorderSections (217)
[2016.12.18-04.41.54:290][980]LogModuleManager: Shutting down and abandoning module SequenceRecorder (216)
[2016.12.18-04.41.54:290][980]LogModuleManager: Shutting down and abandoning module AutomationWorker (215)
[2016.12.18-04.41.54:290][980]LogModuleManager: Shutting down and abandoning module MatineeToLevelSequence (214)
[2016.12.18-04.41.54:290][980]LogModuleManager: Shutting down and abandoning module PlacementMode (213)
[2016.12.18-04.41.54:290][980]LogModuleManager: Shutting down and abandoning module LevelSequenceEditor (212)
[2016.12.18-04.41.54:291][980]LogModuleManager: Shutting down and abandoning module WmfMediaFactory (211)
[2016.12.18-04.41.54:291][980]LogModuleManager: Shutting down and abandoning module WmfMediaEditor (210)
[2016.12.18-04.41.54:291][980]LogModuleManager: Shutting down and abandoning module AvfMediaFactory (209)
[2016.12.18-04.41.54:291][980]LogModuleManager: Shutting down and abandoning module AvfMediaEditor (208)
[2016.12.18-04.41.54:291][980]LogModuleManager: Shutting down and abandoning module Media (207)
[2016.12.18-04.41.54:291][980]LogModuleManager: Shutting down and abandoning module AndroidMediaFactory (206)
[2016.12.18-04.41.54:291][980]LogModuleManager: Shutting down and abandoning module AndroidMediaEditor (205)
[2016.12.18-04.41.54:291][980]LogModuleManager: Shutting down and abandoning module CharacterAI (204)
[2016.12.18-04.41.54:291][980]LogModuleManager: Shutting down and abandoning module SmartSnapping (203)
[2016.12.18-04.41.54:291][980]LogModuleManager: Shutting down and abandoning module SessionServices (202)
[2016.12.18-04.41.54:291][980]LogModuleManager: Shutting down and abandoning module ViewportSnapping (201)
[2016.12.18-04.41.54:291][980]LogModuleManager: Shutting down and abandoning module ViewportInteraction (200)
[2016.12.18-04.41.54:291][980]LogModuleManager: Shutting down and abandoning module LogVisualizer (199)
[2016.12.18-04.41.54:291][980]LogModuleManager: Shutting down and abandoning module GameProjectGeneration (198)
[2016.12.18-04.41.54:291][980]LogModuleManager: Shutting down and abandoning module IntroTutorials (197)
[2016.12.18-04.41.54:291][980]LogModuleManager: Shutting down and abandoning module EditorLiveStreaming (196)
[2016.12.18-04.41.54:291][980]LogModuleManager: Shutting down and abandoning module IOSPlatformEditor (195)
[2016.12.18-04.41.54:291][980]LogModuleManager: Shutting down and abandoning module HTML5PlatformEditor (194)
[2016.12.18-04.41.54:292][980]LogModuleManager: Shutting down and abandoning module AndroidDeviceDetection (193)
[2016.12.18-04.41.55:007][980]LogModuleManager: Shutting down and abandoning module AndroidPlatformEditor (192)
[2016.12.18-04.41.55:007][980]LogModuleManager: Shutting down and abandoning module IOSRuntimeSettings (191)
[2016.12.18-04.41.55:007][980]LogModuleManager: Shutting down and abandoning module AndroidRuntimeSettings (190)
[2016.12.18-04.41.55:007][980]LogModuleManager: Shutting down and abandoning module NiagaraEditor (189)
[2016.12.18-04.41.55:007][980]LogModuleManager: Shutting down and abandoning module MergeActors (188)
[2016.12.18-04.41.55:007][980]LogModuleManager: Shutting down and abandoning module SizeMap (187)
[2016.12.18-04.41.55:007][980]LogModuleManager: Shutting down and abandoning module TreeMap (186)
[2016.12.18-04.41.55:007][980]LogModuleManager: Shutting down and abandoning module ReferenceViewer (185)
[2016.12.18-04.41.55:007][980]LogModuleManager: Shutting down and abandoning module LocalizationService (184)
[2016.12.18-04.41.55:007][980]LogModuleManager: Shutting down and abandoning module LocalizationDashboard (183)
[2016.12.18-04.41.55:007][980]LogModuleManager: Shutting down and abandoning module HardwareTargeting (182)
[2016.12.18-04.41.55:007][980]LogModuleManager: Shutting down and abandoning module DeviceProfileEditor (181)
[2016.12.18-04.41.55:008][980]LogModuleManager: Shutting down and abandoning module UndoHistory (180)
[2016.12.18-04.41.55:008][980]LogModuleManager: Shutting down and abandoning module UserFeedback (179)
[2016.12.18-04.41.55:008][980]LogModuleManager: Shutting down and abandoning module XmlParser (178)
[2016.12.18-04.41.55:008][980]LogModuleManager: Shutting down and abandoning module Blutility (177)
[2016.12.18-04.41.55:008][980]LogModuleManager: Shutting down and abandoning module ProjectTargetPlatformEditor (176)
[2016.12.18-04.41.55:008][980]LogModuleManager: Shutting down and abandoning module ProjectSettingsViewer (175)
[2016.12.18-04.41.55:008][980]LogModuleManager: Shutting down and abandoning module InputBindingEditor (174)
[2016.12.18-04.41.55:014][980]LogModuleManager: Shutting down and abandoning module EditorSettingsViewer (173)
[2016.12.18-04.41.55:015][980]LogModuleManager: Shutting down and abandoning module SettingsEditor (172)
[2016.12.18-04.41.55:015][980]LogModuleManager: Shutting down and abandoning module ProjectLauncher (171)
[2016.12.18-04.41.55:015][980]LogModuleManager: Shutting down and abandoning module SessionFrontend (170)
[2016.12.18-04.41.55:015][980]LogModuleManager: Shutting down and abandoning module ProfilerClient (169)
[2016.12.18-04.41.55:015][980]LogModuleManager: Shutting down and abandoning module TargetDeviceServices (168)
[2016.12.18-04.41.55:015][980]LogModuleManager: Shutting down and abandoning module DeviceManager (167)
[2016.12.18-04.41.55:057][980]LogModuleManager: Shutting down and abandoning module AutomationController (166)
[2016.12.18-04.41.55:057][980]LogModuleManager: Shutting down and abandoning module AutomationWindow (165)
[2016.12.18-04.41.55:057][980]LogModuleManager: Shutting down and abandoning module Layers (164)
[2016.12.18-04.41.55:058][980]LogModuleManager: Shutting down and abandoning module ComponentVisualizers (163)
[2016.12.18-04.41.55:058][980]LogModuleManager: Shutting down and abandoning module DetailCustomizations (162)
[2016.12.18-04.41.55:058][980]LogModuleManager: Shutting down and abandoning module PackagesDialog (161)
[2016.12.18-04.41.55:058][980]LogModuleManager: Shutting down and abandoning module AnimGraph (160)
[2016.12.18-04.41.55:058][980]LogModuleManager: Shutting down and abandoning module Persona (159)
[2016.12.18-04.41.55:058][980]LogModuleManager: Shutting down and abandoning module Kismet (158)
[2016.12.18-04.41.55:073][980]LogModuleManager: Shutting down and abandoning module GraphEditor (157)
[2016.12.18-04.41.55:073][980]LogModuleManager: Shutting down and abandoning module ClassViewer (156)
[2016.12.18-04.41.55:074][980]LogModuleManager: Shutting down and abandoning module Toolbox (155)
[2016.12.18-04.41.55:074][980]LogModuleManager: Shutting down and abandoning module ModuleUI (154)
[2016.12.18-04.41.55:074][980]LogModuleManager: Shutting down and abandoning module MovieSceneTools (153)
[2016.12.18-04.41.55:074][980]LogModuleManager: Shutting down and abandoning module OutputLog (152)
[2016.12.18-04.41.55:074][980]LogModuleManager: Shutting down and abandoning module GammaUI (151)
[2016.12.18-04.41.55:074][980]LogModuleManager: Shutting down and abandoning module Documentation (150)
[2016.12.18-04.41.55:074][980]LogModuleManager: Shutting down and abandoning module Niagara (149)
[2016.12.18-04.41.55:074][980]LogModuleManager: Shutting down and abandoning module StreamingPauseRendering (148)
[2016.12.18-04.41.55:074][980]LogModuleManager: Shutting down and abandoning module AnalyticsET (147)
[2016.12.18-04.41.55:074][980]LogModuleManager: Shutting down and abandoning module PortalServices (146)
[2016.12.18-04.41.55:074][980]LogModuleManager: Shutting down and abandoning module PortalRpc (145)
[2016.12.18-04.41.55:074][980]LogModuleManager: Shutting down and abandoning module MessagingRpc (144)
[2016.12.18-04.41.55:074][980]LogModuleManager: Shutting down and abandoning module GameplayDebugger (143)
[2016.12.18-04.41.55:074][980]LogModuleManager: Shutting down and abandoning module AITestSuite (142)
[2016.12.18-04.41.55:074][980]LogModuleManager: Shutting down and abandoning module AIModule (141)
[2016.12.18-04.41.55:074][980]LogModuleManager: Shutting down and abandoning module ProfilerService (140)
[2016.12.18-04.41.55:248][980]LogModuleManager: Shutting down and abandoning module TaskGraph (139)
[2016.12.18-04.41.55:248][980]LogModuleManager: Shutting down and abandoning module SlateRemote (138)
[2016.12.18-04.41.55:248][980]LogModuleManager: Shutting down and abandoning module SteamVRController (137)
[2016.12.18-04.41.55:248][980]LogModuleManager: Shutting down and abandoning module SteamVR (136)
[2016.12.18-04.41.55:248][980]LogModuleManager: Shutting down and abandoning module ProceduralMeshComponentEditor (135)
[2016.12.18-04.41.55:248][980]LogModuleManager: Shutting down and abandoning module ProceduralMeshComponent (134)
[2016.12.18-04.41.55:248][980]LogModuleManager: Shutting down and abandoning module OculusLibrary (133)
[2016.12.18-04.41.55:248][980]LogModuleManager: Shutting down and abandoning module OculusInput (132)
[2016.12.18-04.41.55:248][980]LogModuleManager: Shutting down and abandoning module CustomMeshComponent (131)
[2016.12.18-04.41.55:248][980]LogModuleManager: Shutting down and abandoning module CableComponent (130)
[2016.12.18-04.41.55:248][980]LogModuleManager: Shutting down and abandoning module ArchVisCharacter (129)
[2016.12.18-04.41.55:248][980]LogModuleManager: Shutting down and abandoning module MediaPlayerEditor (127)
[2016.12.18-04.41.55:248][980]LogModuleManager: Shutting down and abandoning module HTML5Networking (126)
[2016.12.18-04.41.55:248][980]LogModuleManager: Shutting down and abandoning module GeometryCacheEd (125)
[2016.12.18-04.41.55:248][980]LogModuleManager: Shutting down and abandoning module GeometryCache (124)
[2016.12.18-04.41.55:248][980]LogModuleManager: Shutting down and abandoning module AlembicLibrary (123)
[2016.12.18-04.41.55:248][980]LogModuleManager: Shutting down and abandoning module AlembicImporter (122)
[2016.12.18-04.41.55:248][980]LogModuleManager: Shutting down and abandoning module SuperSearch (121)
[2016.12.18-04.41.55:249][980]LogModuleManager: Shutting down and abandoning module SuperSearchEditor (120)
[2016.12.18-04.41.55:249][980]LogModuleManager: Shutting down and abandoning module SpeedTreeImporter (119)
[2016.12.18-04.41.55:249][980]LogModuleManager: Shutting down and abandoning module PluginBrowser (118)
[2016.12.18-04.41.55:249][980]LogModuleManager: Shutting down and abandoning module MobileLauncherProfileWizard (117)
[2016.12.18-04.41.55:249][980]LogModuleManager: Shutting down and abandoning module EpicSurvey (116)
[2016.12.18-04.41.55:249][980]LogModuleManager: Shutting down and abandoning module DesktopPlatform (115)
[2016.12.18-04.41.55:249][980]LogModuleManager: Shutting down and abandoning module VisualStudioSourceCodeAccess (114)
[2016.12.18-04.41.55:249][980]LogModuleManager: Shutting down and abandoning module UObjectPlugin (113)
[2016.12.18-04.41.55:249][980]LogModuleManager: Shutting down and abandoning module SubversionSourceControl (112)
[2016.12.18-04.41.55:249][980]LogModuleManager: Shutting down and abandoning module PerforceSourceControl (111)
[2016.12.18-04.41.55:249][980]LogModuleManager: Shutting down and abandoning module SourceControl (110)
[2016.12.18-04.41.55:249][980]LogModuleManager: Shutting down and abandoning module GitSourceControl (109)
[2016.12.18-04.41.55:249][980]LogModuleManager: Shutting down and abandoning module LightPropagationVolumeEditor (108)
[2016.12.18-04.41.55:249][980]LogModuleManager: Shutting down and abandoning module PaperTiledImporter (107)
[2016.12.18-04.41.55:249][980]LogModuleManager: Shutting down and abandoning module PaperSpriteSheetImporter (106)
[2016.12.18-04.41.55:249][980]LogModuleManager: Shutting down and abandoning module MeshPaint (105)
[2016.12.18-04.41.55:249][980]LogModuleManager: Shutting down and abandoning module FbxAutomationBuilderModule (104)
[2016.12.18-04.41.55:249][980]LogModuleManager: Shutting down and abandoning module PixelInspectorModule (103)
[2016.12.18-04.41.55:249][980]LogModuleManager: Shutting down and abandoning module HotReload (102)
[2016.12.18-04.41.55:249][980]LogDirectoryWatcher: A directory notification for 'C:/Users/Bobby/Desktop/Alpha_Build/Binaries/Win64' was aborted.
[2016.12.18-04.41.55:250][980]LogModuleManager: Shutting down and abandoning module MainFrame (101)
[2016.12.18-04.41.55:250][980]LogModuleManager: Shutting down and abandoning module LevelEditor (100)
[2016.12.18-04.41.55:252][980]LogModuleManager: Shutting down and abandoning module ContentBrowser (99)
[2016.12.18-04.41.55:255][980]LogModuleManager: Shutting down and abandoning module Paper2DEditor (98)
[2016.12.18-04.41.55:255][980]LogModuleManager: Shutting down and abandoning module Alpha (97)
[2016.12.18-04.41.55:255][980]LogModuleManager: Shutting down and abandoning module UdpMessaging (96)
[2016.12.18-04.41.55:356][980]LogModuleManager: Shutting down and abandoning module TcpMessaging (95)
[2016.12.18-04.41.55:456][980]LogModuleManager: Shutting down and abandoning module LightPropagationVolumeRuntime (94)
[2016.12.18-04.41.55:457][980]LogModuleManager: Shutting down and abandoning module Paper2D (93)
[2016.12.18-04.41.55:457][980]LogModuleManager: Shutting down and abandoning module WindowsMoviePlayer (92)
[2016.12.18-04.41.55:457][980]LogModuleManager: Shutting down and abandoning module WmfMedia (91)
[2016.12.18-04.41.55:457][980]LogModuleManager: Shutting down and abandoning module MediaAssets (90)
[2016.12.18-04.41.55:461][980]LogModuleManager: Shutting down and abandoning module GameLiveStreaming (89)
[2016.12.18-04.41.55:461][980]LogModuleManager: Shutting down and abandoning module GameplayTagsEditor (88)
[2016.12.18-04.41.55:461][980]LogModuleManager: Shutting down and abandoning module VREditor (87)
[2016.12.18-04.41.55:461][980]LogModuleManager: Shutting down and abandoning module GameplayTasksEditor (86)
[2016.12.18-04.41.55:461][980]LogModuleManager: Shutting down and abandoning module PropertyEditor (85)
[2016.12.18-04.41.55:461][980]LogModuleManager: Shutting down and abandoning module BehaviorTreeEditor (84)
[2016.12.18-04.41.55:461][980]LogModuleManager: Shutting down and abandoning module FunctionalTesting (83)
[2016.12.18-04.41.55:461][980]LogModuleManager: Shutting down and abandoning module CollisionAnalyzer (82)
[2016.12.18-04.41.55:461][980]LogModuleManager: Shutting down and abandoning module Sequencer (81)
[2016.12.18-04.41.55:462][980]LogModuleManager: Shutting down and abandoning module WorkspaceMenuStructure (80)
[2016.12.18-04.41.55:462][980]LogModuleManager: Shutting down and abandoning module MessageLog (79)
[2016.12.18-04.41.55:462][980]LogModuleManager: Shutting down and abandoning module AssetTools (78)
[2016.12.18-04.41.55:462][980]LogModuleManager: Shutting down and abandoning module UMGEditor (77)
[2016.12.18-04.41.55:462][980]LogModuleManager: Shutting down and abandoning module UMG (76)
[2016.12.18-04.41.55:462][980]LogModuleManager: Shutting down and abandoning module SlateReflector (75)
[2016.12.18-04.41.55:462][980]LogModuleManager: Shutting down and abandoning module Slate (74)
[2016.12.18-04.41.55:462][980]LogModuleManager: Shutting down and abandoning module EditorStyle (73)
[2016.12.18-04.41.55:470][980]LogModuleManager: Shutting down and abandoning module SourceCodeAccess (72)
[2016.12.18-04.41.55:470][980]LogModuleManager: Shutting down and abandoning module HeadMountedDisplay (71)
[2016.12.18-04.41.55:470][980]LogModuleManager: Shutting down and abandoning module XAudio2 (70)
[2016.12.18-04.41.55:471][980]LogModuleManager: Shutting down and abandoning module Networking (68)
[2016.12.18-04.41.55:471][980]LogModuleManager: Shutting down and abandoning module Core (67)
[2016.12.18-04.41.55:471][980]LogModuleManager: Shutting down and abandoning module DirectoryWatcher (66)
[2016.12.18-04.41.55:471][980]LogDirectoryWatcher: A directory notification for '../../../Engine/Content/' was aborted.
[2016.12.18-04.41.55:471][980]LogDirectoryWatcher: A directory notification for '../../../../../../Users/Bobby/Desktop/Alpha_Build/Content/' was aborted.
[2016.12.18-04.41.55:472][980]LogDirectoryWatcher: A directory notification for '../../../Engine/Plugins/2D/Paper2D/Content/' was aborted.
[2016.12.18-04.41.55:474][980]LogModuleManager: Shutting down and abandoning module AssetRegistry (65)
[2016.12.18-04.41.55:738][980]LogModuleManager: Shutting down and abandoning module KismetCompiler (64)
[2016.12.18-04.41.55:738][980]LogModuleManager: Shutting down and abandoning module PhysXFormats (63)
[2016.12.18-04.41.55:738][980]LogModuleManager: Shutting down and abandoning module MeshUtilities (62)
[2016.12.18-04.41.55:738][980]LogModuleManager: Shutting down and abandoning module DerivedDataCache (61)
[2016.12.18-04.41.55:766][980]LogDerivedDataCache: Shutdown
[2016.12.18-04.41.55:766][980]LogModuleManager: Shutting down and abandoning module VulkanShaderFormat (60)
[2016.12.18-04.41.55:766][980]LogModuleManager: Shutting down and abandoning module ShaderFormatOpenGL (59)
[2016.12.18-04.41.55:766][980]LogModuleManager: Shutting down and abandoning module ShaderFormatD3D (58)
[2016.12.18-04.41.55:766][980]LogModuleManager: Shutting down and abandoning module MetalShaderFormat (57)
[2016.12.18-04.41.55:766][980]LogModuleManager: Shutting down and abandoning module TextureFormatUncompressed (56)
[2016.12.18-04.41.55:766][980]LogModuleManager: Shutting down and abandoning module TextureFormatPVR (55)
[2016.12.18-04.41.55:766][980]LogModuleManager: Shutting down and abandoning module TextureFormatDXT (54)
[2016.12.18-04.41.55:766][980]LogModuleManager: Shutting down and abandoning module TextureFormatIntelISPCTexComp (53)
[2016.12.18-04.41.55:766][980]LogModuleManager: Shutting down and abandoning module ImageWrapper (52)
[2016.12.18-04.41.55:766][980]LogModuleManager: Shutting down and abandoning module TextureFormatASTC (51)
[2016.12.18-04.41.55:766][980]LogModuleManager: Shutting down and abandoning module TextureFormatAndroid (50)
[2016.12.18-04.41.55:766][980]LogModuleManager: Shutting down and abandoning module AudioFormatOpus (49)
[2016.12.18-04.41.55:766][980]LogModuleManager: Shutting down and abandoning module AudioFormatOgg (48)
[2016.12.18-04.41.55:766][980]LogModuleManager: Shutting down and abandoning module AudioFormatADPCM (47)
[2016.12.18-04.41.55:766][980]LogModuleManager: Shutting down and abandoning module LinuxTargetPlatform (46)
[2016.12.18-04.41.55:767][980]LogModuleManager: Shutting down and abandoning module LinuxServerTargetPlatform (45)
[2016.12.18-04.41.55:767][980]LogModuleManager: Shutting down and abandoning module LinuxNoEditorTargetPlatform (44)
[2016.12.18-04.41.55:767][980]LogModuleManager: Shutting down and abandoning module LinuxClientTargetPlatform (43)
[2016.12.18-04.41.55:767][980]LogModuleManager: Shutting down and abandoning module TVOSTargetPlatform (42)
[2016.12.18-04.41.55:767][980]LogModuleManager: Shutting down and abandoning module Messaging (41)
[2016.12.18-04.41.55:767][980]LogModuleManager: Shutting down and abandoning module IOSTargetPlatform (40)
[2016.12.18-04.41.55:767][980]LogModuleManager: Shutting down and abandoning module HTML5TargetPlatform (39)
[2016.12.18-04.41.55:767][980]LogModuleManager: Shutting down and abandoning module Android_PVRTCTargetPlatform (38)
[2016.12.18-04.41.55:767][980]LogModuleManager: Shutting down and abandoning module Android_MultiTargetPlatform (37)
[2016.12.18-04.41.55:767][980]LogModuleManager: Shutting down and abandoning module Android_ETC2TargetPlatform (36)
[2016.12.18-04.41.55:767][980]LogModuleManager: Shutting down and abandoning module Android_ETC1TargetPlatform (35)
[2016.12.18-04.41.55:767][980]LogModuleManager: Shutting down and abandoning module Android_DXTTargetPlatform (34)
[2016.12.18-04.41.55:767][980]LogModuleManager: Shutting down and abandoning module Android_ATCTargetPlatform (33)
[2016.12.18-04.41.55:767][980]LogModuleManager: Shutting down and abandoning module Android_ASTCTargetPlatform (32)
[2016.12.18-04.41.55:767][980]LogModuleManager: Shutting down and abandoning module AndroidTargetPlatform (31)
[2016.12.18-04.41.55:767][980]LogModuleManager: Shutting down and abandoning module WindowsTargetPlatform (30)
[2016.12.18-04.41.55:767][980]LogModuleManager: Shutting down and abandoning module WindowsServerTargetPlatform (29)
[2016.12.18-04.41.55:767][980]LogModuleManager: Shutting down and abandoning module WindowsNoEditorTargetPlatform (28)
[2016.12.18-04.41.55:767][980]LogModuleManager: Shutting down and abandoning module WindowsClientTargetPlatform (27)
[2016.12.18-04.41.55:767][980]LogModuleManager: Shutting down and abandoning module AllDesktopTargetPlatform (26)
[2016.12.18-04.41.55:767][980]LogModuleManager: Shutting down and abandoning module TargetPlatform (25)
[2016.12.18-04.41.55:767][980]LogModuleManager: Shutting down and abandoning module InputCore (24)
[2016.12.18-04.41.55:767][980]LogModuleManager: Shutting down and abandoning module Settings (23)
[2016.12.18-04.41.55:767][980]LogModuleManager: Shutting down and abandoning module OculusRift (22)
[2016.12.18-04.41.55:767][980]LogModuleManager: Shutting down and abandoning module GearVR (21)
[2016.12.18-04.41.55:767][980]LogModuleManager: Shutting down and abandoning module ExampleDeviceProfileSelector (20)
[2016.12.18-04.41.55:767][980]LogModuleManager: Shutting down and abandoning module OnlineBlueprintSupport (19)
[2016.12.18-04.41.55:767][980]LogModuleManager: Shutting down and abandoning module OnlineSubsystem (17)
[2016.12.18-04.41.55:767][980]LogOnline:Display: Unloading online subsystem: NULL
[2016.12.18-04.41.55:767][980]LogModuleManager: Shutting down and abandoning module HTTP (16)
[2016.12.18-04.41.55:767][980]LogHttp:Display: Http module shutting down, but needs to wait on 1 outstanding Http requests:
[2016.12.18-04.41.55:767][980]LogHttp:Display: 	verb=[POST] url=[https://datarouter.ol.epicgames.com/datarouter/api/v1/public/data?SessionID=%7B015E9B9E-4F33-3726-9FD0-9D96A5AC37AB%7D&AppID=UEEditor.Rocket.Release&AppVersion=4.13.2-3172292%2B%2B%2BUE4%2BRelease-4.13&UserID=03e944dd4ba6cad49d301bb042a69955%7C567d8c797be04f65b4b38e9f6f35d2d9%7C78b9371b-f41d-496b-9055-cee7400808bd&AppEnvironment=datacollector-binary&UploadType=eteventstream] status=Processing
[2016.12.18-04.41.55:775][980]LogModuleManager: Shutting down and abandoning module XMPP (15)
[2016.12.18-04.41.55:775][980]LogModuleManager: Shutting down and abandoning module TextureCompressor (14)
[2016.12.18-04.41.55:775][980]LogModuleManager: Shutting down and abandoning module ShaderCore (13)
[2016.12.18-04.41.55:775][980]LogModuleManager: Shutting down and abandoning module Landscape (12)
[2016.12.18-04.41.55:775][980]LogModuleManager: Shutting down and abandoning module SlateRHIRenderer (11)
[2016.12.18-04.41.55:777][980]LogModuleManager: Shutting down and abandoning module OpenGLDrv (10)
[2016.12.18-04.41.55:777][980]LogModuleManager: Shutting down and abandoning module D3D11RHI (9)
[2016.12.18-04.41.55:777][980]LogModuleManager: Shutting down and abandoning module AnimGraphRuntime (8)
[2016.12.18-04.41.55:777][980]LogModuleManager: Shutting down and abandoning module Renderer (7)
[2016.12.18-04.41.55:777][980]LogModuleManager: Shutting down and abandoning module Engine (6)
[2016.12.18-04.41.55:777][980]LogModuleManager: Shutting down and abandoning module CoreUObject (5)
[2016.12.18-04.41.55:777][980]LogModuleManager: Shutting down and abandoning module NetworkFile (4)
[2016.12.18-04.41.55:777][980]LogModuleManager: Shutting down and abandoning module StreamingFile (3)
[2016.12.18-04.41.55:777][980]LogModuleManager: Shutting down and abandoning module SandboxFile (2)
[2016.12.18-04.41.55:777][980]LogModuleManager: Shutting down and abandoning module PakFile (1)
[2016.12.18-04.41.55:781][980]LogExit: Exiting.
[2016.12.18-04.41.55:784][980]Log file closed, 12/17/16 20:41:55
