Log file open, 12/16/16 17:19:19
LogInit:Display: Running engine for game: Alpha
LogPlatformFile: Not using cached read wrapper
LogInit:Display: RandInit(1309642126) SRandInit(1309642126).
LogTaskGraph: Started task graph with 5 named threads and 8 total threads with 1 sets of task threads.
LogStats: Stats thread started at 0.150312
LogPluginManager: Loaded Plugin Paper2D, From C:/Program Files (x86)/Epic Games/4.13/Engine/Plugins/2D/Paper2D/Paper2D.uplugin
LogPluginManager: Loaded Plugin LightPropagationVolume, From C:/Program Files (x86)/Epic Games/4.13/Engine/Plugins/Blendables/LightPropagationVolume/LightPropagationVolume.uplugin
LogPluginManager: Loaded Plugin BlankPlugin, From C:/Program Files (x86)/Epic Games/4.13/Engine/Plugins/Developer/BlankPlugin/BlankPlugin.uplugin
LogPluginManager: Loaded Plugin CodeLiteSourceCodeAccess, From C:/Program Files (x86)/Epic Games/4.13/Engine/Plugins/Developer/CodeLiteSourceCodeAccess/CodeLiteSourceCodeAccess.uplugin
LogPluginManager: Loaded Plugin GitSourceControl, From C:/Program Files (x86)/Epic Games/4.13/Engine/Plugins/Developer/GitSourceControl/GitSourceControl.uplugin
LogPluginManager: Loaded Plugin KDevelopSourceCodeAccess, From C:/Program Files (x86)/Epic Games/4.13/Engine/Plugins/Developer/KDevelopSourceCodeAccess/KDevelopSourceCodeAccess.uplugin
LogPluginManager: Loaded Plugin NullSourceCodeAccess, From C:/Program Files (x86)/Epic Games/4.13/Engine/Plugins/Developer/NullSourceCodeAccess/NullSourceCodeAccess.uplugin
LogPluginManager: Loaded Plugin OneSkyLocalizationService, From C:/Program Files (x86)/Epic Games/4.13/Engine/Plugins/Developer/OneSkyLocalizationService/OneSkyLocalizationService.uplugin
LogPluginManager: Loaded Plugin PerforceSourceControl, From C:/Program Files (x86)/Epic Games/4.13/Engine/Plugins/Developer/PerforceSourceControl/PerforceSourceControl.uplugin
LogPluginManager: Loaded Plugin SubversionSourceControl, From C:/Program Files (x86)/Epic Games/4.13/Engine/Plugins/Developer/SubversionSourceControl/SubversionSourceControl.uplugin
LogPluginManager: Loaded Plugin UObjectPlugin, From C:/Program Files (x86)/Epic Games/4.13/Engine/Plugins/Developer/UObjectPlugin/UObjectPlugin.uplugin
LogPluginManager: Loaded Plugin VisualStudioSourceCodeAccess, From C:/Program Files (x86)/Epic Games/4.13/Engine/Plugins/Developer/VisualStudioSourceCodeAccess/VisualStudioSourceCodeAccess.uplugin
LogPluginManager: Loaded Plugin XCodeSourceCodeAccess, From C:/Program Files (x86)/Epic Games/4.13/Engine/Plugins/Developer/XCodeSourceCodeAccess/XCodeSourceCodeAccess.uplugin
LogPluginManager: Loaded Plugin EpicSurvey, From C:/Program Files (x86)/Epic Games/4.13/Engine/Plugins/Editor/EpicSurvey/EpicSurvey.uplugin
LogPluginManager: Loaded Plugin MacGraphicsSwitching, From C:/Program Files (x86)/Epic Games/4.13/Engine/Plugins/Editor/MacGraphicsSwitching/MacGraphicsSwitching.uplugin
LogPluginManager: Loaded Plugin MobileLauncherProfileWizard, From C:/Program Files (x86)/Epic Games/4.13/Engine/Plugins/Editor/MobileLauncherProfileWizard/MobileLauncherProfileWizard.uplugin
LogPluginManager: Loaded Plugin PluginBrowser, From C:/Program Files (x86)/Epic Games/4.13/Engine/Plugins/Editor/PluginBrowser/PluginBrowser.uplugin
LogPluginManager: Loaded Plugin SpeedTreeImporter, From C:/Program Files (x86)/Epic Games/4.13/Engine/Plugins/Editor/SpeedTreeImporter/SpeedTreeImporter.uplugin
LogPluginManager: Loaded Plugin SuperSearchEditor, From C:/Program Files (x86)/Epic Games/4.13/Engine/Plugins/Editor/SuperSearchEditor/SuperSearchEditor.uplugin
LogPluginManager: Loaded Plugin AlembicImporter, From C:/Program Files (x86)/Epic Games/4.13/Engine/Plugins/Experimental/AlembicImporter/AlembicImporter.uplugin
LogPluginManager: Loaded Plugin BlueprintStats, From C:/Program Files (x86)/Epic Games/4.13/Engine/Plugins/Experimental/BlueprintStats/BlueprintStats.uplugin
LogPluginManager: Loaded Plugin CharacterAI, From C:/Program Files (x86)/Epic Games/4.13/Engine/Plugins/Experimental/CharacterAI/CharacterAI.uplugin
LogPluginManager: Loaded Plugin CodeEditor, From C:/Program Files (x86)/Epic Games/4.13/Engine/Plugins/Experimental/CodeEditor/CodeEditor.uplugin
LogPluginManager: Loaded Plugin CodeView, From C:/Program Files (x86)/Epic Games/4.13/Engine/Plugins/Experimental/CodeView/CodeView.uplugin
LogPluginManager: Loaded Plugin HTML5Networking, From C:/Program Files (x86)/Epic Games/4.13/Engine/Plugins/Experimental/HTML5Networking/HTML5Networking.uplugin
LogPluginManager: Loaded Plugin LiveEditor, From C:/Program Files (x86)/Epic Games/4.13/Engine/Plugins/Experimental/LiveEditor/LiveEditor.uplugin
LogPluginManager: Loaded Plugin OSVR, From C:/Program Files (x86)/Epic Games/4.13/Engine/Plugins/Experimental/OSVR/OSVR.uplugin
LogPluginManager: Loaded Plugin Phya, From C:/Program Files (x86)/Epic Games/4.13/Engine/Plugins/Experimental/Phya/Phya.uplugin
LogPluginManager: Loaded Plugin SignificanceManager, From C:/Program Files (x86)/Epic Games/4.13/Engine/Plugins/Experimental/SignificanceManager/SignificanceManager.uplugin
LogPluginManager: Loaded Plugin SimpleHMD, From C:/Program Files (x86)/Epic Games/4.13/Engine/Plugins/Experimental/SimpleHMD/SimpleHMD.uplugin
LogPluginManager: Loaded Plugin StereoPanorama, From C:/Program Files (x86)/Epic Games/4.13/Engine/Plugins/Experimental/StereoPanorama/StereoPanorama.uplugin
LogPluginManager: Loaded Plugin StructBox, From C:/Program Files (x86)/Epic Games/4.13/Engine/Plugins/Experimental/StructBox/StructBox.uplugin
LogPluginManager: Loaded Plugin AndroidMedia, From C:/Program Files (x86)/Epic Games/4.13/Engine/Plugins/Media/AndroidMedia/AndroidMedia.uplugin
LogPluginManager: Loaded Plugin AvfMedia, From C:/Program Files (x86)/Epic Games/4.13/Engine/Plugins/Media/AvfMedia/AvfMedia.uplugin
LogPluginManager: Loaded Plugin MediaPlayerEditor, From C:/Program Files (x86)/Epic Games/4.13/Engine/Plugins/Media/MediaPlayerEditor/MediaPlayerEditor.uplugin
LogPluginManager: Loaded Plugin WmfMedia, From C:/Program Files (x86)/Epic Games/4.13/Engine/Plugins/Media/WmfMedia/WmfMedia.uplugin
LogPluginManager: Loaded Plugin MessagingDebugger, From C:/Program Files (x86)/Epic Games/4.13/Engine/Plugins/Messaging/MessagingDebugger/MessagingDebugger.uplugin
LogPluginManager: Loaded Plugin TcpMessaging, From C:/Program Files (x86)/Epic Games/4.13/Engine/Plugins/Messaging/TcpMessaging/TcpMessaging.uplugin
LogPluginManager: Loaded Plugin UdpMessaging, From C:/Program Files (x86)/Epic Games/4.13/Engine/Plugins/Messaging/UdpMessaging/UdpMessaging.uplugin
LogPluginManager: Loaded Plugin LevelSequenceEditor, From C:/Program Files (x86)/Epic Games/4.13/Engine/Plugins/MovieScene/LevelSequenceEditor/LevelSequenceEditor.uplugin
LogPluginManager: Loaded Plugin MatineeToLevelSequence, From C:/Program Files (x86)/Epic Games/4.13/Engine/Plugins/MovieScene/MatineeToLevelSequence/MatineeToLevelSequence.uplugin
LogPluginManager: Loaded Plugin NetcodeUnitTest, From C:/Program Files (x86)/Epic Games/4.13/Engine/Plugins/NetcodeUnitTest/NetcodeUnitTest/NetcodeUnitTest.uplugin
LogPluginManager: Loaded Plugin NUTUnrealEngine4, From C:/Program Files (x86)/Epic Games/4.13/Engine/Plugins/NetcodeUnitTest/NUTUnrealEngine4/NUTUnrealEngine4.uplugin
LogPluginManager: Loaded Plugin OnlineSubsystemGooglePlay, From C:/Program Files (x86)/Epic Games/4.13/Engine/Plugins/Online/Android/OnlineSubsystemGooglePlay/OnlineSubsystemGooglePlay.uplugin
LogPluginManager: Loaded Plugin OnlineSubsystemIOS, From C:/Program Files (x86)/Epic Games/4.13/Engine/Plugins/Online/IOS/OnlineSubsystemIOS/OnlineSubsystemIOS.uplugin
LogPluginManager: Loaded Plugin OnlineFramework, From C:/Program Files (x86)/Epic Games/4.13/Engine/Plugins/Online/OnlineFramework/OnlineFramework.uplugin
LogPluginManager: Loaded Plugin OnlineSubsystem, From C:/Program Files (x86)/Epic Games/4.13/Engine/Plugins/Online/OnlineSubsystem/OnlineSubsystem.uplugin
LogPluginManager: Loaded Plugin OnlineSubsystemAmazon, From C:/Program Files (x86)/Epic Games/4.13/Engine/Plugins/Online/OnlineSubsystemAmazon/OnlineSubsystemAmazon.uplugin
LogPluginManager: Loaded Plugin OnlineSubsystemFacebook, From C:/Program Files (x86)/Epic Games/4.13/Engine/Plugins/Online/OnlineSubsystemFacebook/OnlineSubsystemFacebook.uplugin
LogPluginManager: Loaded Plugin OnlineSubsystemNull, From C:/Program Files (x86)/Epic Games/4.13/Engine/Plugins/Online/OnlineSubsystemNull/OnlineSubsystemNull.uplugin
LogPluginManager: Loaded Plugin OnlineSubsystemOculus, From C:/Program Files (x86)/Epic Games/4.13/Engine/Plugins/Online/OnlineSubsystemOculus/OnlineSubsystemOculus.uplugin
LogPluginManager: Loaded Plugin OnlineSubsystemSteam, From C:/Program Files (x86)/Epic Games/4.13/Engine/Plugins/Online/OnlineSubsystemSteam/OnlineSubsystemSteam.uplugin
LogPluginManager: Loaded Plugin OnlineSubsystemUtils, From C:/Program Files (x86)/Epic Games/4.13/Engine/Plugins/Online/OnlineSubsystemUtils/OnlineSubsystemUtils.uplugin
LogPluginManager: Loaded Plugin IOSTapJoy, From C:/Program Files (x86)/Epic Games/4.13/Engine/Plugins/Runtime/Advertising/IOSTapJoy/IOSTapJoy.uplugin
LogPluginManager: Loaded Plugin AnalyticsBlueprintLibrary, From C:/Program Files (x86)/Epic Games/4.13/Engine/Plugins/Runtime/Analytics/AnalyticsBlueprintLibrary/AnalyticsBlueprintLibrary.uplugin
LogPluginManager: Loaded Plugin AnalyticsMulticast, From C:/Program Files (x86)/Epic Games/4.13/Engine/Plugins/Runtime/Analytics/AnalyticsMulticast/AnalyticsMulticast.uplugin
LogPluginManager: Loaded Plugin Apsalar, From C:/Program Files (x86)/Epic Games/4.13/Engine/Plugins/Runtime/Analytics/Apsalar/Apsalar.uplugin
LogPluginManager: Loaded Plugin FileLogging, From C:/Program Files (x86)/Epic Games/4.13/Engine/Plugins/Runtime/Analytics/FileLogging/FileLogging.uplugin
LogPluginManager: Loaded Plugin Flurry, From C:/Program Files (x86)/Epic Games/4.13/Engine/Plugins/Runtime/Analytics/Flurry/Flurry.uplugin
LogPluginManager: Loaded Plugin AndroidDeviceProfileSelector, From C:/Program Files (x86)/Epic Games/4.13/Engine/Plugins/Runtime/AndroidDeviceProfileSelector/AndroidDeviceProfileSelector.uplugin
LogPluginManager: Loaded Plugin AndroidMoviePlayer, From C:/Program Files (x86)/Epic Games/4.13/Engine/Plugins/Runtime/AndroidMoviePlayer/AndroidMoviePlayer.uplugin
LogPluginManager: Loaded Plugin AppleMoviePlayer, From C:/Program Files (x86)/Epic Games/4.13/Engine/Plugins/Runtime/AppleMoviePlayer/AppleMoviePlayer.uplugin
LogPluginManager: Loaded Plugin ArchVisCharacter, From C:/Program Files (x86)/Epic Games/4.13/Engine/Plugins/Runtime/ArchVisCharacter/ArchVisCharacter.uplugin
LogPluginManager: Loaded Plugin CableComponent, From C:/Program Files (x86)/Epic Games/4.13/Engine/Plugins/Runtime/CableComponent/CableComponent.uplugin
LogPluginManager: Loaded Plugin CustomMeshComponent, From C:/Program Files (x86)/Epic Games/4.13/Engine/Plugins/Runtime/CustomMeshComponent/CustomMeshComponent.uplugin
LogPluginManager: Loaded Plugin ExampleDeviceProfileSelector, From C:/Program Files (x86)/Epic Games/4.13/Engine/Plugins/Runtime/ExampleDeviceProfileSelector/ExampleDeviceProfileSelector.uplugin
LogPluginManager: Loaded Plugin GearVR, From C:/Program Files (x86)/Epic Games/4.13/Engine/Plugins/Runtime/GearVR/GearVR.uplugin
LogPluginManager: Loaded Plugin GoogleVRController, From C:/Program Files (x86)/Epic Games/4.13/Engine/Plugins/Runtime/GoogleVR/GoogleVRController/GoogleVRController.uplugin
LogPluginManager: Loaded Plugin GoogleVRHMD, From C:/Program Files (x86)/Epic Games/4.13/Engine/Plugins/Runtime/GoogleVR/GoogleVRHMD/GoogleVRHMD.uplugin
LogPluginManager: Loaded Plugin IOSDeviceProfileSelector, From C:/Program Files (x86)/Epic Games/4.13/Engine/Plugins/Runtime/IOSDeviceProfileSelector/IOSDeviceProfileSelector.uplugin
LogPluginManager: Loaded Plugin LeapMotion, From C:/Program Files (x86)/Epic Games/4.13/Engine/Plugins/Runtime/LeapMotion/LeapMotion.uplugin
LogPluginManager: Loaded Plugin LinuxDeviceProfileSelector, From C:/Program Files (x86)/Epic Games/4.13/Engine/Plugins/Runtime/LinuxDeviceProfileSelector/LinuxDeviceProfileSelector.uplugin
LogPluginManager: Loaded Plugin LiveEditorListenServer, From C:/Program Files (x86)/Epic Games/4.13/Engine/Plugins/Runtime/LiveEditorListenServer/LiveEditorListenServer.uplugin
LogPluginManager: Loaded Plugin OculusAudio, From C:/Program Files (x86)/Epic Games/4.13/Engine/Plugins/Runtime/OculusAudio/OculusAudio.uplugin
LogPluginManager: Loaded Plugin OculusInput, From C:/Program Files (x86)/Epic Games/4.13/Engine/Plugins/Runtime/OculusInput/OculusInput.uplugin
LogPluginManager: Loaded Plugin OculusLibrary, From C:/Program Files (x86)/Epic Games/4.13/Engine/Plugins/Runtime/OculusLibrary/OculusLibrary.uplugin
LogPluginManager: Loaded Plugin OculusRift, From C:/Program Files (x86)/Epic Games/4.13/Engine/Plugins/Runtime/OculusRift/OculusRift.uplugin
LogPluginManager: Loaded Plugin Oodle, From C:/Program Files (x86)/Epic Games/4.13/Engine/Plugins/Runtime/PacketHandlers/CompressionComponents/Oodle/Oodle.uplugin
LogPluginManager: Loaded Plugin ProceduralMeshComponent, From C:/Program Files (x86)/Epic Games/4.13/Engine/Plugins/Runtime/ProceduralMeshComponent/ProceduralMeshComponent.uplugin
LogPluginManager: Loaded Plugin SoundMod, From C:/Program Files (x86)/Epic Games/4.13/Engine/Plugins/Runtime/SoundMod/SoundMod.uplugin
LogPluginManager: Loaded Plugin SoundVisualizations, From C:/Program Files (x86)/Epic Games/4.13/Engine/Plugins/Runtime/SoundVisualizations/SoundVisualizations.uplugin
LogPluginManager: Loaded Plugin SteamController, From C:/Program Files (x86)/Epic Games/4.13/Engine/Plugins/Runtime/Steam/SteamController/SteamController.uplugin
LogPluginManager: Loaded Plugin SteamVR, From C:/Program Files (x86)/Epic Games/4.13/Engine/Plugins/Runtime/Steam/SteamVR/SteamVR.uplugin
LogPluginManager: Loaded Plugin WebBrowserWidget, From C:/Program Files (x86)/Epic Games/4.13/Engine/Plugins/Runtime/WebBrowserWidget/WebBrowserWidget.uplugin
LogPluginManager: Loaded Plugin WindowsDeviceProfileSelector, From C:/Program Files (x86)/Epic Games/4.13/Engine/Plugins/Runtime/WindowsDeviceProfileSelector/WindowsDeviceProfileSelector.uplugin
LogPluginManager: Loaded Plugin WindowsMoviePlayer, From C:/Program Files (x86)/Epic Games/4.13/Engine/Plugins/Runtime/WindowsMoviePlayer/WindowsMoviePlayer.uplugin
LogPluginManager: Loaded Plugin ScriptPlugin, From C:/Program Files (x86)/Epic Games/4.13/Engine/Plugins/ScriptPlugin/ScriptPlugin.uplugin
LogPluginManager: Loaded Plugin SlateRemote, From C:/Program Files (x86)/Epic Games/4.13/Engine/Plugins/Slate/SlateRemote/SlateRemote.uplugin
LogInit: Using libcurl 7.47.1
LogInit:  - built for x86_64-pc-win32
LogInit:  - supports SSL with WinSSL
LogInit:  - other features:
LogInit:      CURL_VERSION_SSL
LogInit:      CURL_VERSION_IPV6
LogInit:      CURL_VERSION_ASYNCHDNS
LogInit:      CURL_VERSION_LARGEFILE
LogInit:      CURL_VERSION_IDN
LogInit:  CurlRequestOptions (configurable via config and command line):
LogInit:  - bVerifyPeer = false  - Libcurl will NOT verify peer certificate
LogInit:  - bUseHttpProxy = false  - Libcurl will NOT use HTTP proxy
LogInit:  - bDontReuseConnections = false  - Libcurl will reuse connections
LogInit:  - CertBundlePath = nullptr  - Libcurl will use whatever was configured at build time.
LogInit: Build: ++UE4+Release-4.13-CL-3172292
LogInit: Engine Version: 4.13.2-3172292+++UE4+Release-4.13
LogInit: Compatible Engine Version: 4.13.0-3106830+++UE4+Release-4.13
LogInit: Net CL: 3172292
LogDevObjectVersion: Number of dev versions registered: 13
LogDevObjectVersion:   Dev-Blueprints (B0D832E4-1F89-4F0D-ACCF-7EB736FD4AA2): 5
LogDevObjectVersion:   Dev-Build (E1C64328-A22C-4D53-A36C-8E866417BD8C): 0
LogDevObjectVersion:   Dev-Core (375EC13C-06E4-48FB-B500-84F0262A717E): 1
LogDevObjectVersion:   Dev-Editor (E4B068ED-F494-42E9-A231-DA0B2E46BB41): 6
LogDevObjectVersion:   Dev-Framework (CFFC743F-43B0-4480-9391-14DF171D2073): 12
LogDevObjectVersion:   Dev-Mobile (B02B49B5-BB20-44E9-A304-32B752E40360): 0
LogDevObjectVersion:   Dev-Networking (A4E4105C-59A1-49B5-A7C5-40C4547EDFEE): 0
LogDevObjectVersion:   Dev-Online (39C831C9-5AE6-47DC-9A44-9C173E1C8E7C): 0
LogDevObjectVersion:   Dev-Physics (78F01B33-EBEA-4F98-B9B4-84EACCB95AA2): 0
LogDevObjectVersion:   Dev-Platform (6631380F-2D4D-43E0-8009-CF276956A95A): 0
LogDevObjectVersion:   Dev-Rendering (12F88B9F-8875-4AFC-A67C-D90C383ABD29): 4
LogDevObjectVersion:   Dev-Sequencer (7B5AE74C-D270-4C10-A958-57980B212A5A): 0
LogDevObjectVersion:   Dev-VR (D7296918-1DD6-4BDD-9DE2-64A83CC13884): 0
LogInit: Compiled (64-bit): Oct 24 2016 14:29:06
LogInit: Compiled with Visual C++: 19.00.23026.00
LogInit: Build Configuration: Development
LogInit: Branch Name: ++UE4+Release-4.13
LogInit: Command line:  
LogInit: Base directory: C:/Program Files (x86)/Epic Games/4.13/Engine/Binaries/Win64/
LogInit: Installed Engine Build: 1
LogInit: Presizing for max 8388607 objects, including 0 objects not considered by GC, pre-allocating 0 bytes for permanent pool.
LogInit: Object subsystem initialized
[2016.12.17-01.19.20:152][  0]LogInit: Selected Device Profile: [Windows]
[2016.12.17-01.19.20:152][  0]LogInit: Applying CVar settings loaded from the selected device profile: [Windows]
[2016.12.17-01.19.20:164][  0]LogInit: Computer: BOBBY-PC
[2016.12.17-01.19.20:164][  0]LogInit: User: Bobby
[2016.12.17-01.19.20:164][  0]LogInit: CPU Page size=65536, Cores=4
[2016.12.17-01.19.20:164][  0]LogInit: High frequency timer resolution =3.312786 MHz
[2016.12.17-01.19.20:164][  0]LogMemory: Memory total: Physical=16.0GB (16GB approx)
[2016.12.17-01.19.20:164][  0]LogMemory: Platform Memory Stats for Windows
[2016.12.17-01.19.20:164][  0]LogMemory: Process Physical Memory: 259.27 MB used, 259.27 MB peak
[2016.12.17-01.19.20:164][  0]LogMemory: Process Virtual Memory: 259.95 MB used, 259.95 MB peak
[2016.12.17-01.19.20:164][  0]LogMemory: Physical Memory: 8755.50 MB used, 16347.43 MB total
[2016.12.17-01.19.20:164][  0]LogMemory: Virtual Memory: 622.82 MB used, 134217728.00 MB total
[2016.12.17-01.19.20:225][  0]LogTextLocalizationManager: No specific translations for ('en-US') exist, so ('en') translations will be used.
[2016.12.17-01.19.27:162][  0]LogD3D11RHI: D3D11 adapters:
[2016.12.17-01.19.28:068][  0]LogD3D11RHI:    0. 'NVIDIA GeForce GTX 760' (Feature Level 11_0)
[2016.12.17-01.19.28:068][  0]LogD3D11RHI:       2017/0/8173 MB DedicatedVideo/DedicatedSystem/SharedSystem, Outputs:2, VendorId:0x10de
[2016.12.17-01.19.28:073][  0]LogD3D11RHI:    1. 'Microsoft Basic Render Driver' (Feature Level 11_0)
[2016.12.17-01.19.28:073][  0]LogD3D11RHI:       0/0/8173 MB DedicatedVideo/DedicatedSystem/SharedSystem, Outputs:0, VendorId:0x1414
[2016.12.17-01.19.28:073][  0]LogD3D11RHI: Chosen D3D11 Adapter: 0
[2016.12.17-01.19.28:081][  0]LogD3D11RHI: Creating new Direct3DDevice
[2016.12.17-01.19.28:081][  0]LogD3D11RHI:     GPU DeviceId: 0x1187 (for the marketing name, search the web for "GPU Device Id")
[2016.12.17-01.19.28:081][  0]LogWindows: EnumDisplayDevices:
[2016.12.17-01.19.28:082][  0]LogWindows:    0. 'NVIDIA GeForce GTX 760' (P:1 D:1)
[2016.12.17-01.19.28:082][  0]LogWindows:    1. 'NVIDIA GeForce GTX 760' (P:0 D:1)
[2016.12.17-01.19.28:082][  0]LogWindows:    2. 'NVIDIA GeForce GTX 760' (P:0 D:0)
[2016.12.17-01.19.28:083][  0]LogWindows:    3. 'NVIDIA GeForce GTX 760' (P:0 D:0)
[2016.12.17-01.19.28:083][  0]LogWindows: DebugString: FoundDriverCount:4 
[2016.12.17-01.19.28:083][  0]LogD3D11RHI:     Adapter Name: NVIDIA GeForce GTX 760
[2016.12.17-01.19.28:083][  0]LogD3D11RHI:   Driver Version: 375.86 (internal:21.21.13.7586, unified:375.86)
[2016.12.17-01.19.28:083][  0]LogD3D11RHI:      Driver Date: 11-10-2016
[2016.12.17-01.19.28:083][  0]LogRHI: Texture pool is 1361 MB (70% of 1945 MB)
[2016.12.17-01.19.28:852][  0]LogD3D11RHI: Async texture creation enabled
[2016.12.17-01.19.28:938][  0]LogD3D11RHI: GPU Timing Frequency: 1000.000000 (Debug: 2 2)
[2016.12.17-01.19.28:939][  0]LogShaderCompilers: Guid format shader working directory is -3 characters bigger than the processId version (../../../../../../Users/Bobby/Desktop/Alpha_Build/Intermediate/Shaders/WorkingDirectory/6204/).
[2016.12.17-01.19.28:939][  0]LogShaderCompilers: Cleaned the shader compiler working directory 'C:/Users/Bobby/AppData/Local/Temp/UnrealShaderWorkingDir/8D59857B44DCBE0FF29CCBA2BB791832/'.
[2016.12.17-01.19.28:939][  0]LogShaderCompilers:Display: Using Local Shader Compiler.
[2016.12.17-01.19.31:791][  0]LogTemp:Display: Loaded TP AllDesktopTargetPlatform
[2016.12.17-01.19.31:862][  0]LogTemp:Display: Loaded TP WindowsClientTargetPlatform
[2016.12.17-01.19.31:882][  0]LogTemp:Display: Loaded TP WindowsNoEditorTargetPlatform
[2016.12.17-01.19.31:904][  0]LogTemp:Display: Loaded TP WindowsServerTargetPlatform
[2016.12.17-01.19.31:925][  0]LogTemp:Display: Loaded TP WindowsTargetPlatform
[2016.12.17-01.19.31:949][  0]LogTemp:Display: Loaded TP AndroidTargetPlatform
[2016.12.17-01.19.31:962][  0]LogTemp:Display: Loaded TP Android_ASTCTargetPlatform
[2016.12.17-01.19.31:974][  0]LogTemp:Display: Loaded TP Android_ATCTargetPlatform
[2016.12.17-01.19.31:988][  0]LogTemp:Display: Loaded TP Android_DXTTargetPlatform
[2016.12.17-01.19.32:002][  0]LogTemp:Display: Loaded TP Android_ETC1TargetPlatform
[2016.12.17-01.19.32:015][  0]LogTemp:Display: Loaded TP Android_ETC2TargetPlatform
[2016.12.17-01.19.32:046][  0]LogTemp:Display: Loaded TP Android_MultiTargetPlatform
[2016.12.17-01.19.32:046][  0]LogTemp:Display: Loaded TP Android_PVRTCTargetPlatform
[2016.12.17-01.19.32:051][  0]LogTemp:Display: Loaded TP HTML5TargetPlatform
[2016.12.17-01.19.32:085][  0]LogTemp:Display: Loaded TP IOSTargetPlatform
[2016.12.17-01.19.32:096][  0]LogTemp:Display: Loaded TP TVOSTargetPlatform
[2016.12.17-01.19.32:112][  0]LogTemp:Display: Loaded TP LinuxClientTargetPlatform
[2016.12.17-01.19.32:126][  0]LogTemp:Display: Loaded TP LinuxNoEditorTargetPlatform
[2016.12.17-01.19.32:139][  0]LogTemp:Display: Loaded TP LinuxServerTargetPlatform
[2016.12.17-01.19.32:157][  0]LogTemp:Display: Loaded TP LinuxTargetPlatform
[2016.12.17-01.19.32:157][  0]LogTargetPlatformManager:Display: Building Assets For Windows
[2016.12.17-01.19.32:445][  0]LogDerivedDataCache:Display: Max Cache Size: 512 MB
[2016.12.17-01.19.32:549][  0]LogDerivedDataCache: Loaded boot cache 0.10s 64MB C:/Users/Bobby/AppData/Local/UnrealEngine/4.13/DerivedDataCache/Boot.ddc.
[2016.12.17-01.19.32:549][  0]LogDerivedDataCache:Display: Loaded Boot cache: C:/Users/Bobby/AppData/Local/UnrealEngine/4.13/DerivedDataCache/Boot.ddc
[2016.12.17-01.19.32:549][  0]LogDerivedDataCache: FDerivedDataBackendGraph:  Pak pak cache file ../../../../../../Users/Bobby/Desktop/Alpha_Build/DerivedDataCache/DDC.ddp not found, will not use a pak cache.
[2016.12.17-01.19.32:549][  0]LogDerivedDataCache: Unable to find inner node Pak for hierarchical cache Hierarchy.
[2016.12.17-01.19.32:549][  0]LogDerivedDataCache: FDerivedDataBackendGraph:  CompressedPak pak cache file ../../../../../../Users/Bobby/Desktop/Alpha_Build/DerivedDataCache/Compressed.ddp not found, will not use a pak cache.
[2016.12.17-01.19.32:549][  0]LogDerivedDataCache: Unable to find inner node CompressedPak for hierarchical cache Hierarchy.
[2016.12.17-01.19.32:577][  0]LogDerivedDataCache:Display: Pak cache opened for reading ../../../Engine/DerivedDataCache/Compressed.ddp.
[2016.12.17-01.19.32:591][  0]LogDerivedDataCache: Using Local data cache path C:/Users/Bobby/AppData/Local/UnrealEngine/Common/DerivedDataCache: Writable
[2016.12.17-01.19.33:018][  0]LogInit: Selected Device Profile: [Windows]
[2016.12.17-01.19.33:023][  0]LogContentStreaming: Texture pool size is 0.00 MB
[2016.12.17-01.19.33:224][  0]LogMeshUtilities: No automatic mesh reduction module available
[2016.12.17-01.19.33:224][  0]LogMeshUtilities: No automatic mesh merging module available
[2016.12.17-01.19.33:224][  0]LogMeshUtilities: No distributed automatic mesh merging module available
[2016.12.17-01.19.33:492][  0]LogMaterial: Uniform references updated for custom material expression Custom.
[2016.12.17-01.19.34:211][  0]LogNetVersion: GetLocalNetworkVersion: CL: 3106830, ProjectName: alpha, ProjectVersion: , EngineNetworkVersion: 1, GameNetworkVersion: 0, NetworkChecksum: 461884535
[2016.12.17-01.19.34:279][  0]LogAssetRegistry: FAssetRegistry took 0.0273 seconds to start up
[2016.12.17-01.19.34:374][  0]LogPackageLocalizationCache: Processed 3 localized package path(s) for 2 prioritized culture(s) in 0.082566 seconds
[2016.12.17-01.19.34:383][  0]LogUObjectArray: 29778 objects as part of root set at end of initial load.
[2016.12.17-01.19.34:383][  0]LogUObjectAllocator: 6125456 out of 0 bytes used by permanent object pool.
[2016.12.17-01.19.34:383][  0]LogUObjectArray: CloseDisregardForGC: 0/0 objects in disregard for GC pool
[2016.12.17-01.19.34:412][  0]LogInit: WinSock: version 1.1 (2.2), MaxSocks=32767, MaxUdp=65467
[2016.12.17-01.19.35:711][  0]LogSlate: SlateFontCache - WITH_FREETYPE: 1, WITH_HARFBUZZ: 1
[2016.12.17-01.19.35:711][  0]LogSlate: SlateFontCache - WITH_FREETYPE: 1, WITH_HARFBUZZ: 1
[2016.12.17-01.19.37:550][  0]LogTcpMessaging: Initializing TcpMessaging bridge
[2016.12.17-01.19.37:595][  0]LogUdpMessaging: Initializing bridge on interface 0.0.0.0:0 to multicast group 230.0.0.1:6666.
[2016.12.17-01.19.38:269][  0]SourceControl: Info Source control is disabled
[2016.12.17-01.19.38:415][  0]SourceControl: Info Source control is disabled
[2016.12.17-01.19.38:437][  0]SourceControl: Info Source control is disabled
[2016.12.17-01.19.38:459][  0]SourceControl: Info Source control is disabled
[2016.12.17-01.19.39:290][  0]LogEngine: Initializing Engine...
[2016.12.17-01.19.39:294][  0]LogHMD: Failed to initialize OpenVR with code 110
[2016.12.17-01.19.39:623][  0]LogAIModule: Creating AISystem for world Untitled
[2016.12.17-01.19.39:647][  0]LogInit: XAudio2 using 'Speakers (Realtek High Definition Audio)' : 2 channels at 48 kHz using 32 bits per sample (channel mask 0x3)
[2016.12.17-01.19.39:697][  0]LogInit: FAudioDevice initialized.
[2016.12.17-01.19.39:734][  0]LogDerivedDataCache: Saved boot cache 0.04s 64MB C:/Users/Bobby/AppData/Local/UnrealEngine/4.13/DerivedDataCache/Boot.ddc.
[2016.12.17-01.19.39:746][  0]LogInit: Texture streaming: Enabled
[2016.12.17-01.19.39:813][  0]LogInit: Transaction tracking system initialized
[2016.12.17-01.19.39:968][  0]BlueprintLog: New page: Editor Load
[2016.12.17-01.19.40:172][  0]LocalizationService: Info Localization service is disabled
[2016.12.17-01.19.40:316][  0]LogConsoleResponse:Display: 
[2016.12.17-01.19.40:499][  0]LogCook:Display: Max memory allowance for cook 16384mb min free memory 0mb
[2016.12.17-01.19.40:499][  0]LogCook:Display: Mobile HDR setting 1
[2016.12.17-01.19.40:503][  0]LogFileCache: Scanning file cache for directory 'C:/Users/Bobby/Desktop/Alpha_Build/Content/' took 0.02s
[2016.12.17-01.19.40:846][  0]SourceControl: Info Source control is disabled
[2016.12.17-01.19.40:847][  0]Cmd: MAP LOAD FILE="../../../../../../Users/Bobby/Desktop/Alpha_Build/Content/Maps/MainMap.umap" TEMPLATE=0 SHOWPROGRESS=1 FEATURELEVEL=3
[2016.12.17-01.19.40:847][  0]LightingResults: New page: Lighting Build
[2016.12.17-01.19.40:852][  0]MapCheck: New page: Map Check
[2016.12.17-01.19.40:852][  0]LightingResults: New page: Lighting Build
[2016.12.17-01.19.40:895][  0]LogLinker:Warning: Can't find file '/Game/Geometry/Meshes/EmptyLocationMaterial'
[2016.12.17-01.19.40:895][  0]LogLinker:Warning: Can't find file for asset '/Game/Geometry/Meshes/EmptyLocationMaterial' while loading ../../../../../../Users/Bobby/Desktop/Alpha_Build/Content/Geometry/Meshes/EmptyTowerLocation.uasset.
[2016.12.17-01.19.40:896][  0]LoadErrors:Error: Error /Game/Geometry/Meshes/EmptyTowerLocation : Can't find file for asset. /Game/Geometry/Meshes/EmptyLocationMaterial
[2016.12.17-01.19.40:896][  0]LogLinker:Warning: Can't find file '/Game/Geometry/Meshes/EmptyLocationMaterial'
[2016.12.17-01.19.40:896][  0]LogLinker:Warning: Can't find file for asset '/Game/Geometry/Meshes/EmptyLocationMaterial' while loading ../../../../../../Users/Bobby/Desktop/Alpha_Build/Content/Geometry/Meshes/EmptyTowerLocation.uasset.
[2016.12.17-01.19.40:896][  0]LoadErrors:Error: Error /Game/Geometry/Meshes/EmptyTowerLocation : Can't find file for asset. /Game/Geometry/Meshes/EmptyLocationMaterial
[2016.12.17-01.19.40:942][  0]LogLinker:Warning: Can't find file '/Game/Geometry/Meshes/EmptyLocationMaterial'
[2016.12.17-01.19.40:942][  0]LoadErrors: Info Failed to load /Game/Geometry/Meshes/EmptyLocationMaterial.EmptyLocationMaterial Referenced by EmptyTowerLocation
[2016.12.17-01.19.40:943][  0]LogLinker:Warning: Can't find file for asset '/Game/Geometry/Meshes/EmptyLocationMaterial' while loading NULL.
[2016.12.17-01.19.40:943][  0]LoadErrors: Info Failed to load /Game/Geometry/Meshes/EmptyLocationMaterial.EmptyLocationMaterial Referenced by EmptyTowerLocation
[2016.12.17-01.19.47:075][  0]LogAIModule: Creating AISystem for world MainMap
[2016.12.17-01.19.54:114][  0]LogEditorServer: Finished looking for orphan Actors (0.000 secs)
[2016.12.17-01.19.54:138][  0]Cmd: MAP CHECKDEP NOCLEARLOG
[2016.12.17-01.19.54:369][  0]MapCheck: Info Map check complete: 0 Error(s), 0 Warning(s), took 229.857ms to complete.
[2016.12.17-01.19.54:377][  0]LogFileHelpers: Loading map 'MainMap' took 13.531
[2016.12.17-01.19.54:785][  0]LogCollectionManager: Loaded 0 collections in 0.006030 seconds
[2016.12.17-01.19.54:874][  0]LogFileCache: Scanning file cache for directory 'C:/Users/Bobby/Desktop/Alpha_Build/Saved/Collections/' took 0.01s
[2016.12.17-01.19.54:874][  0]LogFileCache: Scanning file cache for directory 'C:/Users/Bobby/Desktop/Alpha_Build/Content/Developers/Bobby/Collections/' took 0.01s
[2016.12.17-01.19.54:874][  0]LogFileCache: Scanning file cache for directory 'C:/Users/Bobby/Desktop/Alpha_Build/Content/Collections/' took 0.01s
[2016.12.17-01.19.54:874][  0]LogCollectionManager: Rebuilt the GUID cache for 0 collections in 0.000004 seconds
[2016.12.17-01.19.54:905][  0]LogContentBrowser: Native class hierarchy populated in 0.0302 seconds. Added 2144 classes and 417 folders.
[2016.12.17-01.19.54:917][  0]LogStats: UGameplayTagsManager::ConstructGameplayTagTree: Construct from data asset -  0.000 s
[2016.12.17-01.19.54:917][  0]LogStats: UGameplayTagsManager::ConstructGameplayTagTree: GameplayTagTreeChangedEvent.Broadcast -  0.000 s
[2016.12.17-01.19.54:923][  0]LogContentBrowser: Native class hierarchy updated for 'GameplayTags' in 0.0064 seconds. Added 12 classes and 0 folders.
[2016.12.17-01.19.54:943][  0]LogContentBrowser: Native class hierarchy updated for 'WidgetCarousel' in 0.0049 seconds. Added 0 classes and 0 folders.
[2016.12.17-01.19.55:125][  0]LogContentBrowser: Native class hierarchy updated for 'AddContentDialog' in 0.0074 seconds. Added 0 classes and 0 folders.
[2016.12.17-01.19.55:138][  0]LogContentBrowser: Native class hierarchy updated for 'SceneOutliner' in 0.0035 seconds. Added 1 classes and 2 folders.
[2016.12.17-01.19.55:170][  0]LogCrashTracker: Crashtracker disabled due to settings.
[2016.12.17-01.19.55:210][  0]LogUObjectGlobals:Warning: Failed to find object 'Class None.'
[2016.12.17-01.19.55:249][  0]LogContentBrowser: Native class hierarchy updated for 'HierarchicalLODOutliner' in 0.0039 seconds. Added 1 classes and 2 folders.
[2016.12.17-01.19.55:249][  0]LogLoad: (Engine Initialization) Total time: 43.35 seconds
[2016.12.17-01.19.55:249][  0]LogLoad: (Engine Initialization) Total Blueprint compile time: 0.07 seconds
[2016.12.17-01.19.55:249][  0]LogExternalProfiler: Found external profiler: VSPerf
[2016.12.17-01.19.55:249][  0]LogExternalProfiler: Using external profiler: VSPerf
[2016.12.17-01.19.55:590][  0]LogOcInput: OculusInput pre-init called
[2016.12.17-01.19.55:641][  0]LogContentStreaming: Texture pool size now 1000 MB
[2016.12.17-01.19.56:256][  0]LogRenderer: Reallocating scene render targets to support 1056x564 (Frame:2).
[2016.12.17-01.19.56:399][  1]LogFileCache: Retrieving MD5 hashes for directory 'C:/Users/Bobby/Desktop/Alpha_Build/Content/' took 0.79s
[2016.12.17-01.19.56:753][  2]LogAssetRegistry: Asset discovery search completed in 22.4959 seconds
[2016.12.17-01.19.56:753][  2]LogCollectionManager: Rebuilt the object cache for 0 collections in 0.000001 seconds (found 0 objects)
[2016.12.17-01.19.56:753][  2]LogCollectionManager: Fixed up redirectors for 0 collections in 0.000033 seconds (updated 0 objects)
[2016.12.17-01.20.47:398][297]Cmd: OBJ SAVEPACKAGE PACKAGE="/Game/UI/test" FILE="../../../../../../Users/Bobby/Desktop/Alpha_Build/Content/UI/test.uasset" SILENT=true
[2016.12.17-01.20.47:405][297]LogSavePackage: Save=5.18ms
[2016.12.17-01.20.47:405][297]LogSavePackage: Moving '../../../../../../Users/Bobby/Desktop/Alpha_Build/Saved/testFDB6847445CFA2F75345BFB5188DC64C.tmp' to '../../../../../../Users/Bobby/Desktop/Alpha_Build/Content/UI/test.uasset'
[2016.12.17-01.20.47:408][297]LogSavePackage:Display: Finished SavePackage ../../../../../../Users/Bobby/Desktop/Alpha_Build/Content/UI/test.uasset
[2016.12.17-01.21.15:812][490]AssetReimport: New page: Outstanding source content changes 9:21:15 AM
[2016.12.17-01.21.15:948][491]LogEditorFactories: Performing atomic reimport of [C:/Users/Bobby/Desktop/Alpha_Build/Content/UI/tempBackground.png]
[2016.12.17-01.21.15:949][491]LogFactory: FactoryCreateFile: Texture2D with ReimportTextureFactory (0 0 C:/Users/Bobby/Desktop/Alpha_Build/Content/UI/tempBackground.png)
[2016.12.17-01.21.22:718][491]LogEditorFactories: -- imported successfully
[2016.12.17-01.21.22:989][492]Cmd: OBJ SAVEPACKAGE PACKAGE="/Game/UI/tempBackground" FILE="../../../../../../Users/Bobby/Desktop/Alpha_Build/Content/UI/tempBackground.uasset" SILENT=true
[2016.12.17-01.21.24:291][492]LogSavePackage: Save=1290.28ms
[2016.12.17-01.21.24:291][492]LogSavePackage: Moving '../../../../../../Users/Bobby/Desktop/Alpha_Build/Saved/tempBackgroundC3B793F243DFF4DF1A7DC9AE15CB711C.tmp' to '../../../../../../Users/Bobby/Desktop/Alpha_Build/Content/UI/tempBackground.uasset'
[2016.12.17-01.21.24:296][492]LogSavePackage:Display: Finished SavePackage ../../../../../../Users/Bobby/Desktop/Alpha_Build/Content/UI/tempBackground.uasset
[2016.12.17-01.21.27:412][721]AssetReimport: Info Reimported asset tempBackground from C:/Users/Bobby/Desktop/Alpha_Build/Content/UI/tempBackground.png.
[2016.12.17-01.21.32:919][958]Cmd: OBJ SAVEPACKAGE PACKAGE="/Game/Maps/MainMap" FILE="../../../../../../Users/Bobby/Desktop/Alpha_Build/Content/Maps/MainMap.umap" SILENT=true AUTOSAVING=false KEEPDIRTY=false
[2016.12.17-01.21.34:088][958]LogSavePackage: Save=1132.75ms
[2016.12.17-01.21.34:088][958]LogSavePackage: Moving '../../../../../../Users/Bobby/Desktop/Alpha_Build/Saved/MainMap0A694928405FE3DD28CFD6873F73E3C5.tmp' to '../../../../../../Users/Bobby/Desktop/Alpha_Build/Content/Maps/MainMap.umap'
[2016.12.17-01.21.34:092][958]LogSavePackage:Display: Finished SavePackage ../../../../../../Users/Bobby/Desktop/Alpha_Build/Content/Maps/MainMap.umap
[2016.12.17-01.21.37:391][146]LogTextFormatter:Warning: Failed to parse argument "RootClass" as a number (using "0" as a fallback). Please check your format string for errors: "Select {RootClass} Class".
[2016.12.17-01.21.39:282][229]LogContentBrowser: Native class hierarchy updated for 'BlueprintGraph' in 0.0100 seconds. Added 112 classes and 0 folders.
[2016.12.17-01.22.54:924][ 28]BlueprintLog: New page: Compile MainMap
[2016.12.17-01.22.54:933][ 28]LogBlueprint:Error: [Compiler PersistentLevel.MainMap] Error Spawn node  K2Node_CreateWidget_0  must have a class specified.
[2016.12.17-01.22.55:241][ 28]BlueprintEditorCompileResults:Error: Error Spawn node  K2Node_CreateWidget_0  must have a class specified.
[2016.12.17-01.22.55:242][ 28]LogBlueprint:Warning: [Compiler PersistentLevel.MainMap] Warning [0223.35] Compile of PersistentLevel.MainMap failed. 1 Fatal Issue(s) 0 Warning(s) [in 317 ms] (/Game/Maps/MainMap.MainMap:PersistentLevel.MainMap)
[2016.12.17-01.23.04:908][684]BlueprintLog: New page: Compile MainMap
[2016.12.17-01.23.06:909][770]LogBlueprintUserMessages: Early PlayInEditor Detection: Level '/Game/Maps/MainMap.MainMap:PersistentLevel' has LevelScriptBlueprint '/Game/Maps/MainMap.MainMap:PersistentLevel.MainMap' with GeneratedClass '/Game/Maps/MainMap.MainMap_C' with ClassGeneratedBy '/Game/Maps/MainMap.MainMap:PersistentLevel.MainMap'
[2016.12.17-01.23.06:910][770]LogPlayLevel: PlayLevel: No blueprints needed recompiling
[2016.12.17-01.23.06:910][770]PIE: New page: PIE session: MainMap (Dec 16, 2016, 9:23:06 AM)
[2016.12.17-01.23.06:910][770]LogPlayLevel: Creating play world package: /Game/Maps/UEDPIE_0_MainMap
[2016.12.17-01.23.07:204][770]LogPlayLevel: PIE: StaticDuplicateObject took: (0.293441s)
[2016.12.17-01.23.07:205][770]LogAIModule: Creating AISystem for world MainMap
[2016.12.17-01.23.07:206][770]LogPlayLevel: PIE: World Init took: (0.002105s)
[2016.12.17-01.23.07:206][770]LogPlayLevel: PIE: Created PIE world by copying editor world from /Game/Maps/MainMap.MainMap to /Game/Maps/UEDPIE_0_MainMap.MainMap (0.296057s)
[2016.12.17-01.23.07:256][770]LogInit: XAudio2 using 'Speakers (Realtek High Definition Audio)' : 2 channels at 48 kHz using 32 bits per sample (channel mask 0x3)
[2016.12.17-01.23.07:288][770]LogInit: FAudioDevice initialized.
[2016.12.17-01.23.07:603][770]LogWorld: Game class is 'AlphaGameMode'
[2016.12.17-01.23.07:679][770]LogWorld: Bringing World /Game/Maps/UEDPIE_0_MainMap.MainMap up for play (max tick rate 0) at 2016.12.16-17.23.07
[2016.12.17-01.23.07:708][770]LogWorld: Bringing up level for play took: 0.102094
[2016.12.17-01.23.07:730][770]LogContentBrowser: Native class hierarchy updated for 'MovieSceneCapture' in 0.0050 seconds. Added 11 classes and 0 folders.
[2016.12.17-01.23.07:730][770]LogGameMode:Display: Match State Changed from EnteringMap to WaitingToStart
[2016.12.17-01.23.07:730][770]LogGameState: Match State Changed from EnteringMap to WaitingToStart
[2016.12.17-01.23.07:730][770]LogGameMode:Display: Match State Changed from WaitingToStart to InProgress
[2016.12.17-01.23.07:738][770]LogGameState: Match State Changed from WaitingToStart to InProgress
[2016.12.17-01.23.07:740][770]PIE: Info Play in editor start time for /Game/Maps/UEDPIE_0_MainMap 0.139
[2016.12.17-01.23.07:741][770]LogBlueprintUserMessages: Late PlayInEditor Detection: Level '/Game/Maps/MainMap.MainMap:PersistentLevel' has LevelScriptBlueprint '/Game/Maps/MainMap.MainMap:PersistentLevel.MainMap' with GeneratedClass '/Game/Maps/MainMap.MainMap_C' with ClassGeneratedBy '/Game/Maps/MainMap.MainMap:PersistentLevel.MainMap'
[2016.12.17-01.23.07:800][770]LogRenderer: Reallocating scene render targets to support 1292x756 (Frame:2956).
[2016.12.17-01.23.13:021][314]LogBlueprintUserMessages: Early EndPlayMap Detection: Level '/Game/Maps/MainMap.MainMap:PersistentLevel' has LevelScriptBlueprint '/Game/Maps/MainMap.MainMap:PersistentLevel.MainMap' with GeneratedClass '/Game/Maps/MainMap.MainMap_C' with ClassGeneratedBy '/Game/Maps/MainMap.MainMap:PersistentLevel.MainMap'
[2016.12.17-01.23.13:063][314]LogBlueprintUserMessages: Late EndPlayMap Detection: Level '/Game/Maps/MainMap.MainMap:PersistentLevel' has LevelScriptBlueprint '/Game/Maps/MainMap.MainMap:PersistentLevel.MainMap' with GeneratedClass '/Game/Maps/MainMap.MainMap_C' with ClassGeneratedBy '/Game/Maps/MainMap.MainMap:PersistentLevel.MainMap'
[2016.12.17-01.23.16:107][495]Cmd: OBJ SAVEPACKAGE PACKAGE="/Game/Maps/MainMap" FILE="../../../../../../Users/Bobby/Desktop/Alpha_Build/Content/Maps/MainMap.umap" SILENT=true AUTOSAVING=false KEEP